<?xml version="1.0" encoding="UTF-8"?>
<testng-results skipped="3" failed="8" total="451" passed="440">
  <reporter-output>
  </reporter-output>
  <suite name="ldaptive" duration-ms="52929" started-at="2016-03-04T21:08:09Z" finished-at="2016-03-04T21:09:02Z">
    <groups>
      <group name="dsml">
        <method signature="DsmlTest.readAndCompareDsmlv1(java.lang.String, java.lang.String)[pri:0, instance:org.ldaptive.io.DsmlTest@64e7619d]" name="readAndCompareDsmlv1" class="org.ldaptive.io.DsmlTest"/>
        <method signature="DsmlTest.searchAndCompareDsmlv1(java.lang.String, java.lang.String)[pri:0, instance:org.ldaptive.io.DsmlTest@64e7619d]" name="searchAndCompareDsmlv1" class="org.ldaptive.io.DsmlTest"/>
      </group> <!-- dsml -->
      <group name="compare">
        <method signature="CompareOperationTest.compare(java.lang.String, java.lang.String, java.lang.String)[pri:0, instance:org.ldaptive.CompareOperationTest@4d6025c5]" name="compare" class="org.ldaptive.CompareOperationTest"/>
        <method signature="CompareOperationTest.compareReferral(java.lang.String, java.lang.String, java.lang.String)[pri:0, instance:org.ldaptive.CompareOperationTest@4d6025c5]" name="compareReferral" class="org.ldaptive.CompareOperationTest"/>
      </group> <!-- compare -->
      <group name="conn">
        <method signature="ConnectionTest.compare()[pri:0, instance:org.ldaptive.ConnectionTest@7f284218]" name="compare" class="org.ldaptive.ConnectionTest"/>
        <method signature="ConnectionTest.modify()[pri:0, instance:org.ldaptive.ConnectionTest@7f284218]" name="modify" class="org.ldaptive.ConnectionTest"/>
        <method signature="ConnectionTest.modifyDn()[pri:0, instance:org.ldaptive.ConnectionTest@7f284218]" name="modifyDn" class="org.ldaptive.ConnectionTest"/>
        <method signature="ConnectionTest.search()[pri:0, instance:org.ldaptive.ConnectionTest@7f284218]" name="search" class="org.ldaptive.ConnectionTest"/>
        <method signature="ConnectionTest.strategyConnect()[pri:0, instance:org.ldaptive.ConnectionTest@7f284218]" name="strategyConnect" class="org.ldaptive.ConnectionTest"/>
      </group> <!-- conn -->
      <group name="auth">
        <method signature="AuthenticatorTest.authenticate(java.lang.String, java.lang.String, java.lang.String, java.lang.String)[pri:0, instance:org.ldaptive.auth.AuthenticatorTest@7d94beb9]" name="authenticate" class="org.ldaptive.auth.AuthenticatorTest"/>
        <method signature="AuthenticatorTest.authenticateAggregate(java.lang.String, java.lang.String, java.lang.String, java.lang.String)[pri:0, instance:org.ldaptive.auth.AuthenticatorTest@7d94beb9]" name="authenticateAggregate" class="org.ldaptive.auth.AuthenticatorTest"/>
        <method signature="AuthenticatorTest.authenticateAuthorizationIdentity(java.lang.String, java.lang.String, java.lang.String, java.lang.String)[pri:0, instance:org.ldaptive.auth.AuthenticatorTest@7d94beb9]" name="authenticateAuthorizationIdentity" class="org.ldaptive.auth.AuthenticatorTest"/>
        <method signature="AuthenticatorTest.authenticateCramMd5(java.lang.String, java.lang.String)[pri:0, instance:org.ldaptive.auth.AuthenticatorTest@7d94beb9]" name="authenticateCramMd5" class="org.ldaptive.auth.AuthenticatorTest"/>
        <method signature="AuthenticatorTest.authenticateDigestMd5(java.lang.String, java.lang.String)[pri:0, instance:org.ldaptive.auth.AuthenticatorTest@7d94beb9]" name="authenticateDigestMd5" class="org.ldaptive.auth.AuthenticatorTest"/>
        <method signature="AuthenticatorTest.authenticateDn(java.lang.String, java.lang.String, java.lang.String, java.lang.String)[pri:0, instance:org.ldaptive.auth.AuthenticatorTest@7d94beb9]" name="authenticateDn" class="org.ldaptive.auth.AuthenticatorTest"/>
        <method signature="AuthenticatorTest.authenticateDnHandler(java.lang.String, java.lang.String, java.lang.String, java.lang.String)[pri:0, instance:org.ldaptive.auth.AuthenticatorTest@7d94beb9]" name="authenticateDnHandler" class="org.ldaptive.auth.AuthenticatorTest"/>
        <method signature="AuthenticatorTest.authenticateDnSsl(java.lang.String, java.lang.String, java.lang.String, java.lang.String)[pri:0, instance:org.ldaptive.auth.AuthenticatorTest@7d94beb9]" name="authenticateDnSsl" class="org.ldaptive.auth.AuthenticatorTest"/>
        <method signature="AuthenticatorTest.authenticateInvalidInput(java.lang.String, java.lang.String, java.lang.String)[pri:0, instance:org.ldaptive.auth.AuthenticatorTest@7d94beb9]" name="authenticateInvalidInput" class="org.ldaptive.auth.AuthenticatorTest"/>
        <method signature="AuthenticatorTest.authenticatePooled(java.lang.String, java.lang.String, java.lang.String, java.lang.String, java.lang.String)[pri:0, instance:org.ldaptive.auth.AuthenticatorTest@7d94beb9]" name="authenticatePooled" class="org.ldaptive.auth.AuthenticatorTest"/>
        <method signature="AuthenticatorTest.authenticateSearchEntry(java.lang.String, java.lang.String, java.lang.String, java.lang.String)[pri:0, instance:org.ldaptive.auth.AuthenticatorTest@7d94beb9]" name="authenticateSearchEntry" class="org.ldaptive.auth.AuthenticatorTest"/>
        <method signature="AuthenticatorTest.authenticateSpecialChars(java.lang.String, java.lang.String)[pri:0, instance:org.ldaptive.auth.AuthenticatorTest@7d94beb9]" name="authenticateSpecialChars" class="org.ldaptive.auth.AuthenticatorTest"/>
        <method signature="AuthenticatorTest.authenticateSsl(java.lang.String, java.lang.String, java.lang.String, java.lang.String)[pri:0, instance:org.ldaptive.auth.AuthenticatorTest@7d94beb9]" name="authenticateSsl" class="org.ldaptive.auth.AuthenticatorTest"/>
        <method signature="AuthenticatorTest.authenticateWhoAmI(java.lang.String, java.lang.String, java.lang.String, java.lang.String)[pri:0, instance:org.ldaptive.auth.AuthenticatorTest@7d94beb9]" name="authenticateWhoAmI" class="org.ldaptive.auth.AuthenticatorTest"/>
        <method signature="AuthenticatorTest.loadProperties(java.lang.String, java.lang.String)[pri:0, instance:org.ldaptive.auth.AuthenticatorTest@7d94beb9]" name="loadProperties" class="org.ldaptive.auth.AuthenticatorTest"/>
        <method signature="AuthenticatorTest.resolveDn(java.lang.String, java.lang.String, java.lang.String)[pri:0, instance:org.ldaptive.auth.AuthenticatorTest@7d94beb9]" name="resolveDn" class="org.ldaptive.auth.AuthenticatorTest"/>
        <method signature="AuthenticatorTest.resolveDnAggregate(java.lang.String)[pri:0, instance:org.ldaptive.auth.AuthenticatorTest@7d94beb9]" name="resolveDnAggregate" class="org.ldaptive.auth.AuthenticatorTest"/>
        <method signature="AuthenticatorTest.resolveDnFormat(java.lang.String, java.lang.String, java.lang.String)[pri:0, instance:org.ldaptive.auth.AuthenticatorTest@7d94beb9]" name="resolveDnFormat" class="org.ldaptive.auth.AuthenticatorTest"/>
        <method signature="AuthenticatorTest.resolveDnVelocity(java.lang.String, java.lang.String, java.lang.String)[pri:0, instance:org.ldaptive.auth.AuthenticatorTest@7d94beb9]" name="resolveDnVelocity" class="org.ldaptive.auth.AuthenticatorTest"/>
      </group> <!-- auth -->
      <group name="servlet">
        <method signature="AttributeValueServletSearchExecutorTest.attributeServlet(java.lang.String, java.lang.String, java.lang.String)[pri:0, instance:org.ldaptive.servlets.AttributeValueServletSearchExecutorTest@1b266842]" name="attributeServlet" class="org.ldaptive.servlets.AttributeValueServletSearchExecutorTest"/>
        <method signature="ServletSearchExecutorTest.dsmlSearchServlet(java.lang.String, java.lang.String, java.lang.String)[pri:0, instance:org.ldaptive.servlets.ServletSearchExecutorTest@7a3793c7]" name="dsmlSearchServlet" class="org.ldaptive.servlets.ServletSearchExecutorTest"/>
        <method signature="ServletSearchExecutorTest.jsonSearchServlet(java.lang.String, java.lang.String, java.lang.String)[pri:0, instance:org.ldaptive.servlets.ServletSearchExecutorTest@7a3793c7]" name="jsonSearchServlet" class="org.ldaptive.servlets.ServletSearchExecutorTest"/>
        <method signature="ServletSearchExecutorTest.ldifSearchServlet(java.lang.String, java.lang.String, java.lang.String)[pri:0, instance:org.ldaptive.servlets.ServletSearchExecutorTest@7a3793c7]" name="ldifSearchServlet" class="org.ldaptive.servlets.ServletSearchExecutorTest"/>
        <method signature="ServletSearchExecutorTest.templatesDsmlSearchServlet(java.lang.String, java.lang.String, java.lang.String)[pri:0, instance:org.ldaptive.servlets.ServletSearchExecutorTest@7a3793c7]" name="templatesDsmlSearchServlet" class="org.ldaptive.servlets.ServletSearchExecutorTest"/>
        <method signature="ServletSearchExecutorTest.templatesJsonSearchServlet(java.lang.String, java.lang.String, java.lang.String)[pri:0, instance:org.ldaptive.servlets.ServletSearchExecutorTest@7a3793c7]" name="templatesJsonSearchServlet" class="org.ldaptive.servlets.ServletSearchExecutorTest"/>
        <method signature="ServletSearchExecutorTest.templatesLdifIgnoreSearchServlet(java.lang.String, java.lang.String, java.lang.String)[pri:0, instance:org.ldaptive.servlets.ServletSearchExecutorTest@7a3793c7]" name="templatesLdifIgnoreSearchServlet" class="org.ldaptive.servlets.ServletSearchExecutorTest"/>
        <method signature="ServletSearchExecutorTest.templatesLdifSearchServlet(java.lang.String, java.lang.String, java.lang.String)[pri:0, instance:org.ldaptive.servlets.ServletSearchExecutorTest@7a3793c7]" name="templatesLdifSearchServlet" class="org.ldaptive.servlets.ServletSearchExecutorTest"/>
      </group> <!-- servlet -->
      <group name="ssl">
        <method signature="TLSSocketFactoryTest.connectSSL(java.lang.String)[pri:0, instance:org.ldaptive.ssl.TLSSocketFactoryTest@651aed93]" name="connectSSL" class="org.ldaptive.ssl.TLSSocketFactoryTest"/>
        <method signature="TLSSocketFactoryTest.connectTLS(java.lang.String)[pri:0, instance:org.ldaptive.ssl.TLSSocketFactoryTest@651aed93]" name="connectTLS" class="org.ldaptive.ssl.TLSSocketFactoryTest"/>
        <method signature="TLSSocketFactoryTest.setEnabledCipherSuites(java.lang.String)[pri:0, instance:org.ldaptive.ssl.TLSSocketFactoryTest@651aed93]" name="setEnabledCipherSuites" class="org.ldaptive.ssl.TLSSocketFactoryTest"/>
        <method signature="TLSSocketFactoryTest.setEnabledProtocols(java.lang.String)[pri:0, instance:org.ldaptive.ssl.TLSSocketFactoryTest@651aed93]" name="setEnabledProtocols" class="org.ldaptive.ssl.TLSSocketFactoryTest"/>
        <method signature="TLSSocketFactoryTest.setSocketConfig(java.lang.String)[pri:0, instance:org.ldaptive.ssl.TLSSocketFactoryTest@651aed93]" name="setSocketConfig" class="org.ldaptive.ssl.TLSSocketFactoryTest"/>
      </group> <!-- ssl -->
      <group name="extended">
        <method signature="CancelOperationTest.cancel(java.lang.String)[pri:0, instance:org.ldaptive.extended.CancelOperationTest@4f4c4b1a]" name="cancel" class="org.ldaptive.extended.CancelOperationTest"/>
        <method signature="PasswordModifyOperationTest.modify(java.lang.String, java.lang.String, java.lang.String)[pri:0, instance:org.ldaptive.extended.PasswordModifyOperationTest@723e88f9]" name="modify" class="org.ldaptive.extended.PasswordModifyOperationTest"/>
        <method signature="WhoAmIOperationTest.whoami()[pri:0, instance:org.ldaptive.extended.WhoAmIOperationTest@5f0fd5a0]" name="whoami" class="org.ldaptive.extended.WhoAmIOperationTest"/>
      </group> <!-- extended -->
      <group name="spring">
        <method signature="SpringTest.testSpringWiring()[pri:0, instance:org.ldaptive.SpringTest@42b3b079]" name="testSpringWiring" class="org.ldaptive.SpringTest"/>
      </group> <!-- spring -->
      <group name="search">
        <method signature="SearchOperationTest.binarySearch(java.lang.String, java.lang.String, java.lang.String, java.lang.String)[pri:0, instance:org.ldaptive.SearchOperationTest@3224a577]" name="binarySearch" class="org.ldaptive.SearchOperationTest"/>
        <method signature="SearchOperationTest.caseChangeSearch(java.lang.String, java.lang.String, java.lang.String, java.lang.String, java.lang.String)[pri:0, instance:org.ldaptive.SearchOperationTest@3224a577]" name="caseChangeSearch" class="org.ldaptive.SearchOperationTest"/>
        <method signature="SearchOperationTest.cramMd5Search(java.lang.String, java.lang.String, java.lang.String, java.lang.String, java.lang.String)[pri:0, instance:org.ldaptive.SearchOperationTest@3224a577]" name="cramMd5Search" class="org.ldaptive.SearchOperationTest"/>
        <method signature="SearchOperationTest.digestMd5Search(java.lang.String, java.lang.String, java.lang.String, java.lang.String, java.lang.String)[pri:0, instance:org.ldaptive.SearchOperationTest@3224a577]" name="digestMd5Search" class="org.ldaptive.SearchOperationTest"/>
        <method signature="SearchOperationTest.executorSearch(java.lang.String, java.lang.String, java.lang.String, java.lang.String, java.lang.String)[pri:0, instance:org.ldaptive.SearchOperationTest@3224a577]" name="executorSearch" class="org.ldaptive.SearchOperationTest"/>
        <method signature="SearchOperationTest.getAttributes(java.lang.String, java.lang.String, java.lang.String)[pri:0, instance:org.ldaptive.SearchOperationTest@3224a577]" name="getAttributes" class="org.ldaptive.SearchOperationTest"/>
        <method signature="SearchOperationTest.getAttributesBase64(java.lang.String, java.lang.String, java.lang.String)[pri:0, instance:org.ldaptive.SearchOperationTest@3224a577]" name="getAttributesBase64" class="org.ldaptive.SearchOperationTest"/>
        <method signature="SearchOperationTest.getSaslMechanisms()[pri:0, instance:org.ldaptive.SearchOperationTest@3224a577]" name="getSaslMechanisms" class="org.ldaptive.SearchOperationTest"/>
        <method signature="SearchOperationTest.getStatsSearch(java.lang.String, java.lang.String)[pri:0, instance:org.ldaptive.SearchOperationTest@3224a577]" name="getStatsSearch" class="org.ldaptive.SearchOperationTest"/>
        <method signature="SearchOperationTest.getSupportedControls()[pri:0, instance:org.ldaptive.SearchOperationTest@3224a577]" name="getSupportedControls" class="org.ldaptive.SearchOperationTest"/>
        <method signature="SearchOperationTest.gssApiSearch(java.lang.String, java.lang.String, java.lang.String, java.lang.String, java.lang.String, java.lang.String, java.lang.String)[pri:0, instance:org.ldaptive.SearchOperationTest@3224a577]" name="gssApiSearch" class="org.ldaptive.SearchOperationTest"/>
        <method signature="SearchOperationTest.jndiSearchScopes(java.lang.String, java.lang.String, java.lang.String, java.lang.String)[pri:0, instance:org.ldaptive.SearchOperationTest@3224a577]" name="jndiSearchScopes" class="org.ldaptive.SearchOperationTest"/>
        <method signature="SearchOperationTest.mergeAttributeSearch(java.lang.String, java.lang.String, java.lang.String, java.lang.String)[pri:0, instance:org.ldaptive.SearchOperationTest@3224a577]" name="mergeAttributeSearch" class="org.ldaptive.SearchOperationTest"/>
        <method signature="SearchOperationTest.mergeDuplicateSearch(java.lang.String, java.lang.String, java.lang.String, java.lang.String)[pri:0, instance:org.ldaptive.SearchOperationTest@3224a577]" name="mergeDuplicateSearch" class="org.ldaptive.SearchOperationTest"/>
        <method signature="SearchOperationTest.mergeSearch(java.lang.String, java.lang.String, java.lang.String, java.lang.String)[pri:0, instance:org.ldaptive.SearchOperationTest@3224a577]" name="mergeSearch" class="org.ldaptive.SearchOperationTest"/>
        <method signature="SearchOperationTest.miscADControlsSearch(java.lang.String, java.lang.String, java.lang.String)[pri:0, instance:org.ldaptive.SearchOperationTest@3224a577]" name="miscADControlsSearch" class="org.ldaptive.SearchOperationTest"/>
        <method signature="SearchOperationTest.pagedSearch(java.lang.String, java.lang.String, java.lang.String, java.lang.String)[pri:0, instance:org.ldaptive.SearchOperationTest@3224a577]" name="pagedSearch" class="org.ldaptive.SearchOperationTest"/>
        <method signature="SearchOperationTest.proxyAuthzSearch(java.lang.String, java.lang.String, java.lang.String, java.lang.String)[pri:0, instance:org.ldaptive.SearchOperationTest@3224a577]" name="proxyAuthzSearch" class="org.ldaptive.SearchOperationTest"/>
        <method signature="SearchOperationTest.rangeHandlerSearch(java.lang.String, java.lang.String, java.lang.String, java.lang.String)[pri:0, instance:org.ldaptive.SearchOperationTest@3224a577]" name="rangeHandlerSearch" class="org.ldaptive.SearchOperationTest"/>
        <method signature="SearchOperationTest.recursiveHandlerSearch(java.lang.String, java.lang.String, java.lang.String, java.lang.String, java.lang.String)[pri:0, instance:org.ldaptive.SearchOperationTest@3224a577]" name="recursiveHandlerSearch" class="org.ldaptive.SearchOperationTest"/>
        <method signature="SearchOperationTest.recursiveHandlerSearch2(java.lang.String, java.lang.String, java.lang.String, java.lang.String)[pri:0, instance:org.ldaptive.SearchOperationTest@3224a577]" name="recursiveHandlerSearch2" class="org.ldaptive.SearchOperationTest"/>
        <method signature="SearchOperationTest.returnAttributesSearch(java.lang.String, java.lang.String, java.lang.String, java.lang.String)[pri:0, instance:org.ldaptive.SearchOperationTest@3224a577]" name="returnAttributesSearch" class="org.ldaptive.SearchOperationTest"/>
        <method signature="SearchOperationTest.rewriteSearch(java.lang.String, java.lang.String, java.lang.String)[pri:0, instance:org.ldaptive.SearchOperationTest@3224a577]" name="rewriteSearch" class="org.ldaptive.SearchOperationTest"/>
        <method signature="SearchOperationTest.saslExternalSearch(java.lang.String, java.lang.String, java.lang.String, java.lang.String, java.lang.String)[pri:0, instance:org.ldaptive.SearchOperationTest@3224a577]" name="saslExternalSearch" class="org.ldaptive.SearchOperationTest"/>
        <method signature="SearchOperationTest.search(java.lang.String, java.lang.String, java.lang.String, java.lang.String, java.lang.String)[pri:0, instance:org.ldaptive.SearchOperationTest@3224a577]" name="search" class="org.ldaptive.SearchOperationTest"/>
        <method signature="SearchOperationTest.searchActiveDirectory(java.lang.String, java.lang.String)[pri:0, instance:org.ldaptive.SearchOperationTest@3224a577]" name="searchActiveDirectory" class="org.ldaptive.SearchOperationTest"/>
        <method signature="SearchOperationTest.searchExceeded(java.lang.String, java.lang.String, int)[pri:0, instance:org.ldaptive.SearchOperationTest@3224a577]" name="searchExceeded" class="org.ldaptive.SearchOperationTest"/>
        <method signature="SearchOperationTest.searchReference(java.lang.String, java.lang.String)[pri:0, instance:org.ldaptive.SearchOperationTest@3224a577]" name="searchReference" class="org.ldaptive.SearchOperationTest"/>
        <method signature="SearchOperationTest.searchReferral(java.lang.String, java.lang.String)[pri:0, instance:org.ldaptive.SearchOperationTest@3224a577]" name="searchReferral" class="org.ldaptive.SearchOperationTest"/>
        <method signature="SearchOperationTest.searchScopes(java.lang.String, java.lang.String, java.lang.String, java.lang.String)[pri:0, instance:org.ldaptive.SearchOperationTest@3224a577]" name="searchScopes" class="org.ldaptive.SearchOperationTest"/>
        <method signature="SearchOperationTest.sortedSearch(java.lang.String, java.lang.String)[pri:0, instance:org.ldaptive.SearchOperationTest@3224a577]" name="sortedSearch" class="org.ldaptive.SearchOperationTest"/>
        <method signature="SearchOperationTest.specialCharsSearch(java.lang.String, java.lang.String, java.lang.String, java.lang.String, java.lang.String, java.lang.String, java.lang.String)[pri:0, instance:org.ldaptive.SearchOperationTest@3224a577]" name="specialCharsSearch" class="org.ldaptive.SearchOperationTest"/>
        <method signature="SearchOperationTest.virtualListViewSearch(java.lang.String, java.lang.String, java.lang.String, java.lang.String)[pri:0, instance:org.ldaptive.SearchOperationTest@3224a577]" name="virtualListViewSearch" class="org.ldaptive.SearchOperationTest"/>
      </group> <!-- search -->
      <group name="bind">
        <method signature="BindOperationTest.bindFailure(java.lang.String)[pri:0, instance:org.ldaptive.BindOperationTest@37911f88]" name="bindFailure" class="org.ldaptive.BindOperationTest"/>
        <method signature="BindOperationTest.bindIdentityControl(java.lang.String, java.lang.String)[pri:0, instance:org.ldaptive.BindOperationTest@37911f88]" name="bindIdentityControl" class="org.ldaptive.BindOperationTest"/>
        <method signature="BindOperationTest.bindSuccess(java.lang.String, java.lang.String)[pri:0, instance:org.ldaptive.BindOperationTest@37911f88]" name="bindSuccess" class="org.ldaptive.BindOperationTest"/>
      </group> <!-- bind -->
      <group name="merge">
        <method signature="MergeOperationTest.merge()[pri:0, instance:org.ldaptive.ext.MergeOperationTest@2cb2fc20]" name="merge" class="org.ldaptive.ext.MergeOperationTest"/>
      </group> <!-- merge -->
      <group name="jaas">
        <method signature="LdapLoginModuleTest.contextSslTest(java.lang.String, java.lang.String, java.lang.String, java.lang.String)[pri:0, instance:org.ldaptive.jaas.LdapLoginModuleTest@4fa1c212]" name="contextSslTest" class="org.ldaptive.jaas.LdapLoginModuleTest"/>
        <method signature="LdapLoginModuleTest.contextTest(java.lang.String, java.lang.String, java.lang.String, java.lang.String)[pri:0, instance:org.ldaptive.jaas.LdapLoginModuleTest@4fa1c212]" name="contextTest" class="org.ldaptive.jaas.LdapLoginModuleTest"/>
        <method signature="LdapLoginModuleTest.dnRolesOnlyContextTest(java.lang.String, java.lang.String, java.lang.String)[pri:0, instance:org.ldaptive.jaas.LdapLoginModuleTest@4fa1c212]" name="dnRolesOnlyContextTest" class="org.ldaptive.jaas.LdapLoginModuleTest"/>
        <method signature="LdapLoginModuleTest.dnRolesOnlyPooledContextTest(java.lang.String, java.lang.String, java.lang.String)[pri:0, instance:org.ldaptive.jaas.LdapLoginModuleTest@4fa1c212]" name="dnRolesOnlyPooledContextTest" class="org.ldaptive.jaas.LdapLoginModuleTest"/>
        <method signature="LdapLoginModuleTest.pooledDnResolverContextTest(java.lang.String, java.lang.String, java.lang.String)[pri:0, instance:org.ldaptive.jaas.LdapLoginModuleTest@4fa1c212]" name="pooledDnResolverContextTest" class="org.ldaptive.jaas.LdapLoginModuleTest"/>
        <method signature="LdapLoginModuleTest.randomContextTest(java.lang.String, java.lang.String, java.lang.String, java.lang.String)[pri:0, instance:org.ldaptive.jaas.LdapLoginModuleTest@4fa1c212]" name="randomContextTest" class="org.ldaptive.jaas.LdapLoginModuleTest"/>
        <method signature="LdapLoginModuleTest.rolesContextTest(java.lang.String, java.lang.String, java.lang.String, java.lang.String)[pri:0, instance:org.ldaptive.jaas.LdapLoginModuleTest@4fa1c212]" name="rolesContextTest" class="org.ldaptive.jaas.LdapLoginModuleTest"/>
        <method signature="LdapLoginModuleTest.rolesOnlyContextTest(java.lang.String, java.lang.String, java.lang.String)[pri:0, instance:org.ldaptive.jaas.LdapLoginModuleTest@4fa1c212]" name="rolesOnlyContextTest" class="org.ldaptive.jaas.LdapLoginModuleTest"/>
        <method signature="LdapLoginModuleTest.rolesRecursiveContextTest(java.lang.String, java.lang.String, java.lang.String, java.lang.String)[pri:0, instance:org.ldaptive.jaas.LdapLoginModuleTest@4fa1c212]" name="rolesRecursiveContextTest" class="org.ldaptive.jaas.LdapLoginModuleTest"/>
        <method signature="LdapLoginModuleTest.springPooledDnResolverContextTest(java.lang.String, java.lang.String, java.lang.String)[pri:0, instance:org.ldaptive.jaas.LdapLoginModuleTest@4fa1c212]" name="springPooledDnResolverContextTest" class="org.ldaptive.jaas.LdapLoginModuleTest"/>
        <method signature="LdapLoginModuleTest.sufficientContextTest(java.lang.String, java.lang.String, java.lang.String, java.lang.String)[pri:0, instance:org.ldaptive.jaas.LdapLoginModuleTest@4fa1c212]" name="sufficientContextTest" class="org.ldaptive.jaas.LdapLoginModuleTest"/>
        <method signature="LdapLoginModuleTest.tryFirstContextTest(java.lang.String, java.lang.String, java.lang.String, java.lang.String)[pri:0, instance:org.ldaptive.jaas.LdapLoginModuleTest@4fa1c212]" name="tryFirstContextTest" class="org.ldaptive.jaas.LdapLoginModuleTest"/>
        <method signature="LdapLoginModuleTest.useFirstContextTest(java.lang.String, java.lang.String, java.lang.String, java.lang.String)[pri:0, instance:org.ldaptive.jaas.LdapLoginModuleTest@4fa1c212]" name="useFirstContextTest" class="org.ldaptive.jaas.LdapLoginModuleTest"/>
      </group> <!-- jaas -->
      <group name="bean">
        <method signature="SearchResultTest.toSearchResults(java.lang.String, java.lang.String, java.lang.String, java.lang.String)[pri:0, instance:org.ldaptive.SearchResultTest@895e367]" name="toSearchResults" class="org.ldaptive.SearchResultTest"/>
      </group> <!-- bean -->
      <group name="cli">
        <method signature="OperationCliTest.compare(java.lang.String)[pri:0, instance:org.ldaptive.cli.OperationCliTest@6f1c29b7]" name="compare" class="org.ldaptive.cli.OperationCliTest"/>
        <method signature="OperationCliTest.search(java.lang.String, java.lang.String)[pri:0, instance:org.ldaptive.cli.OperationCliTest@6f1c29b7]" name="search" class="org.ldaptive.cli.OperationCliTest"/>
      </group> <!-- cli -->
      <group name="beans-spring">
        <method signature="NamespaceHandlerTest.testADAuthenticator()[pri:0, instance:org.ldaptive.beans.spring.NamespaceHandlerTest@7b993c65]" name="testADAuthenticator" class="org.ldaptive.beans.spring.NamespaceHandlerTest"/>
        <method signature="NamespaceHandlerTest.testAnonSearchAuthenticator()[pri:0, instance:org.ldaptive.beans.spring.NamespaceHandlerTest@7b993c65]" name="testAnonSearchAuthenticator" class="org.ldaptive.beans.spring.NamespaceHandlerTest"/>
        <method signature="NamespaceHandlerTest.testBindSearchAuthenticator()[pri:0, instance:org.ldaptive.beans.spring.NamespaceHandlerTest@7b993c65]" name="testBindSearchAuthenticator" class="org.ldaptive.beans.spring.NamespaceHandlerTest"/>
        <method signature="NamespaceHandlerTest.testConnectionConfig()[pri:0, instance:org.ldaptive.beans.spring.NamespaceHandlerTest@7b993c65]" name="testConnectionConfig" class="org.ldaptive.beans.spring.NamespaceHandlerTest"/>
        <method signature="NamespaceHandlerTest.testConnectionFactory()[pri:0, instance:org.ldaptive.beans.spring.NamespaceHandlerTest@7b993c65]" name="testConnectionFactory" class="org.ldaptive.beans.spring.NamespaceHandlerTest"/>
        <method signature="NamespaceHandlerTest.testConnectionPool()[pri:0, instance:org.ldaptive.beans.spring.NamespaceHandlerTest@7b993c65]" name="testConnectionPool" class="org.ldaptive.beans.spring.NamespaceHandlerTest"/>
        <method signature="NamespaceHandlerTest.testDirectAuthenticator()[pri:0, instance:org.ldaptive.beans.spring.NamespaceHandlerTest@7b993c65]" name="testDirectAuthenticator" class="org.ldaptive.beans.spring.NamespaceHandlerTest"/>
        <method signature="NamespaceHandlerTest.testPooledConnectionFactory()[pri:0, instance:org.ldaptive.beans.spring.NamespaceHandlerTest@7b993c65]" name="testPooledConnectionFactory" class="org.ldaptive.beans.spring.NamespaceHandlerTest"/>
        <method signature="NamespaceHandlerTest.testSaslBindSearchAuthenticator()[pri:0, instance:org.ldaptive.beans.spring.NamespaceHandlerTest@7b993c65]" name="testSaslBindSearchAuthenticator" class="org.ldaptive.beans.spring.NamespaceHandlerTest"/>
        <method signature="NamespaceHandlerTest.testSearchExecutor()[pri:0, instance:org.ldaptive.beans.spring.NamespaceHandlerTest@7b993c65]" name="testSearchExecutor" class="org.ldaptive.beans.spring.NamespaceHandlerTest"/>
        <method signature="NamespaceHandlerTest.testSpringWiring()[pri:0, instance:org.ldaptive.beans.spring.NamespaceHandlerTest@7b993c65]" name="testSpringWiring" class="org.ldaptive.beans.spring.NamespaceHandlerTest"/>
      </group> <!-- beans-spring -->
      <group name="beans-generate">
        <method signature="BeanGeneratorTest.generate()[pri:0, instance:org.ldaptive.beans.generate.BeanGeneratorTest@560348e6]" name="generate" class="org.ldaptive.beans.generate.BeanGeneratorTest"/>
        <method signature="BeanGeneratorTest.generateAD()[pri:0, instance:org.ldaptive.beans.generate.BeanGeneratorTest@560348e6]" name="generateAD" class="org.ldaptive.beans.generate.BeanGeneratorTest"/>
      </group> <!-- beans-generate -->
      <group name="templates">
        <method signature="SearchTemplatesExecutorTest.search(java.lang.String)[pri:0, instance:org.ldaptive.templates.SearchTemplatesExecutorTest@4dd6fd0a]" name="search" class="org.ldaptive.templates.SearchTemplatesExecutorTest"/>
      </group> <!-- templates -->
      <group name="ldif">
        <method signature="LdifTest.readAndCompareMultipleLdif(java.lang.String, java.lang.String)[pri:0, instance:org.ldaptive.io.LdifTest@495ee280]" name="readAndCompareMultipleLdif" class="org.ldaptive.io.LdifTest"/>
        <method signature="LdifTest.readAndCompareSortedLdif(java.lang.String, java.lang.String)[pri:0, instance:org.ldaptive.io.LdifTest@495ee280]" name="readAndCompareSortedLdif" class="org.ldaptive.io.LdifTest"/>
        <method signature="LdifTest.searchAndCompareLdif(java.lang.String, java.lang.String)[pri:0, instance:org.ldaptive.io.LdifTest@495ee280]" name="searchAndCompareLdif" class="org.ldaptive.io.LdifTest"/>
      </group> <!-- ldif -->
      <group name="beans-mapper">
        <method signature="LdapEntryMapperTest.mapToLdapEntry(org.ldaptive.beans.LdapEntryMapper, org.ldaptive.LdapEntry)[pri:0, instance:org.ldaptive.beans.LdapEntryMapperTest@1df8b5b8]" name="mapToLdapEntry" class="org.ldaptive.beans.LdapEntryMapperTest"/>
        <method signature="LdapEntryMapperTest.mapToObject(org.ldaptive.beans.LdapEntryMapper, org.ldaptive.LdapEntry)[pri:0, instance:org.ldaptive.beans.LdapEntryMapperTest@1df8b5b8]" name="mapToObject" class="org.ldaptive.beans.LdapEntryMapperTest"/>
      </group> <!-- beans-mapper -->
      <group name="props">
        <method signature="PropertiesTest.jaasProperties(java.lang.String, java.lang.String)[pri:0, instance:org.ldaptive.PropertiesTest@352ff4da]" name="jaasProperties" class="org.ldaptive.PropertiesTest"/>
        <method signature="PropertiesTest.multipleProperties()[pri:0, instance:org.ldaptive.PropertiesTest@352ff4da]" name="multipleProperties" class="org.ldaptive.PropertiesTest"/>
        <method signature="PropertiesTest.nullProperties()[pri:0, instance:org.ldaptive.PropertiesTest@352ff4da]" name="nullProperties" class="org.ldaptive.PropertiesTest"/>
        <method signature="PropertiesTest.parserProperties(java.lang.String, java.lang.String)[pri:0, instance:org.ldaptive.PropertiesTest@352ff4da]" name="parserProperties" class="org.ldaptive.PropertiesTest"/>
      </group> <!-- props -->
      <group name="modify">
        <method signature="ModifyOperationTest.addAttribute(java.lang.String, java.lang.String)[pri:0, instance:org.ldaptive.ModifyOperationTest@3116c353]" name="addAttribute" class="org.ldaptive.ModifyOperationTest"/>
        <method signature="ModifyOperationTest.addAttributes(java.lang.String, java.lang.String)[pri:0, instance:org.ldaptive.ModifyOperationTest@3116c353]" name="addAttributes" class="org.ldaptive.ModifyOperationTest"/>
        <method signature="ModifyOperationTest.replaceAttribute(java.lang.String, java.lang.String)[pri:0, instance:org.ldaptive.ModifyOperationTest@3116c353]" name="replaceAttribute" class="org.ldaptive.ModifyOperationTest"/>
        <method signature="ModifyOperationTest.removeAttribute(java.lang.String, java.lang.String)[pri:0, instance:org.ldaptive.ModifyOperationTest@3116c353]" name="removeAttribute" class="org.ldaptive.ModifyOperationTest"/>
        <method signature="ModifyOperationTest.replaceAttributes(java.lang.String, java.lang.String)[pri:0, instance:org.ldaptive.ModifyOperationTest@3116c353]" name="replaceAttributes" class="org.ldaptive.ModifyOperationTest"/>
        <method signature="ModifyOperationTest.removeAttributes(java.lang.String, java.lang.String)[pri:0, instance:org.ldaptive.ModifyOperationTest@3116c353]" name="removeAttributes" class="org.ldaptive.ModifyOperationTest"/>
      </group> <!-- modify -->
      <group name="async">
        <method signature="AsyncSearchOperationTest.search(java.lang.String, java.lang.String, java.lang.String, java.lang.String)[pri:0, instance:org.ldaptive.async.AsyncSearchOperationTest@609bcfb6]" name="search" class="org.ldaptive.async.AsyncSearchOperationTest"/>
      </group> <!-- async -->
      <group name="control-util">
        <method signature="DirSyncClientTest.execute(java.lang.String, java.lang.String)[pri:0, instance:org.ldaptive.ad.control.util.DirSyncClientTest@239105a8]" name="execute" class="org.ldaptive.ad.control.util.DirSyncClientTest"/>
        <method signature="DirSyncClientTest.executeToCompletion(java.lang.String, java.lang.String)[pri:0, instance:org.ldaptive.ad.control.util.DirSyncClientTest@239105a8]" name="executeToCompletion" class="org.ldaptive.ad.control.util.DirSyncClientTest"/>
        <method signature="NotificationClientTest.execute(java.lang.String)[pri:0, instance:org.ldaptive.ad.control.util.NotificationClientTest@3fce8fd9]" name="execute" class="org.ldaptive.ad.control.util.NotificationClientTest"/>
        <method signature="PagedResultsClientTest.execute(java.lang.String, java.lang.String)[pri:0, instance:org.ldaptive.control.util.PagedResultsClientTest@407a7f2a]" name="execute" class="org.ldaptive.control.util.PagedResultsClientTest"/>
        <method signature="PagedResultsClientTest.executeToCompletion(java.lang.String, java.lang.String)[pri:0, instance:org.ldaptive.control.util.PagedResultsClientTest@407a7f2a]" name="executeToCompletion" class="org.ldaptive.control.util.PagedResultsClientTest"/>
        <method signature="PersistentSearchClientTest.persistentSearch(java.lang.String, java.lang.String, java.lang.String)[pri:0, instance:org.ldaptive.control.util.PersistentSearchClientTest@4ea5b703]" name="persistentSearch" class="org.ldaptive.control.util.PersistentSearchClientTest"/>
        <method signature="SyncReplClientTest.syncReplRefreshAndPersist(java.lang.String, java.lang.String, java.lang.String)[pri:0, instance:org.ldaptive.control.util.SyncReplClientTest@2a7ed1f]" name="syncReplRefreshAndPersist" class="org.ldaptive.control.util.SyncReplClientTest"/>
        <method signature="SyncReplClientTest.syncReplRefreshOnly(java.lang.String, java.lang.String, java.lang.String)[pri:0, instance:org.ldaptive.control.util.SyncReplClientTest@2a7ed1f]" name="syncReplRefreshOnly" class="org.ldaptive.control.util.SyncReplClientTest"/>
        <method signature="VirtualListViewClientTest.execute(java.lang.String, java.lang.String)[pri:0, instance:org.ldaptive.control.util.VirtualListViewClientTest@3fa247d1]" name="execute" class="org.ldaptive.control.util.VirtualListViewClientTest"/>
      </group> <!-- control-util -->
      <group name="beans-manager">
        <method signature="LdapEntryManagerTest.find(org.ldaptive.beans.persistence.LdapEntryManager, org.ldaptive.LdapEntry)[pri:0, instance:org.ldaptive.beans.persistence.LdapEntryManagerTest@23202fce]" name="find" class="org.ldaptive.beans.persistence.LdapEntryManagerTest"/>
      </group> <!-- beans-manager -->
      <group name="search-with-retry">
        <method signature="SearchOperationTest.searchWithRetry(java.lang.String, java.lang.String)[pri:0, instance:org.ldaptive.SearchOperationTest@3224a577]" name="searchWithRetry" class="org.ldaptive.SearchOperationTest"/>
      </group> <!-- search-with-retry -->
      <group name="modifyDn">
        <method signature="ModifyDnOperationTest.modifyDnLdapEntry(java.lang.String, java.lang.String)[pri:0, instance:org.ldaptive.ModifyDnOperationTest@6ea2bc93]" name="modifyDnLdapEntry" class="org.ldaptive.ModifyDnOperationTest"/>
      </group> <!-- modifyDn -->
    </groups>
    <test name="tests" duration-ms="52929" started-at="2016-03-04T21:08:09Z" finished-at="2016-03-04T21:09:02Z">
      <class name="org.ldaptive.ext.MergeOperationTest">
        <test-method status="PASS" signature="createLdapEntry(java.lang.String)[pri:0, instance:org.ldaptive.ext.MergeOperationTest@2cb2fc20]" name="createLdapEntry" is-config="true" duration-ms="10" started-at="2016-03-04T16:08:51Z" finished-at="2016-03-04T16:08:51Z">
          <params>
            <param index="0">
              <value>
                <![CDATA[/org/ldaptive/createLdapEntry-30.ldif]]>
              </value>
            </param>
          </params>
          <reporter-output>
          </reporter-output>
        </test-method> <!-- createLdapEntry -->
        <test-method status="PASS" signature="merge()[pri:0, instance:org.ldaptive.ext.MergeOperationTest@2cb2fc20]" name="merge" duration-ms="10" started-at="2016-03-04T16:08:51Z" finished-at="2016-03-04T16:08:51Z">
          <reporter-output>
          </reporter-output>
        </test-method> <!-- merge -->
        <test-method status="PASS" signature="deleteLdapEntry()[pri:0, instance:org.ldaptive.ext.MergeOperationTest@2cb2fc20]" name="deleteLdapEntry" is-config="true" duration-ms="10" started-at="2016-03-04T16:08:51Z" finished-at="2016-03-04T16:08:51Z">
          <reporter-output>
          </reporter-output>
        </test-method> <!-- deleteLdapEntry -->
      </class> <!-- org.ldaptive.ext.MergeOperationTest -->
      <class name="org.ldaptive.io.LdifTest">
        <test-method status="PASS" signature="createLdapEntry(java.lang.String)[pri:0, instance:org.ldaptive.io.LdifTest@495ee280]" name="createLdapEntry" is-config="true" duration-ms="55" started-at="2016-03-04T16:08:51Z" finished-at="2016-03-04T16:08:51Z">
          <params>
            <param index="0">
              <value>
                <![CDATA[/org/ldaptive/createLdapEntry-14.ldif]]>
              </value>
            </param>
          </params>
          <reporter-output>
          </reporter-output>
        </test-method> <!-- createLdapEntry -->
        <test-method status="PASS" signature="readAndCompareMultipleLdif(java.lang.String, java.lang.String)[pri:0, instance:org.ldaptive.io.LdifTest@495ee280]" name="readAndCompareMultipleLdif" duration-ms="1" started-at="2016-03-04T16:08:51Z" finished-at="2016-03-04T16:08:51Z">
          <params>
            <param index="0">
              <value>
                <![CDATA[/org/ldaptive/multipleEntriesIn.ldif]]>
              </value>
            </param>
            <param index="1">
              <value>
                <![CDATA[/org/ldaptive/multipleEntriesOut.ldif]]>
              </value>
            </param>
          </params>
          <reporter-output>
          </reporter-output>
        </test-method> <!-- readAndCompareMultipleLdif -->
        <test-method status="PASS" signature="readAndCompareSortedLdif(java.lang.String, java.lang.String)[pri:0, instance:org.ldaptive.io.LdifTest@495ee280]" name="readAndCompareSortedLdif" duration-ms="1" started-at="2016-03-04T16:08:51Z" finished-at="2016-03-04T16:08:51Z">
          <params>
            <param index="0">
              <value>
                <![CDATA[/org/ldaptive/dfisher.ldif]]>
              </value>
            </param>
            <param index="1">
              <value>
                <![CDATA[/org/ldaptive/dfisher.sorted.ldif]]>
              </value>
            </param>
          </params>
          <reporter-output>
          </reporter-output>
        </test-method> <!-- readAndCompareSortedLdif -->
        <test-method status="PASS" signature="searchAndCompareLdif(java.lang.String, java.lang.String)[pri:0, instance:org.ldaptive.io.LdifTest@495ee280]" name="searchAndCompareLdif" duration-ms="4" started-at="2016-03-04T16:08:51Z" finished-at="2016-03-04T16:08:51Z">
          <params>
            <param index="0">
              <value>
                <![CDATA[ou=test,dc=vt,dc=edu]]>
              </value>
            </param>
            <param index="1">
              <value>
                <![CDATA[(uid=14)]]>
              </value>
            </param>
          </params>
          <reporter-output>
          </reporter-output>
        </test-method> <!-- searchAndCompareLdif -->
        <test-method status="PASS" signature="deleteLdapEntry()[pri:0, instance:org.ldaptive.io.LdifTest@495ee280]" name="deleteLdapEntry" is-config="true" duration-ms="51" started-at="2016-03-04T16:08:51Z" finished-at="2016-03-04T16:08:51Z">
          <reporter-output>
          </reporter-output>
        </test-method> <!-- deleteLdapEntry -->
      </class> <!-- org.ldaptive.io.LdifTest -->
      <class name="org.ldaptive.ad.control.util.NotificationClientTest">
        <test-method status="PASS" signature="execute(java.lang.String)[pri:0, instance:org.ldaptive.ad.control.util.NotificationClientTest@3fce8fd9]" name="execute" duration-ms="0" started-at="2016-03-04T16:08:09Z" finished-at="2016-03-04T16:08:09Z">
          <params>
            <param index="0">
              <value>
                <![CDATA[uid=1,ou=test,dc=vt,dc=edu]]>
              </value>
            </param>
          </params>
          <reporter-output>
          </reporter-output>
        </test-method> <!-- execute -->
      </class> <!-- org.ldaptive.ad.control.util.NotificationClientTest -->
      <class name="org.ldaptive.beans.generate.BeanGeneratorTest">
        <test-method status="FAIL" signature="generate()[pri:0, instance:org.ldaptive.beans.generate.BeanGeneratorTest@560348e6]" name="generate" duration-ms="30001" started-at="2016-03-04T16:08:18Z" finished-at="2016-03-04T16:08:48Z">
          <exception class="org.testng.internal.thread.ThreadTimeoutException">
            <message>
              <![CDATA[Method org.testng.internal.TestNGMethod.generate() didn't finish within the time-out 30000]]>
            </message>
            <full-stacktrace>
              <![CDATA[org.testng.internal.thread.ThreadTimeoutException: Method org.testng.internal.TestNGMethod.generate() didn't finish within the time-out 30000
	at java.security.AccessController.doPrivileged(Native Method)
	at java.net.URLClassLoader.findClass(URLClassLoader.java:361)
	at java.lang.ClassLoader.loadClass(ClassLoader.java:424)
	at java.lang.ClassLoader.loadClass(ClassLoader.java:411)
	at sun.misc.Launcher$AppClassLoader.loadClass(Launcher.java:331)
	at java.lang.ClassLoader.loadClass(ClassLoader.java:357)
	at org.apache.directory.ldap.client.api.LdapNetworkConnection.abandon(LdapNetworkConnection.java:986)
	at org.apache.directory.ldap.client.api.future.ResponseFuture.cancel(ResponseFuture.java:89)
	at org.apache.directory.ldap.client.api.SearchCursorImpl.next(SearchCursorImpl.java:128)
	at org.ldaptive.provider.apache.ApacheLdapConnection$ApacheLdapSearchIterator.hasNext(ApacheLdapConnection.java:696)
	at org.ldaptive.SearchOperation.readResult(SearchOperation.java:134)
	at org.ldaptive.SearchOperation.executeSearch(SearchOperation.java:104)
	at org.ldaptive.SearchOperation.invoke(SearchOperation.java:85)
	at org.ldaptive.SearchOperation.invoke(SearchOperation.java:15)
	at org.ldaptive.AbstractOperation.execute(AbstractOperation.java:126)
	at org.ldaptive.SearchExecutor.search(SearchExecutor.java:229)
	at org.ldaptive.SearchExecutor.search(SearchExecutor.java:125)
	at org.ldaptive.schema.SchemaFactory.getLdapEntry(SchemaFactory.java:201)
	at org.ldaptive.schema.SchemaFactory.createSchema(SchemaFactory.java:97)
	at org.ldaptive.beans.generate.BeanGeneratorTest.generate(BeanGeneratorTest.java:32)
	at sun.reflect.NativeMethodAccessorImpl.invoke0(Native Method)
	at sun.reflect.NativeMethodAccessorImpl.invoke(NativeMethodAccessorImpl.java:62)
	at sun.reflect.DelegatingMethodAccessorImpl.invoke(DelegatingMethodAccessorImpl.java:43)
	at java.lang.reflect.Method.invoke(Method.java:497)
	at org.testng.internal.MethodInvocationHelper.invokeMethod(MethodInvocationHelper.java:86)
	at org.testng.internal.InvokeMethodRunnable.runOne(InvokeMethodRunnable.java:54)
	at org.testng.internal.InvokeMethodRunnable.run(InvokeMethodRunnable.java:44)
	at java.util.concurrent.Executors$RunnableAdapter.call(Executors.java:511)
	at java.util.concurrent.FutureTask.run(FutureTask.java:266)
	at java.util.concurrent.ThreadPoolExecutor.runWorker(ThreadPoolExecutor.java:1142)
	at java.util.concurrent.ThreadPoolExecutor$Worker.run(ThreadPoolExecutor.java:617)
	at java.lang.Thread.run(Thread.java:745)
]]>
            </full-stacktrace>
          </exception> <!-- org.testng.internal.thread.ThreadTimeoutException -->
          <reporter-output>
          </reporter-output>
        </test-method> <!-- generate -->
        <test-method status="PASS" signature="generateAD()[pri:0, instance:org.ldaptive.beans.generate.BeanGeneratorTest@560348e6]" name="generateAD" duration-ms="0" started-at="2016-03-04T16:08:48Z" finished-at="2016-03-04T16:08:48Z">
          <reporter-output>
          </reporter-output>
        </test-method> <!-- generateAD -->
      </class> <!-- org.ldaptive.beans.generate.BeanGeneratorTest -->
      <class name="org.ldaptive.async.AsyncSearchOperationTest">
        <test-method status="PASS" signature="createLdapEntry(java.lang.String)[pri:0, instance:org.ldaptive.async.AsyncSearchOperationTest@609bcfb6]" name="createLdapEntry" is-config="true" duration-ms="56" started-at="2016-03-04T16:08:09Z" finished-at="2016-03-04T16:08:09Z">
          <params>
            <param index="0">
              <value>
                <![CDATA[/org/ldaptive/createLdapEntry-17.ldif]]>
              </value>
            </param>
          </params>
          <reporter-output>
          </reporter-output>
        </test-method> <!-- createLdapEntry -->
        <test-method status="PASS" signature="search(java.lang.String, java.lang.String, java.lang.String, java.lang.String)[pri:0, instance:org.ldaptive.async.AsyncSearchOperationTest@609bcfb6]" name="search" duration-ms="8" started-at="2016-03-04T16:08:09Z" finished-at="2016-03-04T16:08:09Z">
          <params>
            <param index="0">
              <value>
                <![CDATA[ou=test,dc=vt,dc=edu]]>
              </value>
            </param>
            <param index="1">
              <value>
                <![CDATA[(uid=17)]]>
              </value>
            </param>
            <param index="2">
              <value>
                <![CDATA[departmentNumber|givenName|sn]]>
              </value>
            </param>
            <param index="3">
              <value>
                <![CDATA[/org/ldaptive/searchResults-17.ldif]]>
              </value>
            </param>
          </params>
          <reporter-output>
          </reporter-output>
        </test-method> <!-- search -->
        <test-method status="PASS" signature="deleteLdapEntry()[pri:0, instance:org.ldaptive.async.AsyncSearchOperationTest@609bcfb6]" name="deleteLdapEntry" is-config="true" duration-ms="55" started-at="2016-03-04T16:08:09Z" finished-at="2016-03-04T16:08:09Z">
          <reporter-output>
          </reporter-output>
        </test-method> <!-- deleteLdapEntry -->
      </class> <!-- org.ldaptive.async.AsyncSearchOperationTest -->
      <class name="org.ldaptive.ad.control.util.DirSyncClientTest">
        <test-method status="PASS" signature="createLdapEntry(java.lang.String, java.lang.String, java.lang.String)[pri:0, instance:org.ldaptive.ad.control.util.DirSyncClientTest@239105a8]" name="createLdapEntry" is-config="true" duration-ms="183" started-at="2016-03-04T16:08:09Z" finished-at="2016-03-04T16:08:09Z">
          <params>
            <param index="0">
              <value>
                <![CDATA[/org/ldaptive/createLdapEntry-27.ldif]]>
              </value>
            </param>
            <param index="1">
              <value>
                <![CDATA[/org/ldaptive/createLdapEntry-28.ldif]]>
              </value>
            </param>
            <param index="2">
              <value>
                <![CDATA[/org/ldaptive/createLdapEntry-29.ldif]]>
              </value>
            </param>
          </params>
          <reporter-output>
          </reporter-output>
        </test-method> <!-- createLdapEntry -->
        <test-method status="PASS" signature="execute(java.lang.String, java.lang.String)[pri:0, instance:org.ldaptive.ad.control.util.DirSyncClientTest@239105a8]" name="execute" duration-ms="0" started-at="2016-03-04T16:08:09Z" finished-at="2016-03-04T16:08:09Z">
          <params>
            <param index="0">
              <value>
                <![CDATA[ou=test,dc=vt,dc=edu]]>
              </value>
            </param>
            <param index="1">
              <value>
                <![CDATA[(|(uid=27)(uid=28)(uid=29))]]>
              </value>
            </param>
          </params>
          <reporter-output>
          </reporter-output>
        </test-method> <!-- execute -->
        <test-method status="PASS" signature="executeToCompletion(java.lang.String, java.lang.String)[pri:0, instance:org.ldaptive.ad.control.util.DirSyncClientTest@239105a8]" name="executeToCompletion" duration-ms="0" started-at="2016-03-04T16:08:09Z" finished-at="2016-03-04T16:08:09Z">
          <params>
            <param index="0">
              <value>
                <![CDATA[ou=test,dc=vt,dc=edu]]>
              </value>
            </param>
            <param index="1">
              <value>
                <![CDATA[(|(uid=27)(uid=28)(uid=29))]]>
              </value>
            </param>
          </params>
          <reporter-output>
          </reporter-output>
        </test-method> <!-- executeToCompletion -->
        <test-method status="PASS" signature="deleteLdapEntry()[pri:0, instance:org.ldaptive.ad.control.util.DirSyncClientTest@239105a8]" name="deleteLdapEntry" is-config="true" duration-ms="170" started-at="2016-03-04T16:08:09Z" finished-at="2016-03-04T16:08:09Z">
          <reporter-output>
          </reporter-output>
        </test-method> <!-- deleteLdapEntry -->
      </class> <!-- org.ldaptive.ad.control.util.DirSyncClientTest -->
      <class name="org.ldaptive.control.util.VirtualListViewClientTest">
        <test-method status="PASS" signature="createLdapEntry(java.lang.String, java.lang.String, java.lang.String)[pri:0, instance:org.ldaptive.control.util.VirtualListViewClientTest@3fa247d1]" name="createLdapEntry" is-config="true" duration-ms="156" started-at="2016-03-04T16:08:50Z" finished-at="2016-03-04T16:08:50Z">
          <params>
            <param index="0">
              <value>
                <![CDATA[/org/ldaptive/createLdapEntry-19.ldif]]>
              </value>
            </param>
            <param index="1">
              <value>
                <![CDATA[/org/ldaptive/createLdapEntry-20.ldif]]>
              </value>
            </param>
            <param index="2">
              <value>
                <![CDATA[/org/ldaptive/createLdapEntry-21.ldif]]>
              </value>
            </param>
          </params>
          <reporter-output>
          </reporter-output>
        </test-method> <!-- createLdapEntry -->
        <test-method status="FAIL" signature="execute(java.lang.String, java.lang.String)[pri:0, instance:org.ldaptive.control.util.VirtualListViewClientTest@3fa247d1]" name="execute" duration-ms="16" started-at="2016-03-04T16:08:50Z" finished-at="2016-03-04T16:08:50Z">
          <params>
            <param index="0">
              <value>
                <![CDATA[ou=test,dc=vt,dc=edu]]>
              </value>
            </param>
            <param index="1">
              <value>
                <![CDATA[(|(uid=19)(uid=20)(uid=21))]]>
              </value>
            </param>
          </params>
          <exception class="java.util.NoSuchElementException">
            <full-stacktrace>
              <![CDATA[java.util.NoSuchElementException
	at java.util.LinkedHashMap$LinkedHashIterator.nextNode(LinkedHashMap.java:713)
	at java.util.LinkedHashMap$LinkedValueIterator.next(LinkedHashMap.java:739)
	at org.ldaptive.control.util.VirtualListViewClientTest.execute(VirtualListViewClientTest.java:115)
	at sun.reflect.NativeMethodAccessorImpl.invoke0(Native Method)
	at sun.reflect.NativeMethodAccessorImpl.invoke(NativeMethodAccessorImpl.java:62)
	at sun.reflect.DelegatingMethodAccessorImpl.invoke(DelegatingMethodAccessorImpl.java:43)
	at java.lang.reflect.Method.invoke(Method.java:497)
	at org.testng.internal.MethodInvocationHelper.invokeMethod(MethodInvocationHelper.java:86)
	at org.testng.internal.Invoker.invokeMethod(Invoker.java:643)
	at org.testng.internal.Invoker.invokeTestMethod(Invoker.java:820)
	at org.testng.internal.Invoker.invokeTestMethods(Invoker.java:1128)
	at org.testng.internal.TestMethodWorker.invokeTestMethods(TestMethodWorker.java:129)
	at org.testng.internal.TestMethodWorker.run(TestMethodWorker.java:112)
	at org.testng.TestRunner.privateRun(TestRunner.java:782)
	at org.testng.TestRunner.run(TestRunner.java:632)
	at org.testng.SuiteRunner.runTest(SuiteRunner.java:366)
	at org.testng.SuiteRunner.access$000(SuiteRunner.java:39)
	at org.testng.SuiteRunner$SuiteWorker.run(SuiteRunner.java:400)
	at org.testng.internal.thread.ThreadUtil$2.call(ThreadUtil.java:64)
	at java.util.concurrent.FutureTask.run(FutureTask.java:266)
	at java.util.concurrent.ThreadPoolExecutor.runWorker(ThreadPoolExecutor.java:1142)
	at java.util.concurrent.ThreadPoolExecutor$Worker.run(ThreadPoolExecutor.java:617)
	at java.lang.Thread.run(Thread.java:745)
]]>
            </full-stacktrace>
          </exception> <!-- java.util.NoSuchElementException -->
          <reporter-output>
          </reporter-output>
        </test-method> <!-- execute -->
        <test-method status="PASS" signature="deleteLdapEntry()[pri:0, instance:org.ldaptive.control.util.VirtualListViewClientTest@3fa247d1]" name="deleteLdapEntry" is-config="true" duration-ms="153" started-at="2016-03-04T16:08:50Z" finished-at="2016-03-04T16:08:51Z">
          <reporter-output>
          </reporter-output>
        </test-method> <!-- deleteLdapEntry -->
      </class> <!-- org.ldaptive.control.util.VirtualListViewClientTest -->
      <class name="org.ldaptive.TestControl">
        <test-method status="PASS" signature="setup(java.lang.String, java.lang.String)[pri:0, instance:org.ldaptive.TestControl@72ade7e3]" name="setup" is-config="true" duration-ms="308" started-at="2016-03-04T16:08:09Z" finished-at="2016-03-04T16:08:09Z">
          <params>
            <param index="0">
              <value>
                <![CDATA[${ldapTestsIgnoreLock}]]>
              </value>
            </param>
            <param index="1">
              <value>
                <![CDATA[uid=1,ou=test,dc=vt,dc=edu]]>
              </value>
            </param>
          </params>
          <reporter-output>
          </reporter-output>
        </test-method> <!-- setup -->
      </class> <!-- org.ldaptive.TestControl -->
      <class name="org.ldaptive.control.util.PersistentSearchClientTest">
        <test-method status="PASS" signature="createLdapEntry(java.lang.String)[pri:0, instance:org.ldaptive.control.util.PersistentSearchClientTest@4ea5b703]" name="createLdapEntry" is-config="true" duration-ms="52" started-at="2016-03-04T16:08:50Z" finished-at="2016-03-04T16:08:50Z">
          <params>
            <param index="0">
              <value>
                <![CDATA[/org/ldaptive/createLdapEntry-31.ldif]]>
              </value>
            </param>
          </params>
          <reporter-output>
          </reporter-output>
        </test-method> <!-- createLdapEntry -->
        <test-method status="SKIP" signature="persistentSearch(java.lang.String, java.lang.String, java.lang.String)[pri:0, instance:org.ldaptive.control.util.PersistentSearchClientTest@4ea5b703]" name="persistentSearch" duration-ms="6" started-at="2016-03-04T16:08:50Z" finished-at="2016-03-04T16:08:50Z">
          <params>
            <param index="0">
              <value>
                <![CDATA[cn=Herbert Hoover,ou=test,dc=vt,dc=edu]]>
              </value>
            </param>
            <param index="1">
              <value>
                <![CDATA[cn|mail|objectClass|sn|uid]]>
              </value>
            </param>
            <param index="2">
              <value>
                <![CDATA[/org/ldaptive/persistentSearchResults.ldif]]>
              </value>
            </param>
          </params>
          <exception class="java.lang.UnsupportedOperationException">
            <message>
              <![CDATA[LDAP server does not support this control]]>
            </message>
            <full-stacktrace>
              <![CDATA[java.lang.UnsupportedOperationException: LDAP server does not support this control
	at org.ldaptive.control.util.PersistentSearchClientTest.checkItem(PersistentSearchClientTest.java:192)
	at org.ldaptive.control.util.PersistentSearchClientTest.persistentSearch(PersistentSearchClientTest.java:116)
	at sun.reflect.NativeMethodAccessorImpl.invoke0(Native Method)
	at sun.reflect.NativeMethodAccessorImpl.invoke(NativeMethodAccessorImpl.java:62)
	at sun.reflect.DelegatingMethodAccessorImpl.invoke(DelegatingMethodAccessorImpl.java:43)
	at java.lang.reflect.Method.invoke(Method.java:497)
	at org.testng.internal.MethodInvocationHelper.invokeMethod(MethodInvocationHelper.java:86)
	at org.testng.internal.Invoker.invokeMethod(Invoker.java:643)
	at org.testng.internal.Invoker.invokeTestMethod(Invoker.java:820)
	at org.testng.internal.Invoker.invokeTestMethods(Invoker.java:1128)
	at org.testng.internal.TestMethodWorker.invokeTestMethods(TestMethodWorker.java:129)
	at org.testng.internal.TestMethodWorker.run(TestMethodWorker.java:112)
	at org.testng.TestRunner.privateRun(TestRunner.java:782)
	at org.testng.TestRunner.run(TestRunner.java:632)
	at org.testng.SuiteRunner.runTest(SuiteRunner.java:366)
	at org.testng.SuiteRunner.access$000(SuiteRunner.java:39)
	at org.testng.SuiteRunner$SuiteWorker.run(SuiteRunner.java:400)
	at org.testng.internal.thread.ThreadUtil$2.call(ThreadUtil.java:64)
	at java.util.concurrent.FutureTask.run(FutureTask.java:266)
	at java.util.concurrent.ThreadPoolExecutor.runWorker(ThreadPoolExecutor.java:1142)
	at java.util.concurrent.ThreadPoolExecutor$Worker.run(ThreadPoolExecutor.java:617)
	at java.lang.Thread.run(Thread.java:745)
]]>
            </full-stacktrace>
          </exception> <!-- java.lang.UnsupportedOperationException -->
          <reporter-output>
          </reporter-output>
        </test-method> <!-- persistentSearch -->
        <test-method status="PASS" signature="deleteLdapEntry()[pri:0, instance:org.ldaptive.control.util.PersistentSearchClientTest@4ea5b703]" name="deleteLdapEntry" is-config="true" duration-ms="51" started-at="2016-03-04T16:08:50Z" finished-at="2016-03-04T16:08:50Z">
          <reporter-output>
          </reporter-output>
        </test-method> <!-- deleteLdapEntry -->
      </class> <!-- org.ldaptive.control.util.PersistentSearchClientTest -->
      <class name="org.ldaptive.ModifyDnOperationTest">
        <test-method status="PASS" signature="createLdapEntry(java.lang.String)[pri:0, instance:org.ldaptive.ModifyDnOperationTest@6ea2bc93]" name="createLdapEntry" is-config="true" duration-ms="51" started-at="2016-03-04T16:08:59Z" finished-at="2016-03-04T16:08:59Z">
          <params>
            <param index="0">
              <value>
                <![CDATA[/org/ldaptive/createLdapEntry-5.ldif]]>
              </value>
            </param>
          </params>
          <reporter-output>
          </reporter-output>
        </test-method> <!-- createLdapEntry -->
        <test-method status="PASS" signature="modifyDnLdapEntry(java.lang.String, java.lang.String)[pri:0, instance:org.ldaptive.ModifyDnOperationTest@6ea2bc93]" name="modifyDnLdapEntry" duration-ms="12" started-at="2016-03-04T16:08:59Z" finished-at="2016-03-04T16:08:59Z">
          <params>
            <param index="0">
              <value>
                <![CDATA[cn=James Monroe,ou=test,dc=vt,dc=edu]]>
              </value>
            </param>
            <param index="1">
              <value>
                <![CDATA[cn=James Spence Monroe,ou=test,dc=vt,dc=edu]]>
              </value>
            </param>
          </params>
          <reporter-output>
          </reporter-output>
        </test-method> <!-- modifyDnLdapEntry -->
        <test-method status="PASS" signature="deleteLdapEntry()[pri:0, instance:org.ldaptive.ModifyDnOperationTest@6ea2bc93]" name="deleteLdapEntry" is-config="true" duration-ms="97" started-at="2016-03-04T16:08:59Z" finished-at="2016-03-04T16:08:59Z">
          <reporter-output>
          </reporter-output>
        </test-method> <!-- deleteLdapEntry -->
      </class> <!-- org.ldaptive.ModifyDnOperationTest -->
      <class name="org.ldaptive.BindOperationTest">
        <test-method status="PASS" signature="createLdapEntry(java.lang.String)[pri:0, instance:org.ldaptive.BindOperationTest@37911f88]" name="createLdapEntry" is-config="true" duration-ms="53" started-at="2016-03-04T16:08:49Z" finished-at="2016-03-04T16:08:49Z">
          <params>
            <param index="0">
              <value>
                <![CDATA[/org/ldaptive/createLdapEntry-32.ldif]]>
              </value>
            </param>
          </params>
          <reporter-output>
          </reporter-output>
        </test-method> <!-- createLdapEntry -->
        <test-method status="PASS" signature="bindFailure(java.lang.String)[pri:0, instance:org.ldaptive.BindOperationTest@37911f88]" name="bindFailure" duration-ms="5" started-at="2016-03-04T16:08:49Z" finished-at="2016-03-04T16:08:49Z">
          <params>
            <param index="0">
              <value>
                <![CDATA[cn=Franklin Roosevelt,ou=test,dc=vt,dc=edu]]>
              </value>
            </param>
          </params>
          <reporter-output>
          </reporter-output>
        </test-method> <!-- bindFailure -->
        <test-method status="PASS" signature="bindIdentityControl(java.lang.String, java.lang.String)[pri:0, instance:org.ldaptive.BindOperationTest@37911f88]" name="bindIdentityControl" duration-ms="0" started-at="2016-03-04T16:08:49Z" finished-at="2016-03-04T16:08:49Z">
          <params>
            <param index="0">
              <value>
                <![CDATA[cn=Franklin Roosevelt,ou=test,dc=vt,dc=edu]]>
              </value>
            </param>
            <param index="1">
              <value>
                <![CDATA[password32]]>
              </value>
            </param>
          </params>
          <reporter-output>
          </reporter-output>
        </test-method> <!-- bindIdentityControl -->
        <test-method status="PASS" signature="bindSuccess(java.lang.String, java.lang.String)[pri:0, instance:org.ldaptive.BindOperationTest@37911f88]" name="bindSuccess" duration-ms="5" started-at="2016-03-04T16:08:49Z" finished-at="2016-03-04T16:08:49Z">
          <params>
            <param index="0">
              <value>
                <![CDATA[cn=Franklin Roosevelt,ou=test,dc=vt,dc=edu]]>
              </value>
            </param>
            <param index="1">
              <value>
                <![CDATA[password32]]>
              </value>
            </param>
          </params>
          <reporter-output>
          </reporter-output>
        </test-method> <!-- bindSuccess -->
        <test-method status="PASS" signature="deleteLdapEntry()[pri:0, instance:org.ldaptive.BindOperationTest@37911f88]" name="deleteLdapEntry" is-config="true" duration-ms="52" started-at="2016-03-04T16:08:49Z" finished-at="2016-03-04T16:08:49Z">
          <reporter-output>
          </reporter-output>
        </test-method> <!-- deleteLdapEntry -->
      </class> <!-- org.ldaptive.BindOperationTest -->
      <class name="org.ldaptive.beans.spring.NamespaceHandlerTest">
        <test-method status="PASS" signature="loadContext()[pri:0, instance:org.ldaptive.beans.spring.NamespaceHandlerTest@7b993c65]" name="loadContext" is-config="true" duration-ms="1157" started-at="2016-03-04T16:08:48Z" finished-at="2016-03-04T16:08:49Z">
          <reporter-output>
          </reporter-output>
        </test-method> <!-- loadContext -->
        <test-method status="PASS" signature="testADAuthenticator()[pri:0, instance:org.ldaptive.beans.spring.NamespaceHandlerTest@7b993c65]" name="testADAuthenticator" duration-ms="0" started-at="2016-03-04T16:08:49Z" finished-at="2016-03-04T16:08:49Z">
          <reporter-output>
          </reporter-output>
        </test-method> <!-- testADAuthenticator -->
        <test-method status="PASS" signature="testAnonSearchAuthenticator()[pri:0, instance:org.ldaptive.beans.spring.NamespaceHandlerTest@7b993c65]" name="testAnonSearchAuthenticator" duration-ms="0" started-at="2016-03-04T16:08:49Z" finished-at="2016-03-04T16:08:49Z">
          <reporter-output>
          </reporter-output>
        </test-method> <!-- testAnonSearchAuthenticator -->
        <test-method status="PASS" signature="testConnectionConfig()[pri:0, instance:org.ldaptive.beans.spring.NamespaceHandlerTest@7b993c65]" name="testConnectionConfig" duration-ms="0" started-at="2016-03-04T16:08:49Z" finished-at="2016-03-04T16:08:49Z">
          <reporter-output>
          </reporter-output>
        </test-method> <!-- testConnectionConfig -->
        <test-method status="PASS" signature="testBindSearchAuthenticator()[pri:0, instance:org.ldaptive.beans.spring.NamespaceHandlerTest@7b993c65]" name="testBindSearchAuthenticator" duration-ms="0" started-at="2016-03-04T16:08:49Z" finished-at="2016-03-04T16:08:49Z">
          <reporter-output>
          </reporter-output>
        </test-method> <!-- testBindSearchAuthenticator -->
        <test-method status="PASS" signature="testConnectionFactory()[pri:0, instance:org.ldaptive.beans.spring.NamespaceHandlerTest@7b993c65]" name="testConnectionFactory" duration-ms="0" started-at="2016-03-04T16:08:49Z" finished-at="2016-03-04T16:08:49Z">
          <reporter-output>
          </reporter-output>
        </test-method> <!-- testConnectionFactory -->
        <test-method status="PASS" signature="testConnectionPool()[pri:0, instance:org.ldaptive.beans.spring.NamespaceHandlerTest@7b993c65]" name="testConnectionPool" duration-ms="0" started-at="2016-03-04T16:08:49Z" finished-at="2016-03-04T16:08:49Z">
          <reporter-output>
          </reporter-output>
        </test-method> <!-- testConnectionPool -->
        <test-method status="PASS" signature="testDirectAuthenticator()[pri:0, instance:org.ldaptive.beans.spring.NamespaceHandlerTest@7b993c65]" name="testDirectAuthenticator" duration-ms="0" started-at="2016-03-04T16:08:49Z" finished-at="2016-03-04T16:08:49Z">
          <reporter-output>
          </reporter-output>
        </test-method> <!-- testDirectAuthenticator -->
        <test-method status="PASS" signature="testSearchExecutor()[pri:0, instance:org.ldaptive.beans.spring.NamespaceHandlerTest@7b993c65]" name="testSearchExecutor" duration-ms="1" started-at="2016-03-04T16:08:49Z" finished-at="2016-03-04T16:08:49Z">
          <reporter-output>
          </reporter-output>
        </test-method> <!-- testSearchExecutor -->
        <test-method status="PASS" signature="testPooledConnectionFactory()[pri:0, instance:org.ldaptive.beans.spring.NamespaceHandlerTest@7b993c65]" name="testPooledConnectionFactory" duration-ms="0" started-at="2016-03-04T16:08:49Z" finished-at="2016-03-04T16:08:49Z">
          <reporter-output>
          </reporter-output>
        </test-method> <!-- testPooledConnectionFactory -->
        <test-method status="PASS" signature="testSaslBindSearchAuthenticator()[pri:0, instance:org.ldaptive.beans.spring.NamespaceHandlerTest@7b993c65]" name="testSaslBindSearchAuthenticator" duration-ms="0" started-at="2016-03-04T16:08:49Z" finished-at="2016-03-04T16:08:49Z">
          <reporter-output>
          </reporter-output>
        </test-method> <!-- testSaslBindSearchAuthenticator -->
        <test-method status="PASS" signature="testSpringWiring()[pri:0, instance:org.ldaptive.beans.spring.NamespaceHandlerTest@7b993c65]" name="testSpringWiring" duration-ms="0" started-at="2016-03-04T16:08:49Z" finished-at="2016-03-04T16:08:49Z">
          <reporter-output>
          </reporter-output>
        </test-method> <!-- testSpringWiring -->
        <test-method status="PASS" signature="closePools()[pri:0, instance:org.ldaptive.beans.spring.NamespaceHandlerTest@7b993c65]" name="closePools" is-config="true" duration-ms="28" started-at="2016-03-04T16:08:49Z" finished-at="2016-03-04T16:08:49Z">
          <reporter-output>
          </reporter-output>
        </test-method> <!-- closePools -->
      </class> <!-- org.ldaptive.beans.spring.NamespaceHandlerTest -->
      <class name="org.ldaptive.extended.CancelOperationTest">
        <test-method status="PASS" signature="cancel(java.lang.String)[pri:0, instance:org.ldaptive.extended.CancelOperationTest@4f4c4b1a]" name="cancel" duration-ms="6" started-at="2016-03-04T16:08:51Z" finished-at="2016-03-04T16:08:51Z">
          <params>
            <param index="0">
              <value>
                <![CDATA[ou=test,dc=vt,dc=edu]]>
              </value>
            </param>
          </params>
          <reporter-output>
          </reporter-output>
        </test-method> <!-- cancel -->
      </class> <!-- org.ldaptive.extended.CancelOperationTest -->
      <class name="org.ldaptive.SearchOperationTest">
        <test-method status="PASS" signature="createLdapEntry(java.lang.String)[pri:0, instance:org.ldaptive.SearchOperationTest@3224a577]" name="createLdapEntry" is-config="true" duration-ms="52" started-at="2016-03-04T16:08:59Z" finished-at="2016-03-04T16:08:59Z">
          <params>
            <param index="0">
              <value>
                <![CDATA[/org/ldaptive/createLdapEntry-2.ldif]]>
              </value>
            </param>
          </params>
          <reporter-output>
          </reporter-output>
        </test-method> <!-- createLdapEntry -->
        <test-method status="PASS" signature="createGroupEntry(java.lang.String, java.lang.String, java.lang.String, java.lang.String)[pri:0, instance:org.ldaptive.SearchOperationTest@3224a577]" name="createGroupEntry" is-config="true" duration-ms="254" depends-on-groups="searchInit" started-at="2016-03-04T16:08:59Z" finished-at="2016-03-04T16:08:59Z">
          <params>
            <param index="0">
              <value>
                <![CDATA[/org/ldaptive/createGroupEntry-2.ldif]]>
              </value>
            </param>
            <param index="1">
              <value>
                <![CDATA[/org/ldaptive/createGroupEntry-3.ldif]]>
              </value>
            </param>
            <param index="2">
              <value>
                <![CDATA[/org/ldaptive/createGroupEntry-4.ldif]]>
              </value>
            </param>
            <param index="3">
              <value>
                <![CDATA[/org/ldaptive/createGroupEntry-5.ldif]]>
              </value>
            </param>
          </params>
          <reporter-output>
          </reporter-output>
        </test-method> <!-- createGroupEntry -->
        <test-method status="PASS" signature="openConnection()[pri:0, instance:org.ldaptive.SearchOperationTest@3224a577]" name="openConnection" is-config="true" duration-ms="2" started-at="2016-03-04T16:08:59Z" finished-at="2016-03-04T16:08:59Z">
          <reporter-output>
          </reporter-output>
        </test-method> <!-- openConnection -->
        <test-method status="PASS" signature="createSpecialCharsEntry(java.lang.String)[pri:0, instance:org.ldaptive.SearchOperationTest@3224a577]" name="createSpecialCharsEntry" is-config="true" duration-ms="50" started-at="2016-03-04T16:08:59Z" finished-at="2016-03-04T16:08:59Z">
          <params>
            <param index="0">
              <value>
                <![CDATA[/org/ldaptive/specialChars.ldif]]>
              </value>
            </param>
          </params>
          <reporter-output>
          </reporter-output>
        </test-method> <!-- createSpecialCharsEntry -->
        <test-method status="PASS" signature="binarySearch(java.lang.String, java.lang.String, java.lang.String, java.lang.String)[pri:0, instance:org.ldaptive.SearchOperationTest@3224a577]" name="binarySearch" duration-ms="4" started-at="2016-03-04T16:08:59Z" finished-at="2016-03-04T16:08:59Z">
          <params>
            <param index="0">
              <value>
                <![CDATA[ou=test,dc=vt,dc=edu]]>
              </value>
            </param>
            <param index="1">
              <value>
                <![CDATA[(uid=2)]]>
              </value>
            </param>
            <param index="2">
              <value>
                <![CDATA[jpegPhoto]]>
              </value>
            </param>
            <param index="3">
              <value>
                <![CDATA[/9j/4AAQSkZJRgABAQEASABIAAD//gATQ3JlYXRlZCB3aXRoIEdJTVD/2wBDAFA3PEY8MlBGQUZaVVBfeMiCeG5uePWvuZHI////////////////////////////////////////////////////2wBDAVVaWnhpeOuCguv/////////////////////////////////////////////////////////////////////////wAARCAANABcDASIAAhEBAxEB/8QAGAAAAwEBAAAAAAAAAAAAAAAAAAIEAQP/xAAiEAEAAgIABQUAAAAAAAAAAAABAAMCEQQSMUFxISIjMnP/xAAUAQEAAAAAAAAAAAAAAAAAAAAA/8QAFBEBAAAAAAAAAAAAAAAAAAAAAP/aAAwDAQACEQMRAD8A71fHZZW+ge48MWqvG0bLMRcnZvsdpnGH0R0ryvhlAAAdCBPRTXkZ7wHWaEI/D9LP0yhA/9k=]]>
              </value>
            </param>
          </params>
          <reporter-output>
          </reporter-output>
        </test-method> <!-- binarySearch -->
        <test-method status="PASS" signature="caseChangeSearch(java.lang.String, java.lang.String, java.lang.String, java.lang.String, java.lang.String)[pri:0, instance:org.ldaptive.SearchOperationTest@3224a577]" name="caseChangeSearch" duration-ms="8" started-at="2016-03-04T16:08:59Z" finished-at="2016-03-04T16:09:00Z">
          <params>
            <param index="0">
              <value>
                <![CDATA[ou=test,dc=vt,dc=edu]]>
              </value>
            </param>
            <param index="1">
              <value>
                <![CDATA[(uid={0})]]>
              </value>
            </param>
            <param index="2">
              <value>
                <![CDATA[2]]>
              </value>
            </param>
            <param index="3">
              <value>
                <![CDATA[departmentNumber|givenName|sn]]>
              </value>
            </param>
            <param index="4">
              <value>
                <![CDATA[/org/ldaptive/searchResults-2.ldif]]>
              </value>
            </param>
          </params>
          <reporter-output>
          </reporter-output>
        </test-method> <!-- caseChangeSearch -->
        <test-method status="PASS" signature="cramMd5Search(java.lang.String, java.lang.String, java.lang.String, java.lang.String, java.lang.String)[pri:0, instance:org.ldaptive.SearchOperationTest@3224a577]" name="cramMd5Search" duration-ms="4" started-at="2016-03-04T16:09:00Z" finished-at="2016-03-04T16:09:00Z">
          <params>
            <param index="0">
              <value>
                <![CDATA[ou=test,dc=vt,dc=edu]]>
              </value>
            </param>
            <param index="1">
              <value>
                <![CDATA[(uid={0})]]>
              </value>
            </param>
            <param index="2">
              <value>
                <![CDATA[test3]]>
              </value>
            </param>
            <param index="3">
              <value>
                <![CDATA[cn|sn|uid]]>
              </value>
            </param>
            <param index="4">
              <value>
                <![CDATA[/org/ldaptive/test3.ldif]]>
              </value>
            </param>
          </params>
          <reporter-output>
          </reporter-output>
        </test-method> <!-- cramMd5Search -->
        <test-method status="PASS" signature="digestMd5Search(java.lang.String, java.lang.String, java.lang.String, java.lang.String, java.lang.String)[pri:0, instance:org.ldaptive.SearchOperationTest@3224a577]" name="digestMd5Search" duration-ms="4" started-at="2016-03-04T16:09:00Z" finished-at="2016-03-04T16:09:00Z">
          <params>
            <param index="0">
              <value>
                <![CDATA[ou=test,dc=vt,dc=edu]]>
              </value>
            </param>
            <param index="1">
              <value>
                <![CDATA[(uid={0})]]>
              </value>
            </param>
            <param index="2">
              <value>
                <![CDATA[2]]>
              </value>
            </param>
            <param index="3">
              <value>
                <![CDATA[departmentNumber|givenName|sn]]>
              </value>
            </param>
            <param index="4">
              <value>
                <![CDATA[/org/ldaptive/searchResults-2.ldif]]>
              </value>
            </param>
          </params>
          <reporter-output>
          </reporter-output>
        </test-method> <!-- digestMd5Search -->
        <test-method status="PASS" signature="executorSearch(java.lang.String, java.lang.String, java.lang.String, java.lang.String, java.lang.String)[pri:0, instance:org.ldaptive.SearchOperationTest@3224a577]" name="executorSearch" duration-ms="15" started-at="2016-03-04T16:09:00Z" finished-at="2016-03-04T16:09:00Z">
          <params>
            <param index="0">
              <value>
                <![CDATA[ou=test,dc=vt,dc=edu]]>
              </value>
            </param>
            <param index="1">
              <value>
                <![CDATA[(uid={0})]]>
              </value>
            </param>
            <param index="2">
              <value>
                <![CDATA[2]]>
              </value>
            </param>
            <param index="3">
              <value>
                <![CDATA[departmentNumber|givenName|sn]]>
              </value>
            </param>
            <param index="4">
              <value>
                <![CDATA[/org/ldaptive/searchResults-2.ldif]]>
              </value>
            </param>
          </params>
          <reporter-output>
          </reporter-output>
        </test-method> <!-- executorSearch -->
        <test-method status="PASS" signature="getAttributes(java.lang.String, java.lang.String, java.lang.String)[pri:0, instance:org.ldaptive.SearchOperationTest@3224a577]" name="getAttributes" duration-ms="1" started-at="2016-03-04T16:09:00Z" finished-at="2016-03-04T16:09:00Z">
          <params>
            <param index="0">
              <value>
                <![CDATA[cn=John Adams,ou=test,dc=vt,dc=edu]]>
              </value>
            </param>
            <param index="1">
              <value>
                <![CDATA[departmentNumber|givenName|sn]]>
              </value>
            </param>
            <param index="2">
              <value>
                <![CDATA[departmentNumber=0822|givenName=John|sn=Adams]]>
              </value>
            </param>
          </params>
          <reporter-output>
          </reporter-output>
        </test-method> <!-- getAttributes -->
        <test-method status="PASS" signature="getAttributes(java.lang.String, java.lang.String, java.lang.String)[pri:0, instance:org.ldaptive.SearchOperationTest@3224a577]" name="getAttributes" duration-ms="2" started-at="2016-03-04T16:09:00Z" finished-at="2016-03-04T16:09:00Z">
          <params>
            <param index="0">
              <value>
                <![CDATA[cn=John Adams,ou=test,dc=vt,dc=edu]]>
              </value>
            </param>
            <param index="1">
              <value>
                <![CDATA[departmentNumber|givenName|sn]]>
[...]
              <value>
                <![CDATA[cn=John Tyler,ou=test,dc=vt,dc=edu]]>
              </value>
            </param>
            <param index="1">
              <value>
                <![CDATA[jtyler@ldaptive.org]]>
              </value>
            </param>
            <param index="2">
              <value>
                <![CDATA[0830|John Tyler|John|Tyler]]>
              </value>
            </param>
          </params>
          <reporter-output>
          </reporter-output>
        </test-method> <!-- rolesOnlyContextTest -->
        <test-method status="PASS" signature="rolesOnlyContextTest(java.lang.String, java.lang.String, java.lang.String)[pri:0, instance:org.ldaptive.jaas.LdapLoginModuleTest@4fa1c212]" name="rolesOnlyContextTest" duration-ms="53" started-at="2016-03-04T16:08:57Z" finished-at="2016-03-04T16:08:57Z">
          <params>
            <param index="0">
              <value>
                <![CDATA[cn=John Tyler,ou=test,dc=vt,dc=edu]]>
              </value>
            </param>
            <param index="1">
              <value>
                <![CDATA[jtyler@ldaptive.org]]>
              </value>
            </param>
            <param index="2">
              <value>
                <![CDATA[0830|John Tyler|John|Tyler]]>
              </value>
            </param>
          </params>
          <reporter-output>
          </reporter-output>
        </test-method> <!-- rolesOnlyContextTest -->
        <test-method status="PASS" signature="rolesOnlyContextTest(java.lang.String, java.lang.String, java.lang.String)[pri:0, instance:org.ldaptive.jaas.LdapLoginModuleTest@4fa1c212]" name="rolesOnlyContextTest" duration-ms="53" started-at="2016-03-04T16:08:57Z" finished-at="2016-03-04T16:08:57Z">
          <params>
            <param index="0">
              <value>
                <![CDATA[cn=John Tyler,ou=test,dc=vt,dc=edu]]>
              </value>
            </param>
            <param index="1">
              <value>
                <![CDATA[jtyler@ldaptive.org]]>
              </value>
            </param>
            <param index="2">
              <value>
                <![CDATA[0830|John Tyler|John|Tyler]]>
              </value>
            </param>
          </params>
          <reporter-output>
          </reporter-output>
        </test-method> <!-- rolesOnlyContextTest -->
        <test-method status="PASS" signature="rolesOnlyContextTest(java.lang.String, java.lang.String, java.lang.String)[pri:0, instance:org.ldaptive.jaas.LdapLoginModuleTest@4fa1c212]" name="rolesOnlyContextTest" duration-ms="48" started-at="2016-03-04T16:08:57Z" finished-at="2016-03-04T16:08:57Z">
          <params>
            <param index="0">
              <value>
                <![CDATA[cn=John Tyler,ou=test,dc=vt,dc=edu]]>
              </value>
            </param>
            <param index="1">
              <value>
                <![CDATA[jtyler@ldaptive.org]]>
              </value>
            </param>
            <param index="2">
              <value>
                <![CDATA[0830|John Tyler|John|Tyler]]>
              </value>
            </param>
          </params>
          <reporter-output>
          </reporter-output>
        </test-method> <!-- rolesOnlyContextTest -->
        <test-method status="PASS" signature="rolesOnlyContextTest(java.lang.String, java.lang.String, java.lang.String)[pri:0, instance:org.ldaptive.jaas.LdapLoginModuleTest@4fa1c212]" name="rolesOnlyContextTest" duration-ms="48" started-at="2016-03-04T16:08:57Z" finished-at="2016-03-04T16:08:57Z">
          <params>
            <param index="0">
              <value>
                <![CDATA[cn=John Tyler,ou=test,dc=vt,dc=edu]]>
              </value>
            </param>
            <param index="1">
              <value>
                <![CDATA[jtyler@ldaptive.org]]>
              </value>
            </param>
            <param index="2">
              <value>
                <![CDATA[0830|John Tyler|John|Tyler]]>
              </value>
            </param>
          </params>
          <reporter-output>
          </reporter-output>
        </test-method> <!-- rolesOnlyContextTest -->
        <test-method status="PASS" signature="rolesOnlyContextTest(java.lang.String, java.lang.String, java.lang.String)[pri:0, instance:org.ldaptive.jaas.LdapLoginModuleTest@4fa1c212]" name="rolesOnlyContextTest" duration-ms="49" started-at="2016-03-04T16:08:57Z" finished-at="2016-03-04T16:08:57Z">
          <params>
            <param index="0">
              <value>
                <![CDATA[cn=John Tyler,ou=test,dc=vt,dc=edu]]>
              </value>
            </param>
            <param index="1">
              <value>
                <![CDATA[jtyler@ldaptive.org]]>
              </value>
            </param>
            <param index="2">
              <value>
                <![CDATA[0830|John Tyler|John|Tyler]]>
              </value>
            </param>
          </params>
          <reporter-output>
          </reporter-output>
        </test-method> <!-- rolesOnlyContextTest -->
        <test-method status="PASS" signature="rolesOnlyContextTest(java.lang.String, java.lang.String, java.lang.String)[pri:0, instance:org.ldaptive.jaas.LdapLoginModuleTest@4fa1c212]" name="rolesOnlyContextTest" duration-ms="49" started-at="2016-03-04T16:08:57Z" finished-at="2016-03-04T16:08:57Z">
          <params>
            <param index="0">
              <value>
                <![CDATA[cn=John Tyler,ou=test,dc=vt,dc=edu]]>
              </value>
            </param>
            <param index="1">
              <value>
                <![CDATA[jtyler@ldaptive.org]]>
              </value>
            </param>
            <param index="2">
              <value>
                <![CDATA[0830|John Tyler|John|Tyler]]>
              </value>
            </param>
          </params>
          <reporter-output>
          </reporter-output>
        </test-method> <!-- rolesOnlyContextTest -->
        <test-method status="PASS" signature="rolesRecursiveContextTest(java.lang.String, java.lang.String, java.lang.String, java.lang.String)[pri:0, instance:org.ldaptive.jaas.LdapLoginModuleTest@4fa1c212]" name="rolesRecursiveContextTest" duration-ms="294" started-at="2016-03-04T16:08:57Z" finished-at="2016-03-04T16:08:57Z">
          <params>
            <param index="0">
              <value>
                <![CDATA[cn=John Tyler,ou=test,dc=vt,dc=edu]]>
              </value>
            </param>
            <param index="1">
              <value>
                <![CDATA[jtyler@ldaptive.org]]>
              </value>
            </param>
            <param index="2">
              <value>
                <![CDATA[0830|group6|group7|group8|group9]]>
              </value>
            </param>
            <param index="3">
              <value>
                <![CDATA[password10]]>
              </value>
            </param>
          </params>
          <reporter-output>
          </reporter-output>
        </test-method> <!-- rolesRecursiveContextTest -->
        <test-method status="PASS" signature="springPooledDnResolverContextTest(java.lang.String, java.lang.String, java.lang.String)[pri:0, instance:org.ldaptive.jaas.LdapLoginModuleTest@4fa1c212]" name="springPooledDnResolverContextTest" duration-ms="519" started-at="2016-03-04T16:08:57Z" finished-at="2016-03-04T16:08:58Z">
          <params>
            <param index="0">
              <value>
                <![CDATA[cn=John Tyler,ou=test,dc=vt,dc=edu]]>
              </value>
            </param>
            <param index="1">
              <value>
                <![CDATA[jtyler@ldaptive.org]]>
              </value>
            </param>
            <param index="2">
              <value>
                <![CDATA[password10]]>
              </value>
            </param>
          </params>
          <reporter-output>
          </reporter-output>
        </test-method> <!-- springPooledDnResolverContextTest -->
        <test-method status="PASS" signature="springPooledDnResolverContextTest(java.lang.String, java.lang.String, java.lang.String)[pri:0, instance:org.ldaptive.jaas.LdapLoginModuleTest@4fa1c212]" name="springPooledDnResolverContextTest" duration-ms="519" started-at="2016-03-04T16:08:57Z" finished-at="2016-03-04T16:08:58Z">
          <params>
            <param index="0">
              <value>
                <![CDATA[cn=John Tyler,ou=test,dc=vt,dc=edu]]>
              </value>
            </param>
            <param index="1">
              <value>
                <![CDATA[jtyler@ldaptive.org]]>
              </value>
            </param>
            <param index="2">
              <value>
                <![CDATA[password10]]>
              </value>
            </param>
          </params>
          <reporter-output>
          </reporter-output>
        </test-method> <!-- springPooledDnResolverContextTest -->
        <test-method status="PASS" signature="springPooledDnResolverContextTest(java.lang.String, java.lang.String, java.lang.String)[pri:0, instance:org.ldaptive.jaas.LdapLoginModuleTest@4fa1c212]" name="springPooledDnResolverContextTest" duration-ms="8" started-at="2016-03-04T16:08:58Z" finished-at="2016-03-04T16:08:58Z">
          <params>
            <param index="0">
              <value>
                <![CDATA[cn=John Tyler,ou=test,dc=vt,dc=edu]]>
              </value>
            </param>
            <param index="1">
              <value>
                <![CDATA[jtyler@ldaptive.org]]>
              </value>
            </param>
            <param index="2">
              <value>
                <![CDATA[password10]]>
              </value>
            </param>
          </params>
          <reporter-output>
          </reporter-output>
        </test-method> <!-- springPooledDnResolverContextTest -->
        <test-method status="PASS" signature="springPooledDnResolverContextTest(java.lang.String, java.lang.String, java.lang.String)[pri:0, instance:org.ldaptive.jaas.LdapLoginModuleTest@4fa1c212]" name="springPooledDnResolverContextTest" duration-ms="8" started-at="2016-03-04T16:08:58Z" finished-at="2016-03-04T16:08:58Z">
          <params>
            <param index="0">
              <value>
                <![CDATA[cn=John Tyler,ou=test,dc=vt,dc=edu]]>
              </value>
            </param>
            <param index="1">
              <value>
                <![CDATA[jtyler@ldaptive.org]]>
              </value>
            </param>
            <param index="2">
              <value>
                <![CDATA[password10]]>
              </value>
            </param>
          </params>
          <reporter-output>
          </reporter-output>
        </test-method> <!-- springPooledDnResolverContextTest -->
        <test-method status="PASS" signature="springPooledDnResolverContextTest(java.lang.String, java.lang.String, java.lang.String)[pri:0, instance:org.ldaptive.jaas.LdapLoginModuleTest@4fa1c212]" name="springPooledDnResolverContextTest" duration-ms="8" started-at="2016-03-04T16:08:58Z" finished-at="2016-03-04T16:08:58Z">
          <params>
            <param index="0">
              <value>
                <![CDATA[cn=John Tyler,ou=test,dc=vt,dc=edu]]>
              </value>
            </param>
            <param index="1">
              <value>
                <![CDATA[jtyler@ldaptive.org]]>
              </value>
            </param>
            <param index="2">
              <value>
                <![CDATA[password10]]>
              </value>
            </param>
          </params>
          <reporter-output>
          </reporter-output>
        </test-method> <!-- springPooledDnResolverContextTest -->
        <test-method status="PASS" signature="springPooledDnResolverContextTest(java.lang.String, java.lang.String, java.lang.String)[pri:0, instance:org.ldaptive.jaas.LdapLoginModuleTest@4fa1c212]" name="springPooledDnResolverContextTest" duration-ms="8" started-at="2016-03-04T16:08:58Z" finished-at="2016-03-04T16:08:58Z">
          <params>
            <param index="0">
              <value>
                <![CDATA[cn=John Tyler,ou=test,dc=vt,dc=edu]]>
              </value>
            </param>
            <param index="1">
              <value>
                <![CDATA[jtyler@ldaptive.org]]>
              </value>
            </param>
            <param index="2">
              <value>
                <![CDATA[password10]]>
              </value>
            </param>
          </params>
          <reporter-output>
          </reporter-output>
        </test-method> <!-- springPooledDnResolverContextTest -->
        <test-method status="PASS" signature="springPooledDnResolverContextTest(java.lang.String, java.lang.String, java.lang.String)[pri:0, instance:org.ldaptive.jaas.LdapLoginModuleTest@4fa1c212]" name="springPooledDnResolverContextTest" duration-ms="10" started-at="2016-03-04T16:08:58Z" finished-at="2016-03-04T16:08:58Z">
          <params>
            <param index="0">
              <value>
                <![CDATA[cn=John Tyler,ou=test,dc=vt,dc=edu]]>
              </value>
            </param>
            <param index="1">
              <value>
                <![CDATA[jtyler@ldaptive.org]]>
              </value>
            </param>
            <param index="2">
              <value>
                <![CDATA[password10]]>
              </value>
            </param>
          </params>
          <reporter-output>
          </reporter-output>
        </test-method> <!-- springPooledDnResolverContextTest -->
        <test-method status="PASS" signature="springPooledDnResolverContextTest(java.lang.String, java.lang.String, java.lang.String)[pri:0, instance:org.ldaptive.jaas.LdapLoginModuleTest@4fa1c212]" name="springPooledDnResolverContextTest" duration-ms="10" started-at="2016-03-04T16:08:58Z" finished-at="2016-03-04T16:08:58Z">
          <params>
            <param index="0">
              <value>
                <![CDATA[cn=John Tyler,ou=test,dc=vt,dc=edu]]>
              </value>
            </param>
            <param index="1">
              <value>
                <![CDATA[jtyler@ldaptive.org]]>
              </value>
            </param>
            <param index="2">
              <value>
                <![CDATA[password10]]>
              </value>
            </param>
          </params>
          <reporter-output>
          </reporter-output>
        </test-method> <!-- springPooledDnResolverContextTest -->
        <test-method status="PASS" signature="springPooledDnResolverContextTest(java.lang.String, java.lang.String, java.lang.String)[pri:0, instance:org.ldaptive.jaas.LdapLoginModuleTest@4fa1c212]" name="springPooledDnResolverContextTest" duration-ms="11" started-at="2016-03-04T16:08:58Z" finished-at="2016-03-04T16:08:58Z">
          <params>
            <param index="0">
              <value>
                <![CDATA[cn=John Tyler,ou=test,dc=vt,dc=edu]]>
              </value>
            </param>
            <param index="1">
              <value>
                <![CDATA[jtyler@ldaptive.org]]>
              </value>
            </param>
            <param index="2">
              <value>
                <![CDATA[password10]]>
              </value>
            </param>
          </params>
          <reporter-output>
          </reporter-output>
        </test-method> <!-- springPooledDnResolverContextTest -->
        <test-method status="PASS" signature="springPooledDnResolverContextTest(java.lang.String, java.lang.String, java.lang.String)[pri:0, instance:org.ldaptive.jaas.LdapLoginModuleTest@4fa1c212]" name="springPooledDnResolverContextTest" duration-ms="11" started-at="2016-03-04T16:08:58Z" finished-at="2016-03-04T16:08:58Z">
          <params>
            <param index="0">
              <value>
                <![CDATA[cn=John Tyler,ou=test,dc=vt,dc=edu]]>
              </value>
            </param>
            <param index="1">
              <value>
                <![CDATA[jtyler@ldaptive.org]]>
              </value>
            </param>
            <param index="2">
              <value>
                <![CDATA[password10]]>
              </value>
            </param>
          </params>
          <reporter-output>
          </reporter-output>
        </test-method> <!-- springPooledDnResolverContextTest -->
        <test-method status="PASS" signature="sufficientContextTest(java.lang.String, java.lang.String, java.lang.String, java.lang.String)[pri:0, instance:org.ldaptive.jaas.LdapLoginModuleTest@4fa1c212]" name="sufficientContextTest" duration-ms="292" started-at="2016-03-04T16:08:58Z" finished-at="2016-03-04T16:08:58Z">
          <params>
            <param index="0">
              <value>
                <![CDATA[cn=John Tyler,ou=test,dc=vt,dc=edu]]>
              </value>
            </param>
            <param index="1">
              <value>
                <![CDATA[jtyler@ldaptive.org]]>
              </value>
            </param>
            <param index="2">
              <value>
                <![CDATA[0830]]>
              </value>
            </param>
            <param index="3">
              <value>
                <![CDATA[password10]]>
              </value>
            </param>
          </params>
          <reporter-output>
          </reporter-output>
        </test-method> <!-- sufficientContextTest -->
        <test-method status="PASS" signature="tryFirstContextTest(java.lang.String, java.lang.String, java.lang.String, java.lang.String)[pri:0, instance:org.ldaptive.jaas.LdapLoginModuleTest@4fa1c212]" name="tryFirstContextTest" duration-ms="380" started-at="2016-03-04T16:08:58Z" finished-at="2016-03-04T16:08:58Z">
          <params>
            <param index="0">
              <value>
                <![CDATA[cn=John Tyler,ou=test,dc=vt,dc=edu]]>
              </value>
            </param>
            <param index="1">
              <value>
                <![CDATA[jtyler@ldaptive.org]]>
              </value>
            </param>
            <param index="2">
              <value>
                <![CDATA[0830|John Tyler|John|Tyler]]>
              </value>
            </param>
            <param index="3">
              <value>
                <![CDATA[password10]]>
              </value>
            </param>
          </params>
          <reporter-output>
          </reporter-output>
        </test-method> <!-- tryFirstContextTest -->
        <test-method status="PASS" signature="useFirstContextTest(java.lang.String, java.lang.String, java.lang.String, java.lang.String)[pri:0, instance:org.ldaptive.jaas.LdapLoginModuleTest@4fa1c212]" name="useFirstContextTest" duration-ms="195" started-at="2016-03-04T16:08:58Z" finished-at="2016-03-04T16:08:59Z">
          <params>
            <param index="0">
              <value>
                <![CDATA[cn=John Tyler,ou=test,dc=vt,dc=edu]]>
              </value>
            </param>
            <param index="1">
              <value>
                <![CDATA[jtyler@ldaptive.org]]>
              </value>
            </param>
            <param index="2">
              <value>
                <![CDATA[0830|test-role1|test-role2]]>
              </value>
            </param>
            <param index="3">
              <value>
                <![CDATA[password10]]>
              </value>
            </param>
          </params>
          <reporter-output>
          </reporter-output>
        </test-method> <!-- useFirstContextTest -->
        <test-method status="PASS" signature="deleteAuthEntry()[pri:0, instance:org.ldaptive.jaas.LdapLoginModuleTest@4fa1c212]" name="deleteAuthEntry" is-config="true" duration-ms="254" started-at="2016-03-04T16:08:59Z" finished-at="2016-03-04T16:08:59Z">
          <reporter-output>
          </reporter-output>
        </test-method> <!-- deleteAuthEntry -->
      </class> <!-- org.ldaptive.jaas.LdapLoginModuleTest -->
    </test> <!-- tests -->
  </suite> <!-- ldaptive -->
</testng-results>
