<?xml version="1.0" encoding="UTF-8"?>
<testng-results skipped="2" failed="7" total="451" passed="442">
  <reporter-output>
  </reporter-output>
  <suite name="ldaptive" duration-ms="128077" started-at="2016-03-04T21:01:50Z" finished-at="2016-03-04T21:03:58Z">
    <groups>
      <group name="dsml">
        <method signature="DsmlTest.readAndCompareDsmlv1(java.lang.String, java.lang.String)[pri:0, instance:org.ldaptive.io.DsmlTest@32115b28]" name="readAndCompareDsmlv1" class="org.ldaptive.io.DsmlTest"/>
        <method signature="DsmlTest.searchAndCompareDsmlv1(java.lang.String, java.lang.String)[pri:0, instance:org.ldaptive.io.DsmlTest@32115b28]" name="searchAndCompareDsmlv1" class="org.ldaptive.io.DsmlTest"/>
      </group> <!-- dsml -->
      <group name="compare">
        <method signature="CompareOperationTest.compare(java.lang.String, java.lang.String, java.lang.String)[pri:0, instance:org.ldaptive.CompareOperationTest@18f8cd79]" name="compare" class="org.ldaptive.CompareOperationTest"/>
        <method signature="CompareOperationTest.compareReferral(java.lang.String, java.lang.String, java.lang.String)[pri:0, instance:org.ldaptive.CompareOperationTest@18f8cd79]" name="compareReferral" class="org.ldaptive.CompareOperationTest"/>
      </group> <!-- compare -->
      <group name="conn">
        <method signature="ConnectionTest.compare()[pri:0, instance:org.ldaptive.ConnectionTest@3e2055d6]" name="compare" class="org.ldaptive.ConnectionTest"/>
        <method signature="ConnectionTest.modify()[pri:0, instance:org.ldaptive.ConnectionTest@3e2055d6]" name="modify" class="org.ldaptive.ConnectionTest"/>
        <method signature="ConnectionTest.modifyDn()[pri:0, instance:org.ldaptive.ConnectionTest@3e2055d6]" name="modifyDn" class="org.ldaptive.ConnectionTest"/>
        <method signature="ConnectionTest.search()[pri:0, instance:org.ldaptive.ConnectionTest@3e2055d6]" name="search" class="org.ldaptive.ConnectionTest"/>
        <method signature="ConnectionTest.strategyConnect()[pri:0, instance:org.ldaptive.ConnectionTest@3e2055d6]" name="strategyConnect" class="org.ldaptive.ConnectionTest"/>
      </group> <!-- conn -->
      <group name="auth">
        <method signature="AuthenticatorTest.authenticate(java.lang.String, java.lang.String, java.lang.String, java.lang.String)[pri:0, instance:org.ldaptive.auth.AuthenticatorTest@769a1df5]" name="authenticate" class="org.ldaptive.auth.AuthenticatorTest"/>
        <method signature="AuthenticatorTest.authenticateAggregate(java.lang.String, java.lang.String, java.lang.String, java.lang.String)[pri:0, instance:org.ldaptive.auth.AuthenticatorTest@769a1df5]" name="authenticateAggregate" class="org.ldaptive.auth.AuthenticatorTest"/>
        <method signature="AuthenticatorTest.authenticateAuthorizationIdentity(java.lang.String, java.lang.String, java.lang.String, java.lang.String)[pri:0, instance:org.ldaptive.auth.AuthenticatorTest@769a1df5]" name="authenticateAuthorizationIdentity" class="org.ldaptive.auth.AuthenticatorTest"/>
        <method signature="AuthenticatorTest.authenticateCramMd5(java.lang.String, java.lang.String)[pri:0, instance:org.ldaptive.auth.AuthenticatorTest@769a1df5]" name="authenticateCramMd5" class="org.ldaptive.auth.AuthenticatorTest"/>
        <method signature="AuthenticatorTest.authenticateDigestMd5(java.lang.String, java.lang.String)[pri:0, instance:org.ldaptive.auth.AuthenticatorTest@769a1df5]" name="authenticateDigestMd5" class="org.ldaptive.auth.AuthenticatorTest"/>
        <method signature="AuthenticatorTest.authenticateDn(java.lang.String, java.lang.String, java.lang.String, java.lang.String)[pri:0, instance:org.ldaptive.auth.AuthenticatorTest@769a1df5]" name="authenticateDn" class="org.ldaptive.auth.AuthenticatorTest"/>
        <method signature="AuthenticatorTest.authenticateDnHandler(java.lang.String, java.lang.String, java.lang.String, java.lang.String)[pri:0, instance:org.ldaptive.auth.AuthenticatorTest@769a1df5]" name="authenticateDnHandler" class="org.ldaptive.auth.AuthenticatorTest"/>
        <method signature="AuthenticatorTest.authenticateDnSsl(java.lang.String, java.lang.String, java.lang.String, java.lang.String)[pri:0, instance:org.ldaptive.auth.AuthenticatorTest@769a1df5]" name="authenticateDnSsl" class="org.ldaptive.auth.AuthenticatorTest"/>
        <method signature="AuthenticatorTest.authenticateInvalidInput(java.lang.String, java.lang.String, java.lang.String)[pri:0, instance:org.ldaptive.auth.AuthenticatorTest@769a1df5]" name="authenticateInvalidInput" class="org.ldaptive.auth.AuthenticatorTest"/>
        <method signature="AuthenticatorTest.authenticatePooled(java.lang.String, java.lang.String, java.lang.String, java.lang.String, java.lang.String)[pri:0, instance:org.ldaptive.auth.AuthenticatorTest@769a1df5]" name="authenticatePooled" class="org.ldaptive.auth.AuthenticatorTest"/>
        <method signature="AuthenticatorTest.authenticateSearchEntry(java.lang.String, java.lang.String, java.lang.String, java.lang.String)[pri:0, instance:org.ldaptive.auth.AuthenticatorTest@769a1df5]" name="authenticateSearchEntry" class="org.ldaptive.auth.AuthenticatorTest"/>
        <method signature="AuthenticatorTest.authenticateSpecialChars(java.lang.String, java.lang.String)[pri:0, instance:org.ldaptive.auth.AuthenticatorTest@769a1df5]" name="authenticateSpecialChars" class="org.ldaptive.auth.AuthenticatorTest"/>
        <method signature="AuthenticatorTest.authenticateSsl(java.lang.String, java.lang.String, java.lang.String, java.lang.String)[pri:0, instance:org.ldaptive.auth.AuthenticatorTest@769a1df5]" name="authenticateSsl" class="org.ldaptive.auth.AuthenticatorTest"/>
        <method signature="AuthenticatorTest.authenticateWhoAmI(java.lang.String, java.lang.String, java.lang.String, java.lang.String)[pri:0, instance:org.ldaptive.auth.AuthenticatorTest@769a1df5]" name="authenticateWhoAmI" class="org.ldaptive.auth.AuthenticatorTest"/>
        <method signature="AuthenticatorTest.loadProperties(java.lang.String, java.lang.String)[pri:0, instance:org.ldaptive.auth.AuthenticatorTest@769a1df5]" name="loadProperties" class="org.ldaptive.auth.AuthenticatorTest"/>
        <method signature="AuthenticatorTest.resolveDn(java.lang.String, java.lang.String, java.lang.String)[pri:0, instance:org.ldaptive.auth.AuthenticatorTest@769a1df5]" name="resolveDn" class="org.ldaptive.auth.AuthenticatorTest"/>
        <method signature="AuthenticatorTest.resolveDnAggregate(java.lang.String)[pri:0, instance:org.ldaptive.auth.AuthenticatorTest@769a1df5]" name="resolveDnAggregate" class="org.ldaptive.auth.AuthenticatorTest"/>
        <method signature="AuthenticatorTest.resolveDnFormat(java.lang.String, java.lang.String, java.lang.String)[pri:0, instance:org.ldaptive.auth.AuthenticatorTest@769a1df5]" name="resolveDnFormat" class="org.ldaptive.auth.AuthenticatorTest"/>
        <method signature="AuthenticatorTest.resolveDnVelocity(java.lang.String, java.lang.String, java.lang.String)[pri:0, instance:org.ldaptive.auth.AuthenticatorTest@769a1df5]" name="resolveDnVelocity" class="org.ldaptive.auth.AuthenticatorTest"/>
      </group> <!-- auth -->
      <group name="servlet">
        <method signature="AttributeValueServletSearchExecutorTest.attributeServlet(java.lang.String, java.lang.String, java.lang.String)[pri:0, instance:org.ldaptive.servlets.AttributeValueServletSearchExecutorTest@68878f6d]" name="attributeServlet" class="org.ldaptive.servlets.AttributeValueServletSearchExecutorTest"/>
        <method signature="ServletSearchExecutorTest.dsmlSearchServlet(java.lang.String, java.lang.String, java.lang.String)[pri:0, instance:org.ldaptive.servlets.ServletSearchExecutorTest@41488b16]" name="dsmlSearchServlet" class="org.ldaptive.servlets.ServletSearchExecutorTest"/>
        <method signature="ServletSearchExecutorTest.jsonSearchServlet(java.lang.String, java.lang.String, java.lang.String)[pri:0, instance:org.ldaptive.servlets.ServletSearchExecutorTest@41488b16]" name="jsonSearchServlet" class="org.ldaptive.servlets.ServletSearchExecutorTest"/>
        <method signature="ServletSearchExecutorTest.ldifSearchServlet(java.lang.String, java.lang.String, java.lang.String)[pri:0, instance:org.ldaptive.servlets.ServletSearchExecutorTest@41488b16]" name="ldifSearchServlet" class="org.ldaptive.servlets.ServletSearchExecutorTest"/>
        <method signature="ServletSearchExecutorTest.templatesDsmlSearchServlet(java.lang.String, java.lang.String, java.lang.String)[pri:0, instance:org.ldaptive.servlets.ServletSearchExecutorTest@41488b16]" name="templatesDsmlSearchServlet" class="org.ldaptive.servlets.ServletSearchExecutorTest"/>
        <method signature="ServletSearchExecutorTest.templatesJsonSearchServlet(java.lang.String, java.lang.String, java.lang.String)[pri:0, instance:org.ldaptive.servlets.ServletSearchExecutorTest@41488b16]" name="templatesJsonSearchServlet" class="org.ldaptive.servlets.ServletSearchExecutorTest"/>
        <method signature="ServletSearchExecutorTest.templatesLdifIgnoreSearchServlet(java.lang.String, java.lang.String, java.lang.String)[pri:0, instance:org.ldaptive.servlets.ServletSearchExecutorTest@41488b16]" name="templatesLdifIgnoreSearchServlet" class="org.ldaptive.servlets.ServletSearchExecutorTest"/>
        <method signature="ServletSearchExecutorTest.templatesLdifSearchServlet(java.lang.String, java.lang.String, java.lang.String)[pri:0, instance:org.ldaptive.servlets.ServletSearchExecutorTest@41488b16]" name="templatesLdifSearchServlet" class="org.ldaptive.servlets.ServletSearchExecutorTest"/>
      </group> <!-- servlet -->
      <group name="ssl">
        <method signature="TLSSocketFactoryTest.connectSSL(java.lang.String)[pri:0, instance:org.ldaptive.ssl.TLSSocketFactoryTest@2eea88a1]" name="connectSSL" class="org.ldaptive.ssl.TLSSocketFactoryTest"/>
        <method signature="TLSSocketFactoryTest.connectTLS(java.lang.String)[pri:0, instance:org.ldaptive.ssl.TLSSocketFactoryTest@2eea88a1]" name="connectTLS" class="org.ldaptive.ssl.TLSSocketFactoryTest"/>
        <method signature="TLSSocketFactoryTest.setEnabledCipherSuites(java.lang.String)[pri:0, instance:org.ldaptive.ssl.TLSSocketFactoryTest@2eea88a1]" name="setEnabledCipherSuites" class="org.ldaptive.ssl.TLSSocketFactoryTest"/>
        <method signature="TLSSocketFactoryTest.setEnabledProtocols(java.lang.String)[pri:0, instance:org.ldaptive.ssl.TLSSocketFactoryTest@2eea88a1]" name="setEnabledProtocols" class="org.ldaptive.ssl.TLSSocketFactoryTest"/>
        <method signature="TLSSocketFactoryTest.setSocketConfig(java.lang.String)[pri:0, instance:org.ldaptive.ssl.TLSSocketFactoryTest@2eea88a1]" name="setSocketConfig" class="org.ldaptive.ssl.TLSSocketFactoryTest"/>
      </group> <!-- ssl -->
      <group name="extended">
        <method signature="CancelOperationTest.cancel(java.lang.String)[pri:0, instance:org.ldaptive.extended.CancelOperationTest@7f2cfe3f]" name="cancel" class="org.ldaptive.extended.CancelOperationTest"/>
        <method signature="PasswordModifyOperationTest.modify(java.lang.String, java.lang.String, java.lang.String)[pri:0, instance:org.ldaptive.extended.PasswordModifyOperationTest@1a5b6f42]" name="modify" class="org.ldaptive.extended.PasswordModifyOperationTest"/>
        <method signature="WhoAmIOperationTest.whoami()[pri:0, instance:org.ldaptive.extended.WhoAmIOperationTest@5038d0b5]" name="whoami" class="org.ldaptive.extended.WhoAmIOperationTest"/>
      </group> <!-- extended -->
      <group name="spring">
        <method signature="SpringTest.testSpringWiring()[pri:0, instance:org.ldaptive.SpringTest@a8ef162]" name="testSpringWiring" class="org.ldaptive.SpringTest"/>
      </group> <!-- spring -->
      <group name="search">
        <method signature="SearchOperationTest.binarySearch(java.lang.String, java.lang.String, java.lang.String, java.lang.String)[pri:0, instance:org.ldaptive.SearchOperationTest@3214ee6]" name="binarySearch" class="org.ldaptive.SearchOperationTest"/>
        <method signature="SearchOperationTest.caseChangeSearch(java.lang.String, java.lang.String, java.lang.String, java.lang.String, java.lang.String)[pri:0, instance:org.ldaptive.SearchOperationTest@3214ee6]" name="caseChangeSearch" class="org.ldaptive.SearchOperationTest"/>
        <method signature="SearchOperationTest.cramMd5Search(java.lang.String, java.lang.String, java.lang.String, java.lang.String, java.lang.String)[pri:0, instance:org.ldaptive.SearchOperationTest@3214ee6]" name="cramMd5Search" class="org.ldaptive.SearchOperationTest"/>
        <method signature="SearchOperationTest.digestMd5Search(java.lang.String, java.lang.String, java.lang.String, java.lang.String, java.lang.String)[pri:0, instance:org.ldaptive.SearchOperationTest@3214ee6]" name="digestMd5Search" class="org.ldaptive.SearchOperationTest"/>
        <method signature="SearchOperationTest.executorSearch(java.lang.String, java.lang.String, java.lang.String, java.lang.String, java.lang.String)[pri:0, instance:org.ldaptive.SearchOperationTest@3214ee6]" name="executorSearch" class="org.ldaptive.SearchOperationTest"/>
        <method signature="SearchOperationTest.getAttributes(java.lang.String, java.lang.String, java.lang.String)[pri:0, instance:org.ldaptive.SearchOperationTest@3214ee6]" name="getAttributes" class="org.ldaptive.SearchOperationTest"/>
        <method signature="SearchOperationTest.getAttributesBase64(java.lang.String, java.lang.String, java.lang.String)[pri:0, instance:org.ldaptive.SearchOperationTest@3214ee6]" name="getAttributesBase64" class="org.ldaptive.SearchOperationTest"/>
        <method signature="SearchOperationTest.getSaslMechanisms()[pri:0, instance:org.ldaptive.SearchOperationTest@3214ee6]" name="getSaslMechanisms" class="org.ldaptive.SearchOperationTest"/>
        <method signature="SearchOperationTest.getStatsSearch(java.lang.String, java.lang.String)[pri:0, instance:org.ldaptive.SearchOperationTest@3214ee6]" name="getStatsSearch" class="org.ldaptive.SearchOperationTest"/>
        <method signature="SearchOperationTest.getSupportedControls()[pri:0, instance:org.ldaptive.SearchOperationTest@3214ee6]" name="getSupportedControls" class="org.ldaptive.SearchOperationTest"/>
        <method signature="SearchOperationTest.gssApiSearch(java.lang.String, java.lang.String, java.lang.String, java.lang.String, java.lang.String, java.lang.String, java.lang.String)[pri:0, instance:org.ldaptive.SearchOperationTest@3214ee6]" name="gssApiSearch" class="org.ldaptive.SearchOperationTest"/>
        <method signature="SearchOperationTest.jndiSearchScopes(java.lang.String, java.lang.String, java.lang.String, java.lang.String)[pri:0, instance:org.ldaptive.SearchOperationTest@3214ee6]" name="jndiSearchScopes" class="org.ldaptive.SearchOperationTest"/>
        <method signature="SearchOperationTest.mergeAttributeSearch(java.lang.String, java.lang.String, java.lang.String, java.lang.String)[pri:0, instance:org.ldaptive.SearchOperationTest@3214ee6]" name="mergeAttributeSearch" class="org.ldaptive.SearchOperationTest"/>
        <method signature="SearchOperationTest.mergeDuplicateSearch(java.lang.String, java.lang.String, java.lang.String, java.lang.String)[pri:0, instance:org.ldaptive.SearchOperationTest@3214ee6]" name="mergeDuplicateSearch" class="org.ldaptive.SearchOperationTest"/>
        <method signature="SearchOperationTest.mergeSearch(java.lang.String, java.lang.String, java.lang.String, java.lang.String)[pri:0, instance:org.ldaptive.SearchOperationTest@3214ee6]" name="mergeSearch" class="org.ldaptive.SearchOperationTest"/>
        <method signature="SearchOperationTest.miscADControlsSearch(java.lang.String, java.lang.String, java.lang.String)[pri:0, instance:org.ldaptive.SearchOperationTest@3214ee6]" name="miscADControlsSearch" class="org.ldaptive.SearchOperationTest"/>
        <method signature="SearchOperationTest.pagedSearch(java.lang.String, java.lang.String, java.lang.String, java.lang.String)[pri:0, instance:org.ldaptive.SearchOperationTest@3214ee6]" name="pagedSearch" class="org.ldaptive.SearchOperationTest"/>
        <method signature="SearchOperationTest.proxyAuthzSearch(java.lang.String, java.lang.String, java.lang.String, java.lang.String)[pri:0, instance:org.ldaptive.SearchOperationTest@3214ee6]" name="proxyAuthzSearch" class="org.ldaptive.SearchOperationTest"/>
        <method signature="SearchOperationTest.rangeHandlerSearch(java.lang.String, java.lang.String, java.lang.String, java.lang.String)[pri:0, instance:org.ldaptive.SearchOperationTest@3214ee6]" name="rangeHandlerSearch" class="org.ldaptive.SearchOperationTest"/>
        <method signature="SearchOperationTest.recursiveHandlerSearch(java.lang.String, java.lang.String, java.lang.String, java.lang.String, java.lang.String)[pri:0, instance:org.ldaptive.SearchOperationTest@3214ee6]" name="recursiveHandlerSearch" class="org.ldaptive.SearchOperationTest"/>
        <method signature="SearchOperationTest.recursiveHandlerSearch2(java.lang.String, java.lang.String, java.lang.String, java.lang.String)[pri:0, instance:org.ldaptive.SearchOperationTest@3214ee6]" name="recursiveHandlerSearch2" class="org.ldaptive.SearchOperationTest"/>
        <method signature="SearchOperationTest.returnAttributesSearch(java.lang.String, java.lang.String, java.lang.String, java.lang.String)[pri:0, instance:org.ldaptive.SearchOperationTest@3214ee6]" name="returnAttributesSearch" class="org.ldaptive.SearchOperationTest"/>
        <method signature="SearchOperationTest.rewriteSearch(java.lang.String, java.lang.String, java.lang.String)[pri:0, instance:org.ldaptive.SearchOperationTest@3214ee6]" name="rewriteSearch" class="org.ldaptive.SearchOperationTest"/>
        <method signature="SearchOperationTest.saslExternalSearch(java.lang.String, java.lang.String, java.lang.String, java.lang.String, java.lang.String)[pri:0, instance:org.ldaptive.SearchOperationTest@3214ee6]" name="saslExternalSearch" class="org.ldaptive.SearchOperationTest"/>
        <method signature="SearchOperationTest.search(java.lang.String, java.lang.String, java.lang.String, java.lang.String, java.lang.String)[pri:0, instance:org.ldaptive.SearchOperationTest@3214ee6]" name="search" class="org.ldaptive.SearchOperationTest"/>
        <method signature="SearchOperationTest.searchActiveDirectory(java.lang.String, java.lang.String)[pri:0, instance:org.ldaptive.SearchOperationTest@3214ee6]" name="searchActiveDirectory" class="org.ldaptive.SearchOperationTest"/>
        <method signature="SearchOperationTest.searchExceeded(java.lang.String, java.lang.String, int)[pri:0, instance:org.ldaptive.SearchOperationTest@3214ee6]" name="searchExceeded" class="org.ldaptive.SearchOperationTest"/>
        <method signature="SearchOperationTest.searchReference(java.lang.String, java.lang.String)[pri:0, instance:org.ldaptive.SearchOperationTest@3214ee6]" name="searchReference" class="org.ldaptive.SearchOperationTest"/>
        <method signature="SearchOperationTest.searchReferral(java.lang.String, java.lang.String)[pri:0, instance:org.ldaptive.SearchOperationTest@3214ee6]" name="searchReferral" class="org.ldaptive.SearchOperationTest"/>
        <method signature="SearchOperationTest.searchScopes(java.lang.String, java.lang.String, java.lang.String, java.lang.String)[pri:0, instance:org.ldaptive.SearchOperationTest@3214ee6]" name="searchScopes" class="org.ldaptive.SearchOperationTest"/>
        <method signature="SearchOperationTest.sortedSearch(java.lang.String, java.lang.String)[pri:0, instance:org.ldaptive.SearchOperationTest@3214ee6]" name="sortedSearch" class="org.ldaptive.SearchOperationTest"/>
        <method signature="SearchOperationTest.specialCharsSearch(java.lang.String, java.lang.String, java.lang.String, java.lang.String, java.lang.String, java.lang.String, java.lang.String)[pri:0, instance:org.ldaptive.SearchOperationTest@3214ee6]" name="specialCharsSearch" class="org.ldaptive.SearchOperationTest"/>
        <method signature="SearchOperationTest.virtualListViewSearch(java.lang.String, java.lang.String, java.lang.String, java.lang.String)[pri:0, instance:org.ldaptive.SearchOperationTest@3214ee6]" name="virtualListViewSearch" class="org.ldaptive.SearchOperationTest"/>
      </group> <!-- search -->
      <group name="bind">
        <method signature="BindOperationTest.bindFailure(java.lang.String)[pri:0, instance:org.ldaptive.BindOperationTest@5167f57d]" name="bindFailure" class="org.ldaptive.BindOperationTest"/>
        <method signature="BindOperationTest.bindIdentityControl(java.lang.String, java.lang.String)[pri:0, instance:org.ldaptive.BindOperationTest@5167f57d]" name="bindIdentityControl" class="org.ldaptive.BindOperationTest"/>
        <method signature="BindOperationTest.bindSuccess(java.lang.String, java.lang.String)[pri:0, instance:org.ldaptive.BindOperationTest@5167f57d]" name="bindSuccess" class="org.ldaptive.BindOperationTest"/>
      </group> <!-- bind -->
      <group name="merge">
        <method signature="MergeOperationTest.merge()[pri:0, instance:org.ldaptive.ext.MergeOperationTest@28194a50]" name="merge" class="org.ldaptive.ext.MergeOperationTest"/>
      </group> <!-- merge -->
      <group name="jaas">
        <method signature="LdapLoginModuleTest.contextSslTest(java.lang.String, java.lang.String, java.lang.String, java.lang.String)[pri:0, instance:org.ldaptive.jaas.LdapLoginModuleTest@6bb4dd34]" name="contextSslTest" class="org.ldaptive.jaas.LdapLoginModuleTest"/>
        <method signature="LdapLoginModuleTest.contextTest(java.lang.String, java.lang.String, java.lang.String, java.lang.String)[pri:0, instance:org.ldaptive.jaas.LdapLoginModuleTest@6bb4dd34]" name="contextTest" class="org.ldaptive.jaas.LdapLoginModuleTest"/>
        <method signature="LdapLoginModuleTest.dnRolesOnlyContextTest(java.lang.String, java.lang.String, java.lang.String)[pri:0, instance:org.ldaptive.jaas.LdapLoginModuleTest@6bb4dd34]" name="dnRolesOnlyContextTest" class="org.ldaptive.jaas.LdapLoginModuleTest"/>
        <method signature="LdapLoginModuleTest.dnRolesOnlyPooledContextTest(java.lang.String, java.lang.String, java.lang.String)[pri:0, instance:org.ldaptive.jaas.LdapLoginModuleTest@6bb4dd34]" name="dnRolesOnlyPooledContextTest" class="org.ldaptive.jaas.LdapLoginModuleTest"/>
        <method signature="LdapLoginModuleTest.pooledDnResolverContextTest(java.lang.String, java.lang.String, java.lang.String)[pri:0, instance:org.ldaptive.jaas.LdapLoginModuleTest@6bb4dd34]" name="pooledDnResolverContextTest" class="org.ldaptive.jaas.LdapLoginModuleTest"/>
        <method signature="LdapLoginModuleTest.randomContextTest(java.lang.String, java.lang.String, java.lang.String, java.lang.String)[pri:0, instance:org.ldaptive.jaas.LdapLoginModuleTest@6bb4dd34]" name="randomContextTest" class="org.ldaptive.jaas.LdapLoginModuleTest"/>
        <method signature="LdapLoginModuleTest.rolesContextTest(java.lang.String, java.lang.String, java.lang.String, java.lang.String)[pri:0, instance:org.ldaptive.jaas.LdapLoginModuleTest@6bb4dd34]" name="rolesContextTest" class="org.ldaptive.jaas.LdapLoginModuleTest"/>
        <method signature="LdapLoginModuleTest.rolesOnlyContextTest(java.lang.String, java.lang.String, java.lang.String)[pri:0, instance:org.ldaptive.jaas.LdapLoginModuleTest@6bb4dd34]" name="rolesOnlyContextTest" class="org.ldaptive.jaas.LdapLoginModuleTest"/>
        <method signature="LdapLoginModuleTest.rolesRecursiveContextTest(java.lang.String, java.lang.String, java.lang.String, java.lang.String)[pri:0, instance:org.ldaptive.jaas.LdapLoginModuleTest@6bb4dd34]" name="rolesRecursiveContextTest" class="org.ldaptive.jaas.LdapLoginModuleTest"/>
        <method signature="LdapLoginModuleTest.springPooledDnResolverContextTest(java.lang.String, java.lang.String, java.lang.String)[pri:0, instance:org.ldaptive.jaas.LdapLoginModuleTest@6bb4dd34]" name="springPooledDnResolverContextTest" class="org.ldaptive.jaas.LdapLoginModuleTest"/>
        <method signature="LdapLoginModuleTest.sufficientContextTest(java.lang.String, java.lang.String, java.lang.String, java.lang.String)[pri:0, instance:org.ldaptive.jaas.LdapLoginModuleTest@6bb4dd34]" name="sufficientContextTest" class="org.ldaptive.jaas.LdapLoginModuleTest"/>
        <method signature="LdapLoginModuleTest.tryFirstContextTest(java.lang.String, java.lang.String, java.lang.String, java.lang.String)[pri:0, instance:org.ldaptive.jaas.LdapLoginModuleTest@6bb4dd34]" name="tryFirstContextTest" class="org.ldaptive.jaas.LdapLoginModuleTest"/>
        <method signature="LdapLoginModuleTest.useFirstContextTest(java.lang.String, java.lang.String, java.lang.String, java.lang.String)[pri:0, instance:org.ldaptive.jaas.LdapLoginModuleTest@6bb4dd34]" name="useFirstContextTest" class="org.ldaptive.jaas.LdapLoginModuleTest"/>
      </group> <!-- jaas -->
      <group name="bean">
        <method signature="SearchResultTest.toSearchResults(java.lang.String, java.lang.String, java.lang.String, java.lang.String)[pri:0, instance:org.ldaptive.SearchResultTest@2f01783a]" name="toSearchResults" class="org.ldaptive.SearchResultTest"/>
      </group> <!-- bean -->
      <group name="cli">
        <method signature="OperationCliTest.compare(java.lang.String)[pri:0, instance:org.ldaptive.cli.OperationCliTest@64b0598]" name="compare" class="org.ldaptive.cli.OperationCliTest"/>
        <method signature="OperationCliTest.search(java.lang.String, java.lang.String)[pri:0, instance:org.ldaptive.cli.OperationCliTest@64b0598]" name="search" class="org.ldaptive.cli.OperationCliTest"/>
      </group> <!-- cli -->
      <group name="beans-spring">
        <method signature="NamespaceHandlerTest.testADAuthenticator()[pri:0, instance:org.ldaptive.beans.spring.NamespaceHandlerTest@24105dc5]" name="testADAuthenticator" class="org.ldaptive.beans.spring.NamespaceHandlerTest"/>
        <method signature="NamespaceHandlerTest.testAnonSearchAuthenticator()[pri:0, instance:org.ldaptive.beans.spring.NamespaceHandlerTest@24105dc5]" name="testAnonSearchAuthenticator" class="org.ldaptive.beans.spring.NamespaceHandlerTest"/>
        <method signature="NamespaceHandlerTest.testBindSearchAuthenticator()[pri:0, instance:org.ldaptive.beans.spring.NamespaceHandlerTest@24105dc5]" name="testBindSearchAuthenticator" class="org.ldaptive.beans.spring.NamespaceHandlerTest"/>
        <method signature="NamespaceHandlerTest.testConnectionConfig()[pri:0, instance:org.ldaptive.beans.spring.NamespaceHandlerTest@24105dc5]" name="testConnectionConfig" class="org.ldaptive.beans.spring.NamespaceHandlerTest"/>
        <method signature="NamespaceHandlerTest.testConnectionFactory()[pri:0, instance:org.ldaptive.beans.spring.NamespaceHandlerTest@24105dc5]" name="testConnectionFactory" class="org.ldaptive.beans.spring.NamespaceHandlerTest"/>
        <method signature="NamespaceHandlerTest.testConnectionPool()[pri:0, instance:org.ldaptive.beans.spring.NamespaceHandlerTest@24105dc5]" name="testConnectionPool" class="org.ldaptive.beans.spring.NamespaceHandlerTest"/>
        <method signature="NamespaceHandlerTest.testDirectAuthenticator()[pri:0, instance:org.ldaptive.beans.spring.NamespaceHandlerTest@24105dc5]" name="testDirectAuthenticator" class="org.ldaptive.beans.spring.NamespaceHandlerTest"/>
        <method signature="NamespaceHandlerTest.testPooledConnectionFactory()[pri:0, instance:org.ldaptive.beans.spring.NamespaceHandlerTest@24105dc5]" name="testPooledConnectionFactory" class="org.ldaptive.beans.spring.NamespaceHandlerTest"/>
        <method signature="NamespaceHandlerTest.testSaslBindSearchAuthenticator()[pri:0, instance:org.ldaptive.beans.spring.NamespaceHandlerTest@24105dc5]" name="testSaslBindSearchAuthenticator" class="org.ldaptive.beans.spring.NamespaceHandlerTest"/>
        <method signature="NamespaceHandlerTest.testSearchExecutor()[pri:0, instance:org.ldaptive.beans.spring.NamespaceHandlerTest@24105dc5]" name="testSearchExecutor" class="org.ldaptive.beans.spring.NamespaceHandlerTest"/>
        <method signature="NamespaceHandlerTest.testSpringWiring()[pri:0, instance:org.ldaptive.beans.spring.NamespaceHandlerTest@24105dc5]" name="testSpringWiring" class="org.ldaptive.beans.spring.NamespaceHandlerTest"/>
      </group> <!-- beans-spring -->
      <group name="beans-generate">
        <method signature="BeanGeneratorTest.generate()[pri:0, instance:org.ldaptive.beans.generate.BeanGeneratorTest@41f69e84]" name="generate" class="org.ldaptive.beans.generate.BeanGeneratorTest"/>
        <method signature="BeanGeneratorTest.generateAD()[pri:0, instance:org.ldaptive.beans.generate.BeanGeneratorTest@41f69e84]" name="generateAD" class="org.ldaptive.beans.generate.BeanGeneratorTest"/>
      </group> <!-- beans-generate -->
      <group name="templates">
        <method signature="SearchTemplatesExecutorTest.search(java.lang.String)[pri:0, instance:org.ldaptive.templates.SearchTemplatesExecutorTest@7ac296f6]" name="search" class="org.ldaptive.templates.SearchTemplatesExecutorTest"/>
      </group> <!-- templates -->
      <group name="ldif">
        <method signature="LdifTest.readAndCompareMultipleLdif(java.lang.String, java.lang.String)[pri:0, instance:org.ldaptive.io.LdifTest@2ad48653]" name="readAndCompareMultipleLdif" class="org.ldaptive.io.LdifTest"/>
        <method signature="LdifTest.readAndCompareSortedLdif(java.lang.String, java.lang.String)[pri:0, instance:org.ldaptive.io.LdifTest@2ad48653]" name="readAndCompareSortedLdif" class="org.ldaptive.io.LdifTest"/>
        <method signature="LdifTest.searchAndCompareLdif(java.lang.String, java.lang.String)[pri:0, instance:org.ldaptive.io.LdifTest@2ad48653]" name="searchAndCompareLdif" class="org.ldaptive.io.LdifTest"/>
      </group> <!-- ldif -->
      <group name="beans-mapper">
        <method signature="LdapEntryMapperTest.mapToLdapEntry(org.ldaptive.beans.LdapEntryMapper, org.ldaptive.LdapEntry)[pri:0, instance:org.ldaptive.beans.LdapEntryMapperTest@7975d1d8]" name="mapToLdapEntry" class="org.ldaptive.beans.LdapEntryMapperTest"/>
        <method signature="LdapEntryMapperTest.mapToObject(org.ldaptive.beans.LdapEntryMapper, org.ldaptive.LdapEntry)[pri:0, instance:org.ldaptive.beans.LdapEntryMapperTest@7975d1d8]" name="mapToObject" class="org.ldaptive.beans.LdapEntryMapperTest"/>
      </group> <!-- beans-mapper -->
      <group name="props">
        <method signature="PropertiesTest.jaasProperties(java.lang.String, java.lang.String)[pri:0, instance:org.ldaptive.PropertiesTest@61710c6]" name="jaasProperties" class="org.ldaptive.PropertiesTest"/>
        <method signature="PropertiesTest.multipleProperties()[pri:0, instance:org.ldaptive.PropertiesTest@61710c6]" name="multipleProperties" class="org.ldaptive.PropertiesTest"/>
        <method signature="PropertiesTest.nullProperties()[pri:0, instance:org.ldaptive.PropertiesTest@61710c6]" name="nullProperties" class="org.ldaptive.PropertiesTest"/>
        <method signature="PropertiesTest.parserProperties(java.lang.String, java.lang.String)[pri:0, instance:org.ldaptive.PropertiesTest@61710c6]" name="parserProperties" class="org.ldaptive.PropertiesTest"/>
      </group> <!-- props -->
      <group name="modify">
        <method signature="ModifyOperationTest.addAttribute(java.lang.String, java.lang.String)[pri:0, instance:org.ldaptive.ModifyOperationTest@45efd90f]" name="addAttribute" class="org.ldaptive.ModifyOperationTest"/>
        <method signature="ModifyOperationTest.addAttributes(java.lang.String, java.lang.String)[pri:0, instance:org.ldaptive.ModifyOperationTest@45efd90f]" name="addAttributes" class="org.ldaptive.ModifyOperationTest"/>
        <method signature="ModifyOperationTest.replaceAttribute(java.lang.String, java.lang.String)[pri:0, instance:org.ldaptive.ModifyOperationTest@45efd90f]" name="replaceAttribute" class="org.ldaptive.ModifyOperationTest"/>
        <method signature="ModifyOperationTest.removeAttribute(java.lang.String, java.lang.String)[pri:0, instance:org.ldaptive.ModifyOperationTest@45efd90f]" name="removeAttribute" class="org.ldaptive.ModifyOperationTest"/>
        <method signature="ModifyOperationTest.replaceAttributes(java.lang.String, java.lang.String)[pri:0, instance:org.ldaptive.ModifyOperationTest@45efd90f]" name="replaceAttributes" class="org.ldaptive.ModifyOperationTest"/>
        <method signature="ModifyOperationTest.removeAttributes(java.lang.String, java.lang.String)[pri:0, instance:org.ldaptive.ModifyOperationTest@45efd90f]" name="removeAttributes" class="org.ldaptive.ModifyOperationTest"/>
      </group> <!-- modify -->
      <group name="async">
        <method signature="AsyncSearchOperationTest.search(java.lang.String, java.lang.String, java.lang.String, java.lang.String)[pri:0, instance:org.ldaptive.async.AsyncSearchOperationTest@3e78b6a5]" name="search" class="org.ldaptive.async.AsyncSearchOperationTest"/>
      </group> <!-- async -->
      <group name="control-util">
        <method signature="DirSyncClientTest.execute(java.lang.String, java.lang.String)[pri:0, instance:org.ldaptive.ad.control.util.DirSyncClientTest@7068e664]" name="execute" class="org.ldaptive.ad.control.util.DirSyncClientTest"/>
        <method signature="DirSyncClientTest.executeToCompletion(java.lang.String, java.lang.String)[pri:0, instance:org.ldaptive.ad.control.util.DirSyncClientTest@7068e664]" name="executeToCompletion" class="org.ldaptive.ad.control.util.DirSyncClientTest"/>
        <method signature="NotificationClientTest.execute(java.lang.String)[pri:0, instance:org.ldaptive.ad.control.util.NotificationClientTest@60db1c0e]" name="execute" class="org.ldaptive.ad.control.util.NotificationClientTest"/>
        <method signature="PagedResultsClientTest.execute(java.lang.String, java.lang.String)[pri:0, instance:org.ldaptive.control.util.PagedResultsClientTest@50029372]" name="execute" class="org.ldaptive.control.util.PagedResultsClientTest"/>
        <method signature="PagedResultsClientTest.executeToCompletion(java.lang.String, java.lang.String)[pri:0, instance:org.ldaptive.control.util.PagedResultsClientTest@50029372]" name="executeToCompletion" class="org.ldaptive.control.util.PagedResultsClientTest"/>
        <method signature="PersistentSearchClientTest.persistentSearch(java.lang.String, java.lang.String, java.lang.String)[pri:0, instance:org.ldaptive.control.util.PersistentSearchClientTest@e3b3b2f]" name="persistentSearch" class="org.ldaptive.control.util.PersistentSearchClientTest"/>
        <method signature="SyncReplClientTest.syncReplRefreshAndPersist(java.lang.String, java.lang.String, java.lang.String)[pri:0, instance:org.ldaptive.control.util.SyncReplClientTest@50f6ac94]" name="syncReplRefreshAndPersist" class="org.ldaptive.control.util.SyncReplClientTest"/>
        <method signature="SyncReplClientTest.syncReplRefreshOnly(java.lang.String, java.lang.String, java.lang.String)[pri:0, instance:org.ldaptive.control.util.SyncReplClientTest@50f6ac94]" name="syncReplRefreshOnly" class="org.ldaptive.control.util.SyncReplClientTest"/>
        <method signature="VirtualListViewClientTest.execute(java.lang.String, java.lang.String)[pri:0, instance:org.ldaptive.control.util.VirtualListViewClientTest@6cc4cdb9]" name="execute" class="org.ldaptive.control.util.VirtualListViewClientTest"/>
      </group> <!-- control-util -->
      <group name="beans-manager">
        <method signature="LdapEntryManagerTest.find(org.ldaptive.beans.persistence.LdapEntryManager, org.ldaptive.LdapEntry)[pri:0, instance:org.ldaptive.beans.persistence.LdapEntryManagerTest@2438dcd]" name="find" class="org.ldaptive.beans.persistence.LdapEntryManagerTest"/>
      </group> <!-- beans-manager -->
      <group name="search-with-retry">
        <method signature="SearchOperationTest.searchWithRetry(java.lang.String, java.lang.String)[pri:0, instance:org.ldaptive.SearchOperationTest@3214ee6]" name="searchWithRetry" class="org.ldaptive.SearchOperationTest"/>
      </group> <!-- search-with-retry -->
      <group name="modifyDn">
        <method signature="ModifyDnOperationTest.modifyDnLdapEntry(java.lang.String, java.lang.String)[pri:0, instance:org.ldaptive.ModifyDnOperationTest@7d9f158f]" name="modifyDnLdapEntry" class="org.ldaptive.ModifyDnOperationTest"/>
      </group> <!-- modifyDn -->
    </groups>
    <test name="tests" duration-ms="128077" started-at="2016-03-04T21:01:50Z" finished-at="2016-03-04T21:03:58Z">
      <class name="org.ldaptive.ext.MergeOperationTest">
        <test-method status="PASS" signature="createLdapEntry(java.lang.String)[pri:0, instance:org.ldaptive.ext.MergeOperationTest@28194a50]" name="createLdapEntry" is-config="true" duration-ms="34" started-at="2016-03-04T16:02:05Z" finished-at="2016-03-04T16:02:05Z">
          <params>
            <param index="0">
              <value>
                <![CDATA[/org/ldaptive/createLdapEntry-30.ldif]]>
              </value>
            </param>
          </params>
          <reporter-output>
          </reporter-output>
        </test-method> <!-- createLdapEntry -->
        <test-method status="PASS" signature="merge()[pri:0, instance:org.ldaptive.ext.MergeOperationTest@28194a50]" name="merge" duration-ms="65" started-at="2016-03-04T16:02:05Z" finished-at="2016-03-04T16:02:05Z">
          <reporter-output>
          </reporter-output>
        </test-method> <!-- merge -->
        <test-method status="PASS" signature="deleteLdapEntry()[pri:0, instance:org.ldaptive.ext.MergeOperationTest@28194a50]" name="deleteLdapEntry" is-config="true" duration-ms="42" started-at="2016-03-04T16:02:05Z" finished-at="2016-03-04T16:02:05Z">
          <reporter-output>
          </reporter-output>
        </test-method> <!-- deleteLdapEntry -->
      </class> <!-- org.ldaptive.ext.MergeOperationTest -->
      <class name="org.ldaptive.io.LdifTest">
        <test-method status="PASS" signature="createLdapEntry(java.lang.String)[pri:0, instance:org.ldaptive.io.LdifTest@2ad48653]" name="createLdapEntry" is-config="true" duration-ms="101" started-at="2016-03-04T16:02:06Z" finished-at="2016-03-04T16:02:06Z">
          <params>
            <param index="0">
              <value>
                <![CDATA[/org/ldaptive/createLdapEntry-14.ldif]]>
              </value>
            </param>
          </params>
          <reporter-output>
          </reporter-output>
        </test-method> <!-- createLdapEntry -->
        <test-method status="PASS" signature="readAndCompareMultipleLdif(java.lang.String, java.lang.String)[pri:0, instance:org.ldaptive.io.LdifTest@2ad48653]" name="readAndCompareMultipleLdif" duration-ms="1" started-at="2016-03-04T16:02:06Z" finished-at="2016-03-04T16:02:06Z">
          <params>
            <param index="0">
              <value>
                <![CDATA[/org/ldaptive/multipleEntriesIn.ldif]]>
              </value>
            </param>
            <param index="1">
              <value>
                <![CDATA[/org/ldaptive/multipleEntriesOut.ldif]]>
              </value>
            </param>
          </params>
          <reporter-output>
          </reporter-output>
        </test-method> <!-- readAndCompareMultipleLdif -->
        <test-method status="PASS" signature="readAndCompareSortedLdif(java.lang.String, java.lang.String)[pri:0, instance:org.ldaptive.io.LdifTest@2ad48653]" name="readAndCompareSortedLdif" duration-ms="1" started-at="2016-03-04T16:02:06Z" finished-at="2016-03-04T16:02:06Z">
          <params>
            <param index="0">
              <value>
                <![CDATA[/org/ldaptive/dfisher.ldif]]>
              </value>
            </param>
            <param index="1">
              <value>
                <![CDATA[/org/ldaptive/dfisher.sorted.ldif]]>
              </value>
            </param>
          </params>
          <reporter-output>
          </reporter-output>
        </test-method> <!-- readAndCompareSortedLdif -->
        <test-method status="PASS" signature="searchAndCompareLdif(java.lang.String, java.lang.String)[pri:0, instance:org.ldaptive.io.LdifTest@2ad48653]" name="searchAndCompareLdif" duration-ms="7" started-at="2016-03-04T16:02:06Z" finished-at="2016-03-04T16:02:06Z">
          <params>
            <param index="0">
              <value>
                <![CDATA[ou=test,dc=vt,dc=edu]]>
              </value>
            </param>
            <param index="1">
              <value>
                <![CDATA[(uid=14)]]>
              </value>
            </param>
          </params>
          <reporter-output>
          </reporter-output>
        </test-method> <!-- searchAndCompareLdif -->
        <test-method status="PASS" signature="deleteLdapEntry()[pri:0, instance:org.ldaptive.io.LdifTest@2ad48653]" name="deleteLdapEntry" is-config="true" duration-ms="104" started-at="2016-03-04T16:02:06Z" finished-at="2016-03-04T16:02:06Z">
          <reporter-output>
          </reporter-output>
        </test-method> <!-- deleteLdapEntry -->
      </class> <!-- org.ldaptive.io.LdifTest -->
      <class name="org.ldaptive.ad.control.util.NotificationClientTest">
        <test-method status="PASS" signature="execute(java.lang.String)[pri:0, instance:org.ldaptive.ad.control.util.NotificationClientTest@60db1c0e]" name="execute" duration-ms="0" started-at="2016-03-04T16:01:51Z" finished-at="2016-03-04T16:01:51Z">
          <params>
            <param index="0">
              <value>
                <![CDATA[uid=1,ou=test,dc=vt,dc=edu]]>
              </value>
            </param>
          </params>
          <reporter-output>
          </reporter-output>
        </test-method> <!-- execute -->
      </class> <!-- org.ldaptive.ad.control.util.NotificationClientTest -->
      <class name="org.ldaptive.async.AsyncSearchOperationTest">
        <test-method status="PASS" signature="createLdapEntry(java.lang.String)[pri:0, instance:org.ldaptive.async.AsyncSearchOperationTest@3e78b6a5]" name="createLdapEntry" is-config="true" duration-ms="55" started-at="2016-03-04T16:01:51Z" finished-at="2016-03-04T16:01:51Z">
          <params>
            <param index="0">
              <value>
                <![CDATA[/org/ldaptive/createLdapEntry-17.ldif]]>
              </value>
            </param>
          </params>
          <reporter-output>
          </reporter-output>
        </test-method> <!-- createLdapEntry -->
        <test-method status="SKIP" signature="search(java.lang.String, java.lang.String, java.lang.String, java.lang.String)[pri:0, instance:org.ldaptive.async.AsyncSearchOperationTest@3e78b6a5]" name="search" duration-ms="4" started-at="2016-03-04T16:01:51Z" finished-at="2016-03-04T16:01:51Z">
          <params>
            <param index="0">
              <value>
                <![CDATA[ou=test,dc=vt,dc=edu]]>
              </value>
            </param>
            <param index="1">
              <value>
                <![CDATA[(uid=17)]]>
              </value>
            </param>
            <param index="2">
              <value>
                <![CDATA[departmentNumber|givenName|sn]]>
              </value>
            </param>
            <param index="3">
              <value>
                <![CDATA[/org/ldaptive/searchResults-17.ldif]]>
              </value>
            </param>
          </params>
          <exception class="java.util.concurrent.ExecutionException">
            <message>
              <![CDATA[java.lang.UnsupportedOperationException: Asynchronous searches not supported]]>
            </message>
            <full-stacktrace>
              <![CDATA[java.util.concurrent.ExecutionException: java.lang.UnsupportedOperationException: Asynchronous searches not supported
	at java.util.concurrent.FutureTask.report(FutureTask.java:122)
	at java.util.concurrent.FutureTask.get(FutureTask.java:192)
	at org.ldaptive.async.FutureResponse.getResponse(FutureResponse.java:46)
	at org.ldaptive.async.FutureResponse.getResult(FutureResponse.java:58)
	at org.ldaptive.async.AsyncSearchOperationTest.search(AsyncSearchOperationTest.java:84)
	at sun.reflect.NativeMethodAccessorImpl.invoke0(Native Method)
	at sun.reflect.NativeMethodAccessorImpl.invoke(NativeMethodAccessorImpl.java:62)
	at sun.reflect.DelegatingMethodAccessorImpl.invoke(DelegatingMethodAccessorImpl.java:43)
	at java.lang.reflect.Method.invoke(Method.java:497)
	at org.testng.internal.MethodInvocationHelper.invokeMethod(MethodInvocationHelper.java:86)
	at org.testng.internal.Invoker.invokeMethod(Invoker.java:643)
	at org.testng.internal.Invoker.invokeTestMethod(Invoker.java:820)
	at org.testng.internal.Invoker.invokeTestMethods(Invoker.java:1128)
	at org.testng.internal.TestMethodWorker.invokeTestMethods(TestMethodWorker.java:129)
	at org.testng.internal.TestMethodWorker.run(TestMethodWorker.java:112)
	at org.testng.TestRunner.privateRun(TestRunner.java:782)
	at org.testng.TestRunner.run(TestRunner.java:632)
	at org.testng.SuiteRunner.runTest(SuiteRunner.java:366)
	at org.testng.SuiteRunner.access$000(SuiteRunner.java:39)
	at org.testng.SuiteRunner$SuiteWorker.run(SuiteRunner.java:400)
	at org.testng.internal.thread.ThreadUtil$2.call(ThreadUtil.java:64)
	at java.util.concurrent.FutureTask.run(FutureTask.java:266)
	at java.util.concurrent.ThreadPoolExecutor.runWorker(ThreadPoolExecutor.java:1142)
	at java.util.concurrent.ThreadPoolExecutor$Worker.run(ThreadPoolExecutor.java:617)
	at java.lang.Thread.run(Thread.java:745)
Caused by: java.lang.UnsupportedOperationException: Asynchronous searches not supported
	at org.ldaptive.provider.jndi.JndiConnection.searchAsync(JndiConnection.java:472)
	at org.ldaptive.async.AsyncSearchOperation.invoke(AsyncSearchOperation.java:94)
	at org.ldaptive.async.AsyncSearchOperation.invoke(AsyncSearchOperation.java:26)
	at org.ldaptive.AbstractOperation.execute(AbstractOperation.java:126)
	at org.ldaptive.async.AsyncSearchOperation.access$1901(AsyncSearchOperation.java:26)
	at org.ldaptive.async.AsyncSearchOperation.lambda$execute$29(AsyncSearchOperation.java:77)
	... 4 more
]]>
            </full-stacktrace>
          </exception> <!-- java.util.concurrent.ExecutionException -->
          <reporter-output>
          </reporter-output>
        </test-method> <!-- search -->
        <test-method status="PASS" signature="deleteLdapEntry()[pri:0, instance:org.ldaptive.async.AsyncSearchOperationTest@3e78b6a5]" name="deleteLdapEntry" is-config="true" duration-ms="53" started-at="2016-03-04T16:01:51Z" finished-at="2016-03-04T16:01:51Z">
          <reporter-output>
          </reporter-output>
        </test-method> <!-- deleteLdapEntry -->
      </class> <!-- org.ldaptive.async.AsyncSearchOperationTest -->
      <class name="org.ldaptive.beans.generate.BeanGeneratorTest">
        <test-method status="PASS" signature="generate()[pri:0, instance:org.ldaptive.beans.generate.BeanGeneratorTest@41f69e84]" name="generate" duration-ms="154" started-at="2016-03-04T16:01:59Z" finished-at="2016-03-04T16:01:59Z">
          <reporter-output>
          </reporter-output>
        </test-method> <!-- generate -->
        <test-method status="PASS" signature="generateAD()[pri:0, instance:org.ldaptive.beans.generate.BeanGeneratorTest@41f69e84]" name="generateAD" duration-ms="1" started-at="2016-03-04T16:01:59Z" finished-at="2016-03-04T16:01:59Z">
          <reporter-output>
          </reporter-output>
        </test-method> <!-- generateAD -->
      </class> <!-- org.ldaptive.beans.generate.BeanGeneratorTest -->
      <class name="org.ldaptive.control.util.VirtualListViewClientTest">
        <test-method status="PASS" signature="createLdapEntry(java.lang.String, java.lang.String, java.lang.String)[pri:0, instance:org.ldaptive.control.util.VirtualListViewClientTest@6cc4cdb9]" name="createLdapEntry" is-config="true" duration-ms="498" started-at="2016-03-04T16:02:04Z" finished-at="2016-03-04T16:02:05Z">
          <params>
            <param index="0">
              <value>
                <![CDATA[/org/ldaptive/createLdapEntry-19.ldif]]>
              </value>
            </param>
            <param index="1">
              <value>
                <![CDATA[/org/ldaptive/createLdapEntry-20.ldif]]>
              </value>
            </param>
            <param index="2">
              <value>
                <![CDATA[/org/ldaptive/createLdapEntry-21.ldif]]>
              </value>
            </param>
          </params>
          <reporter-output>
          </reporter-output>
        </test-method> <!-- createLdapEntry -->
        <test-method status="PASS" signature="execute(java.lang.String, java.lang.String)[pri:0, instance:org.ldaptive.control.util.VirtualListViewClientTest@6cc4cdb9]" name="execute" duration-ms="72" started-at="2016-03-04T16:02:05Z" finished-at="2016-03-04T16:02:05Z">
          <params>
            <param index="0">
              <value>
                <![CDATA[ou=test,dc=vt,dc=edu]]>
              </value>
            </param>
            <param index="1">
              <value>
                <![CDATA[(|(uid=19)(uid=20)(uid=21))]]>
              </value>
            </param>
          </params>
          <reporter-output>
          </reporter-output>
        </test-method> <!-- execute -->
        <test-method status="PASS" signature="deleteLdapEntry()[pri:0, instance:org.ldaptive.control.util.VirtualListViewClientTest@6cc4cdb9]" name="deleteLdapEntry" is-config="true" duration-ms="369" started-at="2016-03-04T16:02:05Z" finished-at="2016-03-04T16:02:05Z">
          <reporter-output>
          </reporter-output>
        </test-method> <!-- deleteLdapEntry -->
      </class> <!-- org.ldaptive.control.util.VirtualListViewClientTest -->
      <class name="org.ldaptive.ad.control.util.DirSyncClientTest">
        <test-method status="PASS" signature="createLdapEntry(java.lang.String, java.lang.String, java.lang.String)[pri:0, instance:org.ldaptive.ad.control.util.DirSyncClientTest@7068e664]" name="createLdapEntry" is-config="true" duration-ms="171" started-at="2016-03-04T16:01:50Z" finished-at="2016-03-04T16:01:51Z">
          <params>
            <param index="0">
              <value>
                <![CDATA[/org/ldaptive/createLdapEntry-27.ldif]]>
              </value>
            </param>
            <param index="1">
              <value>
                <![CDATA[/org/ldaptive/createLdapEntry-28.ldif]]>
              </value>
            </param>
            <param index="2">
              <value>
                <![CDATA[/org/ldaptive/createLdapEntry-29.ldif]]>
              </value>
            </param>
          </params>
          <reporter-output>
          </reporter-output>
        </test-method> <!-- createLdapEntry -->
        <test-method status="PASS" signature="execute(java.lang.String, java.lang.String)[pri:0, instance:org.ldaptive.ad.control.util.DirSyncClientTest@7068e664]" name="execute" duration-ms="1" started-at="2016-03-04T16:01:51Z" finished-at="2016-03-04T16:01:51Z">
          <params>
            <param index="0">
              <value>
                <![CDATA[ou=test,dc=vt,dc=edu]]>
              </value>
            </param>
            <param index="1">
              <value>
                <![CDATA[(|(uid=27)(uid=28)(uid=29))]]>
              </value>
            </param>
          </params>
          <reporter-output>
          </reporter-output>
        </test-method> <!-- execute -->
        <test-method status="PASS" signature="deleteLdapEntry()[pri:0, instance:org.ldaptive.ad.control.util.DirSyncClientTest@7068e664]" name="deleteLdapEntry" is-config="true" duration-ms="163" started-at="2016-03-04T16:01:51Z" finished-at="2016-03-04T16:01:51Z">
          <reporter-output>
          </reporter-output>
        </test-method> <!-- deleteLdapEntry -->
        <test-method status="PASS" signature="executeToCompletion(java.lang.String, java.lang.String)[pri:0, instance:org.ldaptive.ad.control.util.DirSyncClientTest@7068e664]" name="executeToCompletion" duration-ms="0" started-at="2016-03-04T16:01:51Z" finished-at="2016-03-04T16:01:51Z">
          <params>
            <param index="0">
              <value>
                <![CDATA[ou=test,dc=vt,dc=edu]]>
              </value>
            </param>
            <param index="1">
              <value>
                <![CDATA[(|(uid=27)(uid=28)(uid=29))]]>
              </value>
            </param>
          </params>
          <reporter-output>
          </reporter-output>
        </test-method> <!-- executeToCompletion -->
      </class> <!-- org.ldaptive.ad.control.util.DirSyncClientTest -->
      <class name="org.ldaptive.TestControl">
        <test-method status="PASS" signature="setup(java.lang.String, java.lang.String)[pri:0, instance:org.ldaptive.TestControl@1a5a4e19]" name="setup" is-config="true" duration-ms="200" started-at="2016-03-04T16:01:50Z" finished-at="2016-03-04T16:01:50Z">
          <params>
            <param index="0">
              <value>
                <![CDATA[${ldapTestsIgnoreLock}]]>
              </value>
            </param>
            <param index="1">
              <value>
                <![CDATA[uid=1,ou=test,dc=vt,dc=edu]]>
              </value>
            </param>
          </params>
          <reporter-output>
          </reporter-output>
        </test-method> <!-- setup -->
      </class> <!-- org.ldaptive.TestControl -->
      <class name="org.ldaptive.control.util.PersistentSearchClientTest">
        <test-method status="PASS" signature="createLdapEntry(java.lang.String)[pri:0, instance:org.ldaptive.control.util.PersistentSearchClientTest@e3b3b2f]" name="createLdapEntry" is-config="true" duration-ms="140" started-at="2016-03-04T16:02:04Z" finished-at="2016-03-04T16:02:04Z">
          <params>
            <param index="0">
              <value>
                <![CDATA[/org/ldaptive/createLdapEntry-31.ldif]]>
              </value>
            </param>
          </params>
          <reporter-output>
          </reporter-output>
        </test-method> <!-- createLdapEntry -->
        <test-method status="SKIP" signature="persistentSearch(java.lang.String, java.lang.String, java.lang.String)[pri:0, instance:org.ldaptive.control.util.PersistentSearchClientTest@e3b3b2f]" name="persistentSearch" duration-ms="16" started-at="2016-03-04T16:02:04Z" finished-at="2016-03-04T16:02:04Z">
          <params>
            <param index="0">
              <value>
                <![CDATA[cn=Herbert Hoover,ou=test,dc=vt,dc=edu]]>
              </value>
            </param>
            <param index="1">
              <value>
                <![CDATA[cn|mail|objectClass|sn|uid]]>
              </value>
            </param>
            <param index="2">
              <value>
                <![CDATA[/org/ldaptive/persistentSearchResults.ldif]]>
              </value>
            </param>
          </params>
          <exception class="java.lang.UnsupportedOperationException">
            <message>
              <![CDATA[Asynchronous searches not supported]]>
            </message>
            <full-stacktrace>
              <![CDATA[java.lang.UnsupportedOperationException: Asynchronous searches not supported
	at org.ldaptive.provider.jndi.JndiConnection.searchAsync(JndiConnection.java:472)
	at org.ldaptive.async.AsyncSearchOperation.invoke(AsyncSearchOperation.java:94)
	at org.ldaptive.async.AsyncSearchOperation.invoke(AsyncSearchOperation.java:26)
	at org.ldaptive.AbstractOperation.execute(AbstractOperation.java:126)
	at org.ldaptive.async.AsyncSearchOperation.access$1901(AsyncSearchOperation.java:26)
	at org.ldaptive.async.AsyncSearchOperation.lambda$execute$29(AsyncSearchOperation.java:77)
	at java.util.concurrent.FutureTask.run(FutureTask.java:266)
	at java.util.concurrent.ThreadPoolExecutor.runWorker(ThreadPoolExecutor.java:1142)
	at java.util.concurrent.ThreadPoolExecutor$Worker.run(ThreadPoolExecutor.java:617)
	at java.lang.Thread.run(Thread.java:745)
]]>
            </full-stacktrace>
          </exception> <!-- java.lang.UnsupportedOperationException -->
          <reporter-output>
          </reporter-output>
        </test-method> <!-- persistentSearch -->
        <test-method status="PASS" signature="deleteLdapEntry()[pri:0, instance:org.ldaptive.control.util.PersistentSearchClientTest@e3b3b2f]" name="deleteLdapEntry" is-config="true" duration-ms="115" started-at="2016-03-04T16:02:04Z" finished-at="2016-03-04T16:02:04Z">
          <reporter-output>
          </reporter-output>
        </test-method> <!-- deleteLdapEntry -->
      </class> <!-- org.ldaptive.control.util.PersistentSearchClientTest -->
      <class name="org.ldaptive.ModifyDnOperationTest">
        <test-method status="PASS" signature="createLdapEntry(java.lang.String)[pri:0, instance:org.ldaptive.ModifyDnOperationTest@7d9f158f]" name="createLdapEntry" is-config="true" duration-ms="49" started-at="2016-03-04T16:02:14Z" finished-at="2016-03-04T16:02:14Z">
          <params>
            <param index="0">
              <value>
                <![CDATA[/org/ldaptive/createLdapEntry-5.ldif]]>
              </value>
            </param>
          </params>
          <reporter-output>
          </reporter-output>
        </test-method> <!-- createLdapEntry -->
        <test-method status="PASS" signature="modifyDnLdapEntry(java.lang.String, java.lang.String)[pri:0, instance:org.ldaptive.ModifyDnOperationTest@7d9f158f]" name="modifyDnLdapEntry" duration-ms="10" started-at="2016-03-04T16:02:14Z" finished-at="2016-03-04T16:02:14Z">
          <params>
            <param index="0">
              <value>
                <![CDATA[cn=James Monroe,ou=test,dc=vt,dc=edu]]>
              </value>
            </param>
            <param index="1">
              <value>
                <![CDATA[cn=James Spence Monroe,ou=test,dc=vt,dc=edu]]>
              </value>
            </param>
          </params>
          <reporter-output>
          </reporter-output>
        </test-method> <!-- modifyDnLdapEntry -->
        <test-method status="PASS" signature="deleteLdapEntry()[pri:0, instance:org.ldaptive.ModifyDnOperationTest@7d9f158f]" name="deleteLdapEntry" is-config="true" duration-ms="95" started-at="2016-03-04T16:02:14Z" finished-at="2016-03-04T16:02:14Z">
          <reporter-output>
          </reporter-output>
        </test-method> <!-- deleteLdapEntry -->
      </class> <!-- org.ldaptive.ModifyDnOperationTest -->
      <class name="org.ldaptive.BindOperationTest">
        <test-method status="PASS" signature="createLdapEntry(java.lang.String)[pri:0, instance:org.ldaptive.BindOperationTest@5167f57d]" name="createLdapEntry" is-config="true" duration-ms="139" started-at="2016-03-04T16:02:02Z" finished-at="2016-03-04T16:02:02Z">
          <params>
            <param index="0">
              <value>
                <![CDATA[/org/ldaptive/createLdapEntry-32.ldif]]>
              </value>
            </param>
          </params>
          <reporter-output>
          </reporter-output>
        </test-method> <!-- createLdapEntry -->
        <test-method status="PASS" signature="bindFailure(java.lang.String)[pri:0, instance:org.ldaptive.BindOperationTest@5167f57d]" name="bindFailure" duration-ms="77" started-at="2016-03-04T16:02:02Z" finished-at="2016-03-04T16:02:02Z">
          <params>
            <param index="0">
              <value>
                <![CDATA[cn=Franklin Roosevelt,ou=test,dc=vt,dc=edu]]>
              </value>
            </param>
          </params>
          <reporter-output>
          </reporter-output>
        </test-method> <!-- bindFailure -->
        <test-method status="SKIP" signature="bindIdentityControl(java.lang.String, java.lang.String)[pri:0, instance:org.ldaptive.BindOperationTest@5167f57d]" name="bindIdentityControl" duration-ms="34" started-at="2016-03-04T16:02:02Z" finished-at="2016-03-04T16:02:02Z">
          <params>
            <param index="0">
              <value>
                <![CDATA[cn=Franklin Roosevelt,ou=test,dc=vt,dc=edu]]>
              </value>
            </param>
            <param index="1">
              <value>
                <![CDATA[password32]]>
              </value>
            </param>
          </params>
          <exception class="java.lang.UnsupportedOperationException">
            <message>
              <![CDATA[Authorization Identity Control not supported]]>
            </message>
            <full-stacktrace>
              <![CDATA[java.lang.UnsupportedOperationException: Authorization Identity Control not supported
	at org.ldaptive.BindOperationTest.bindIdentityControl(BindOperationTest.java:121)
	at sun.reflect.NativeMethodAccessorImpl.invoke0(Native Method)
	at sun.reflect.NativeMethodAccessorImpl.invoke(NativeMethodAccessorImpl.java:62)
	at sun.reflect.DelegatingMethodAccessorImpl.invoke(DelegatingMethodAccessorImpl.java:43)
	at java.lang.reflect.Method.invoke(Method.java:497)
	at org.testng.internal.MethodInvocationHelper.invokeMethod(MethodInvocationHelper.java:86)
	at org.testng.internal.Invoker.invokeMethod(Invoker.java:643)
	at org.testng.internal.Invoker.invokeTestMethod(Invoker.java:820)
	at org.testng.internal.Invoker.invokeTestMethods(Invoker.java:1128)
	at org.testng.internal.TestMethodWorker.invokeTestMethods(TestMethodWorker.java:129)
	at org.testng.internal.TestMethodWorker.run(TestMethodWorker.java:112)
	at org.testng.TestRunner.privateRun(TestRunner.java:782)
	at org.testng.TestRunner.run(TestRunner.java:632)
	at org.testng.SuiteRunner.runTest(SuiteRunner.java:366)
	at org.testng.SuiteRunner.access$000(SuiteRunner.java:39)
	at org.testng.SuiteRunner$SuiteWorker.run(SuiteRunner.java:400)
	at org.testng.internal.thread.ThreadUtil$2.call(ThreadUtil.java:64)
	at java.util.concurrent.FutureTask.run(FutureTask.java:266)
	at java.util.concurrent.ThreadPoolExecutor.runWorker(ThreadPoolExecutor.java:1142)
	at java.util.concurrent.ThreadPoolExecutor$Worker.run(ThreadPoolExecutor.java:617)
	at java.lang.Thread.run(Thread.java:745)
]]>
            </full-stacktrace>
          </exception> <!-- java.lang.UnsupportedOperationException -->
          <reporter-output>
          </reporter-output>
        </test-method> <!-- bindIdentityControl -->
        <test-method status="PASS" signature="bindSuccess(java.lang.String, java.lang.String)[pri:0, instance:org.ldaptive.BindOperationTest@5167f57d]" name="bindSuccess" duration-ms="52" started-at="2016-03-04T16:02:02Z" finished-at="2016-03-04T16:02:02Z">
          <params>
            <param index="0">
              <value>
                <![CDATA[cn=Franklin Roosevelt,ou=test,dc=vt,dc=edu]]>
              </value>
            </param>
            <param index="1">
              <value>
                <![CDATA[password32]]>
              </value>
            </param>
          </params>
          <reporter-output>
          </reporter-output>
        </test-method> <!-- bindSuccess -->
        <test-method status="PASS" signature="deleteLdapEntry()[pri:0, instance:org.ldaptive.BindOperationTest@5167f57d]" name="deleteLdapEntry" is-config="true" duration-ms="187" started-at="2016-03-04T16:02:02Z" finished-at="2016-03-04T16:02:02Z">
          <reporter-output>
          </reporter-output>
        </test-method> <!-- deleteLdapEntry -->
      </class> <!-- org.ldaptive.BindOperationTest -->
      <class name="org.ldaptive.beans.spring.NamespaceHandlerTest">
        <test-method status="PASS" signature="loadContext()[pri:0, instance:org.ldaptive.beans.spring.NamespaceHandlerTest@24105dc5]" name="loadContext" is-config="true" duration-ms="2164" started-at="2016-03-04T16:01:59Z" finished-at="2016-03-04T16:02:02Z">
          <reporter-output>
          </reporter-output>
        </test-method> <!-- loadContext -->
        <test-method status="PASS" signature="testADAuthenticator()[pri:0, instance:org.ldaptive.beans.spring.NamespaceHandlerTest@24105dc5]" name="testADAuthenticator" duration-ms="0" started-at="2016-03-04T16:02:02Z" finished-at="2016-03-04T16:02:02Z">
          <reporter-output>
          </reporter-output>
        </test-method> <!-- testADAuthenticator -->
        <test-method status="PASS" signature="testAnonSearchAuthenticator()[pri:0, instance:org.ldaptive.beans.spring.NamespaceHandlerTest@24105dc5]" name="testAnonSearchAuthenticator" duration-ms="0" started-at="2016-03-04T16:02:02Z" finished-at="2016-03-04T16:02:02Z">
          <reporter-output>
          </reporter-output>
        </test-method> <!-- testAnonSearchAuthenticator -->
        <test-method status="PASS" signature="testConnectionConfig()[pri:0, instance:org.ldaptive.beans.spring.NamespaceHandlerTest@24105dc5]" name="testConnectionConfig" duration-ms="0" started-at="2016-03-04T16:02:02Z" finished-at="2016-03-04T16:02:02Z">
          <reporter-output>
          </reporter-output>
        </test-method> <!-- testConnectionConfig -->
        <test-method status="PASS" signature="testConnectionPool()[pri:0, instance:org.ldaptive.beans.spring.NamespaceHandlerTest@24105dc5]" name="testConnectionPool" duration-ms="1" started-at="2016-03-04T16:02:02Z" finished-at="2016-03-04T16:02:02Z">
          <reporter-output>
          </reporter-output>
        </test-method> <!-- testConnectionPool -->
        <test-method status="PASS" signature="testConnectionFactory()[pri:0, instance:org.ldaptive.beans.spring.NamespaceHandlerTest@24105dc5]" name="testConnectionFactory" duration-ms="0" started-at="2016-03-04T16:02:02Z" finished-at="2016-03-04T16:02:02Z">
          <reporter-output>
          </reporter-output>
        </test-method> <!-- testConnectionFactory -->
        <test-method status="PASS" signature="testBindSearchAuthenticator()[pri:0, instance:org.ldaptive.beans.spring.NamespaceHandlerTest@24105dc5]" name="testBindSearchAuthenticator" duration-ms="0" started-at="2016-03-04T16:02:02Z" finished-at="2016-03-04T16:02:02Z">
          <reporter-output>
          </reporter-output>
        </test-method> <!-- testBindSearchAuthenticator -->
        <test-method status="PASS" signature="testSearchExecutor()[pri:0, instance:org.ldaptive.beans.spring.NamespaceHandlerTest@24105dc5]" name="testSearchExecutor" duration-ms="1" started-at="2016-03-04T16:02:02Z" finished-at="2016-03-04T16:02:02Z">
          <reporter-output>
          </reporter-output>
        </test-method> <!-- testSearchExecutor -->
        <test-method status="PASS" signature="testPooledConnectionFactory()[pri:0, instance:org.ldaptive.beans.spring.NamespaceHandlerTest@24105dc5]" name="testPooledConnectionFactory" duration-ms="0" started-at="2016-03-04T16:02:02Z" finished-at="2016-03-04T16:02:02Z">
          <reporter-output>
          </reporter-output>
        </test-method> <!-- testPooledConnectionFactory -->
        <test-method status="PASS" signature="testSaslBindSearchAuthenticator()[pri:0, instance:org.ldaptive.beans.spring.NamespaceHandlerTest@24105dc5]" name="testSaslBindSearchAuthenticator" duration-ms="0" started-at="2016-03-04T16:02:02Z" finished-at="2016-03-04T16:02:02Z">
          <reporter-output>
          </reporter-output>
        </test-method> <!-- testSaslBindSearchAuthenticator -->
        <test-method status="PASS" signature="testDirectAuthenticator()[pri:0, instance:org.ldaptive.beans.spring.NamespaceHandlerTest@24105dc5]" name="testDirectAuthenticator" duration-ms="0" started-at="2016-03-04T16:02:02Z" finished-at="2016-03-04T16:02:02Z">
          <reporter-output>
          </reporter-output>
        </test-method> <!-- testDirectAuthenticator -->
        <test-method status="PASS" signature="closePools()[pri:0, instance:org.ldaptive.beans.spring.NamespaceHandlerTest@24105dc5]" name="closePools" is-config="true" duration-ms="5" started-at="2016-03-04T16:02:02Z" finished-at="2016-03-04T16:02:02Z">
          <reporter-output>
          </reporter-output>
        </test-method> <!-- closePools -->
        <test-method status="PASS" signature="testSpringWiring()[pri:0, instance:org.ldaptive.beans.spring.NamespaceHandlerTest@24105dc5]" name="testSpringWiring" duration-ms="0" started-at="2016-03-04T16:02:02Z" finished-at="2016-03-04T16:02:02Z">
          <reporter-output>
          </reporter-output>
        </test-method> <!-- testSpringWiring -->
      </class> <!-- org.ldaptive.beans.spring.NamespaceHandlerTest -->
      <class name="org.ldaptive.extended.CancelOperationTest">
        <test-method status="SKIP" signature="cancel(java.lang.String)[pri:0, instance:org.ldaptive.extended.CancelOperationTest@7f2cfe3f]" name="cancel" duration-ms="9" started-at="2016-03-04T16:02:05Z" finished-at="2016-03-04T16:02:05Z">
          <params>
            <param index="0">
              <value>
                <![CDATA[ou=test,dc=vt,dc=edu]]>
              </value>
            </param>
          </params>
          <exception class="java.util.concurrent.ExecutionException">
            <message>
              <![CDATA[java.lang.UnsupportedOperationException: java.lang.UnsupportedOperationException: Asynchronous searches not supported]]>
            </message>
            <full-stacktrace>
              <![CDATA[java.util.concurrent.ExecutionException: java.lang.UnsupportedOperationException: java.lang.UnsupportedOperationException: Asynchronous searches not supported
	at java.util.concurrent.FutureTask.report(FutureTask.java:122)
	at java.util.concurrent.FutureTask.get(FutureTask.java:192)
	at org.ldaptive.async.FutureResponse.getResponse(FutureResponse.java:46)
	at org.ldaptive.async.FutureResponse.getResultCode(FutureResponse.java:65)
	at org.ldaptive.extended.CancelOperationTest.cancel(CancelOperationTest.java:82)
	at sun.reflect.NativeMethodAccessorImpl.invoke0(Native Method)
	at sun.reflect.NativeMethodAccessorImpl.invoke(NativeMethodAccessorImpl.java:62)
	at sun.reflect.DelegatingMethodAccessorImpl.invoke(DelegatingMethodAccessorImpl.java:43)
	at java.lang.reflect.Method.invoke(Method.java:497)
	at org.testng.internal.MethodInvocationHelper.invokeMethod(MethodInvocationHelper.java:86)
	at org.testng.internal.Invoker.invokeMethod(Invoker.java:643)
	at org.testng.internal.Invoker.invokeTestMethod(Invoker.java:820)
	at org.testng.internal.Invoker.invokeTestMethods(Invoker.java:1128)
	at org.testng.internal.TestMethodWorker.invokeTestMethods(TestMethodWorker.java:129)
	at org.testng.internal.TestMethodWorker.run(TestMethodWorker.java:112)
	at org.testng.TestRunner.privateRun(TestRunner.java:782)
	at org.testng.TestRunner.run(TestRunner.java:632)
	at org.testng.SuiteRunner.runTest(SuiteRunner.java:366)
	at org.testng.SuiteRunner.access$000(SuiteRunner.java:39)
	at org.testng.SuiteRunner$SuiteWorker.run(SuiteRunner.java:400)
	at org.testng.internal.thread.ThreadUtil$2.call(ThreadUtil.java:64)
	at java.util.concurrent.FutureTask.run(FutureTask.java:266)
	at java.util.concurrent.ThreadPoolExecutor.runWorker(ThreadPoolExecutor.java:1142)
	at java.util.concurrent.ThreadPoolExecutor$Worker.run(ThreadPoolExecutor.java:617)
	at java.lang.Thread.run(Thread.java:745)
Caused by: java.lang.UnsupportedOperationException: java.lang.UnsupportedOperationException: Asynchronous searches not supported
	at org.ldaptive.extended.CancelOperationTest.lambda$cancel$0(CancelOperationTest.java:53)
	at org.ldaptive.async.AsyncSearchOperation.lambda$execute$29(AsyncSearchOperation.java:80)
	... 4 more
Caused by: java.lang.UnsupportedOperationException: Asynchronous searches not supported
	at org.ldaptive.provider.jndi.JndiConnection.searchAsync(JndiConnection.java:472)
	at org.ldaptive.async.AsyncSearchOperation.invoke(AsyncSearchOperation.java:94)
	at org.ldaptive.async.AsyncSearchOperation.invoke(AsyncSearchOperation.java:26)
	at org.ldaptive.AbstractOperation.execute(AbstractOperation.java:126)
	at org.ldaptive.async.AsyncSearchOperation.access$1901(AsyncSearchOperation.java:26)
	at org.ldaptive.async.AsyncSearchOperation.lambda$execute$29(AsyncSearchOperation.java:77)
	... 4 more
]]>
            </full-stacktrace>
          </exception> <!-- java.util.concurrent.ExecutionException -->
          <reporter-output>
          </reporter-output>
        </test-method> <!-- cancel -->
      </class> <!-- org.ldaptive.extended.CancelOperationTest -->
      <class name="org.ldaptive.SearchOperationTest">
        <test-method status="PASS" signature="createLdapEntry(java.lang.String)[pri:0, instance:org.ldaptive.SearchOperationTest@3214ee6]" name="createLdapEntry" is-config="true" duration-ms="50" started-at="2016-03-04T16:02:15Z" finished-at="2016-03-04T16:02:15Z">
          <params>
            <param index="0">
              <value>
                <![CDATA[/org/ldaptive/createLdapEntry-2.ldif]]>
              </value>
            </param>
          </params>
          <reporter-output>
          </reporter-output>
        </test-method> <!-- createLdapEntry -->
        <test-method status="PASS" signature="createGroupEntry(java.lang.String, java.lang.String, java.lang.String, java.lang.String)[pri:0, instance:org.ldaptive.SearchOperationTest@3214ee6]" name="createGroupEntry" is-config="true" duration-ms="253" depends-on-groups="searchInit" started-at="2016-03-04T16:02:15Z" finished-at="2016-03-04T16:02:15Z">
          <params>
            <param index="0">
              <value>
                <![CDATA[/org/ldaptive/createGroupEntry-2.ldif]]>
              </value>
            </param>
            <param index="1">
              <value>
                <![CDATA[/org/ldaptive/createGroupEntry-3.ldif]]>
              </value>
            </param>
            <param index="2">
              <value>
                <![CDATA[/org/ldaptive/createGroupEntry-4.ldif]]>
              </value>
            </param>
            <param index="3">
              <value>
                <![CDATA[/org/ldaptive/createGroupEntry-5.ldif]]>
              </value>
            </param>
          </params>
          <reporter-output>
          </reporter-output>
        </test-method> <!-- createGroupEntry -->
        <test-method status="PASS" signature="openConnection()[pri:0, instance:org.ldaptive.SearchOperationTest@3214ee6]" name="openConnection" is-config="true" duration-ms="1" started-at="2016-03-04T16:02:15Z" finished-at="2016-03-04T16:02:15Z">
          <reporter-output>
          </reporter-output>
        </test-method> <!-- openConnection -->
        <test-method status="PASS" signature="createSpecialCharsEntry(java.lang.String)[pri:0, instance:org.ldaptive.SearchOperationTest@3214ee6]" name="createSpecialCharsEntry" is-config="true" duration-ms="49" started-at="2016-03-04T16:02:15Z" finished-at="2016-03-04T16:02:15Z">
          <params>
            <param index="0">
              <value>
                <![CDATA[/org/ldaptive/specialChars.ldif]]>
              </value>
            </param>
          </params>
          <reporter-output>
          </reporter-output>
        </test-method> <!-- createSpecialCharsEntry -->
        <test-method status="PASS" signature="binarySearch(java.lang.String, java.lang.String, java.lang.String, java.lang.String)[pri:0, instance:org.ldaptive.SearchOperationTest@3214ee6]" name="binarySearch" duration-ms="3" started-at="2016-03-04T16:02:15Z" finished-at="2016-03-04T16:02:15Z">
          <params>
            <param index="0">
              <value>
                <![CDATA[ou=test,dc=vt,dc=edu]]>
              </value>
            </param>
            <param index="1">
              <value>
                <![CDATA[(uid=2)]]>
              </value>
            </param>
            <param index="2">
              <value>
                <![CDATA[jpegPhoto]]>
              </value>
            </param>
            <param index="3">
              <value>
                <![CDATA[/9j/4AAQSkZJRgABAQEASABIAAD//gATQ3JlYXRlZCB3aXRoIEdJTVD/2wBDAFA3PEY8MlBGQUZaVVBfeMiCeG5uePWvuZHI////////////////////////////////////////////////////2wBDAVVaWnhpeOuCguv/////////////////////////////////////////////////////////////////////////wAARCAANABcDASIAAhEBAxEB/8QAGAAAAwEBAAAAAAAAAAAAAAAAAAIEAQP/xAAiEAEAAgIABQUAAAAAAAAAAAABAAMCEQQSMUFxISIjMnP/xAAUAQEAAAAAAAAAAAAAAAAAAAAA/8QAFBEBAAAAAAAAAAAAAAAAAAAAAP/aAAwDAQACEQMRAD8A71fHZZW+ge48MWqvG0bLMRcnZvsdpnGH0R0ryvhlAAAdCBPRTXkZ7wHWaEI/D9LP0yhA/9k=]]>
              </value>
            </param>
          </params>
          <reporter-output>
          </reporter-output>
        </test-method> <!-- binarySearch -->
        <test-method status="PASS" signature="caseChangeSearch(java.lang.String, java.lang.String, java.lang.String, java.lang.String, java.lang.String)[pri:0, instance:org.ldaptive.SearchOperationTest@3214ee6]" name="caseChangeSearch" duration-ms="7" started-at="2016-03-04T16:02:15Z" finished-at="2016-03-04T16:02:15Z">
          <params>
            <param index="0">
              <value>
                <![CDATA[ou=test,dc=vt,dc=edu]]>
              </value>
            </param>
            <param index="1">
              <value>
                <![CDATA[(uid={0})]]>
              </value>
            </param>
            <param index="2">
              <value>
                <![CDATA[2]]>
              </value>
            </param>
            <param index="3">
              <value>
                <![CDATA[departmentNumber|givenName|sn]]>
              </value>
            </param>
            <param index="4">
              <value>
                <![CDATA[/org/ldaptive/searchResults-2.ldif]]>
              </value>
            </param>
          </params>
          <reporter-output>
          </reporter-output>
        </test-method> <!-- caseChangeSearch -->
        <test-method status="PASS" signature="cramMd5Search(java.lang.String, java.lang.String, java.lang.String, java.lang.String, java.lang.String)[pri:0, instance:org.ldaptive.SearchOperationTest@3214ee6]" name="cramMd5Search" duration-ms="3" started-at="2016-03-04T16:02:15Z" finished-at="2016-03-04T16:02:15Z">
          <params>
            <param index="0">
              <value>
                <![CDATA[ou=test,dc=vt,dc=edu]]>
              </value>
            </param>
            <param index="1">
              <value>
                <![CDATA[(uid={0})]]>
              </value>
            </param>
            <param index="2">
              <value>
                <![CDATA[test3]]>
              </value>
            </param>
            <param index="3">
              <value>
                <![CDATA[cn|sn|uid]]>
              </value>
            </param>
            <param index="4">
              <value>
                <![CDATA[/org/ldaptive/test3.ldif]]>
              </value>
            </param>
          </params>
          <reporter-output>
          </reporter-output>
        </test-method> <!-- cramMd5Search -->
        <test-method status="PASS" signature="digestMd5Search(java.lang.String, java.lang.String, java.lang.String, java.lang.String, java.lang.String)[pri:0, instance:org.ldaptive.SearchOperationTest@3214ee6]" name="digestMd5Search" duration-ms="3" started-at="2016-03-04T16:02:15Z" finished-at="2016-03-04T16:02:15Z">
          <params>
            <param index="0">
              <value>
                <![CDATA[ou=test,dc=vt,dc=edu]]>
              </value>
            </param>
            <param index="1">
              <value>
                <![CDATA[(uid={0})]]>
              </value>
            </param>
            <param index="2">
              <value>
                <![CDATA[2]]>
              </value>
            </param>
            <param index="3">
              <value>
                <![CDATA[departmentNumber|givenName|sn]]>
              </value>
            </param>
            <param index="4">
              <value>
                <![CDATA[/org/ldaptive/searchResults-2.ldif]]>
              </value>
            </param>
          </params>
          <reporter-output>
          </reporter-output>
        </test-method> <!-- digestMd5Search -->
        <test-method status="PASS" signature="executorSearch(java.lang.String, java.lang.String, java.lang.String, java.lang.String, java.lang.String)[pri:0, instance:org.ldaptive.SearchOperationTest@3214ee6]" name="executorSearch" duration-ms="8" started-at="2016-03-04T16:02:15Z" finished-at="2016-03-04T16:02:15Z">
          <params>
            <param index="0">
              <value>
[...]
            <param index="0">
              <value>
                <![CDATA[cn=John Tyler,ou=test,dc=vt,dc=edu]]>
              </value>
            </param>
            <param index="1">
              <value>
                <![CDATA[jtyler@ldaptive.org]]>
              </value>
            </param>
            <param index="2">
              <value>
                <![CDATA[0830|John Tyler|John|Tyler]]>
              </value>
            </param>
          </params>
          <reporter-output>
          </reporter-output>
        </test-method> <!-- rolesOnlyContextTest -->
        <test-method status="PASS" signature="rolesOnlyContextTest(java.lang.String, java.lang.String, java.lang.String)[pri:0, instance:org.ldaptive.jaas.LdapLoginModuleTest@6bb4dd34]" name="rolesOnlyContextTest" duration-ms="46" started-at="2016-03-04T16:02:12Z" finished-at="2016-03-04T16:02:12Z">
          <params>
            <param index="0">
              <value>
                <![CDATA[cn=John Tyler,ou=test,dc=vt,dc=edu]]>
              </value>
            </param>
            <param index="1">
              <value>
                <![CDATA[jtyler@ldaptive.org]]>
              </value>
            </param>
            <param index="2">
              <value>
                <![CDATA[0830|John Tyler|John|Tyler]]>
              </value>
            </param>
          </params>
          <reporter-output>
          </reporter-output>
        </test-method> <!-- rolesOnlyContextTest -->
        <test-method status="PASS" signature="rolesOnlyContextTest(java.lang.String, java.lang.String, java.lang.String)[pri:0, instance:org.ldaptive.jaas.LdapLoginModuleTest@6bb4dd34]" name="rolesOnlyContextTest" duration-ms="46" started-at="2016-03-04T16:02:12Z" finished-at="2016-03-04T16:02:12Z">
          <params>
            <param index="0">
              <value>
                <![CDATA[cn=John Tyler,ou=test,dc=vt,dc=edu]]>
              </value>
            </param>
            <param index="1">
              <value>
                <![CDATA[jtyler@ldaptive.org]]>
              </value>
            </param>
            <param index="2">
              <value>
                <![CDATA[0830|John Tyler|John|Tyler]]>
              </value>
            </param>
          </params>
          <reporter-output>
          </reporter-output>
        </test-method> <!-- rolesOnlyContextTest -->
        <test-method status="PASS" signature="rolesOnlyContextTest(java.lang.String, java.lang.String, java.lang.String)[pri:0, instance:org.ldaptive.jaas.LdapLoginModuleTest@6bb4dd34]" name="rolesOnlyContextTest" duration-ms="46" started-at="2016-03-04T16:02:12Z" finished-at="2016-03-04T16:02:12Z">
          <params>
            <param index="0">
              <value>
                <![CDATA[cn=John Tyler,ou=test,dc=vt,dc=edu]]>
              </value>
            </param>
            <param index="1">
              <value>
                <![CDATA[jtyler@ldaptive.org]]>
              </value>
            </param>
            <param index="2">
              <value>
                <![CDATA[0830|John Tyler|John|Tyler]]>
              </value>
            </param>
          </params>
          <reporter-output>
          </reporter-output>
        </test-method> <!-- rolesOnlyContextTest -->
        <test-method status="PASS" signature="rolesOnlyContextTest(java.lang.String, java.lang.String, java.lang.String)[pri:0, instance:org.ldaptive.jaas.LdapLoginModuleTest@6bb4dd34]" name="rolesOnlyContextTest" duration-ms="46" started-at="2016-03-04T16:02:12Z" finished-at="2016-03-04T16:02:12Z">
          <params>
            <param index="0">
              <value>
                <![CDATA[cn=John Tyler,ou=test,dc=vt,dc=edu]]>
              </value>
            </param>
            <param index="1">
              <value>
                <![CDATA[jtyler@ldaptive.org]]>
              </value>
            </param>
            <param index="2">
              <value>
                <![CDATA[0830|John Tyler|John|Tyler]]>
              </value>
            </param>
          </params>
          <reporter-output>
          </reporter-output>
        </test-method> <!-- rolesOnlyContextTest -->
        <test-method status="PASS" signature="rolesOnlyContextTest(java.lang.String, java.lang.String, java.lang.String)[pri:0, instance:org.ldaptive.jaas.LdapLoginModuleTest@6bb4dd34]" name="rolesOnlyContextTest" duration-ms="47" started-at="2016-03-04T16:02:12Z" finished-at="2016-03-04T16:02:12Z">
          <params>
            <param index="0">
              <value>
                <![CDATA[cn=John Tyler,ou=test,dc=vt,dc=edu]]>
              </value>
            </param>
            <param index="1">
              <value>
                <![CDATA[jtyler@ldaptive.org]]>
              </value>
            </param>
            <param index="2">
              <value>
                <![CDATA[0830|John Tyler|John|Tyler]]>
              </value>
            </param>
          </params>
          <reporter-output>
          </reporter-output>
        </test-method> <!-- rolesOnlyContextTest -->
        <test-method status="PASS" signature="rolesOnlyContextTest(java.lang.String, java.lang.String, java.lang.String)[pri:0, instance:org.ldaptive.jaas.LdapLoginModuleTest@6bb4dd34]" name="rolesOnlyContextTest" duration-ms="47" started-at="2016-03-04T16:02:12Z" finished-at="2016-03-04T16:02:12Z">
          <params>
            <param index="0">
              <value>
                <![CDATA[cn=John Tyler,ou=test,dc=vt,dc=edu]]>
              </value>
            </param>
            <param index="1">
              <value>
                <![CDATA[jtyler@ldaptive.org]]>
              </value>
            </param>
            <param index="2">
              <value>
                <![CDATA[0830|John Tyler|John|Tyler]]>
              </value>
            </param>
          </params>
          <reporter-output>
          </reporter-output>
        </test-method> <!-- rolesOnlyContextTest -->
        <test-method status="PASS" signature="rolesRecursiveContextTest(java.lang.String, java.lang.String, java.lang.String, java.lang.String)[pri:0, instance:org.ldaptive.jaas.LdapLoginModuleTest@6bb4dd34]" name="rolesRecursiveContextTest" duration-ms="285" started-at="2016-03-04T16:02:12Z" finished-at="2016-03-04T16:02:13Z">
          <params>
            <param index="0">
              <value>
                <![CDATA[cn=John Tyler,ou=test,dc=vt,dc=edu]]>
              </value>
            </param>
            <param index="1">
              <value>
                <![CDATA[jtyler@ldaptive.org]]>
              </value>
            </param>
            <param index="2">
              <value>
                <![CDATA[0830|group6|group7|group8|group9]]>
              </value>
            </param>
            <param index="3">
              <value>
                <![CDATA[password10]]>
              </value>
            </param>
          </params>
          <reporter-output>
          </reporter-output>
        </test-method> <!-- rolesRecursiveContextTest -->
        <test-method status="PASS" signature="springPooledDnResolverContextTest(java.lang.String, java.lang.String, java.lang.String)[pri:0, instance:org.ldaptive.jaas.LdapLoginModuleTest@6bb4dd34]" name="springPooledDnResolverContextTest" duration-ms="506" started-at="2016-03-04T16:02:13Z" finished-at="2016-03-04T16:02:13Z">
          <params>
            <param index="0">
              <value>
                <![CDATA[cn=John Tyler,ou=test,dc=vt,dc=edu]]>
              </value>
            </param>
            <param index="1">
              <value>
                <![CDATA[jtyler@ldaptive.org]]>
              </value>
            </param>
            <param index="2">
              <value>
                <![CDATA[password10]]>
              </value>
            </param>
          </params>
          <reporter-output>
          </reporter-output>
        </test-method> <!-- springPooledDnResolverContextTest -->
        <test-method status="PASS" signature="springPooledDnResolverContextTest(java.lang.String, java.lang.String, java.lang.String)[pri:0, instance:org.ldaptive.jaas.LdapLoginModuleTest@6bb4dd34]" name="springPooledDnResolverContextTest" duration-ms="507" started-at="2016-03-04T16:02:13Z" finished-at="2016-03-04T16:02:13Z">
          <params>
            <param index="0">
              <value>
                <![CDATA[cn=John Tyler,ou=test,dc=vt,dc=edu]]>
              </value>
            </param>
            <param index="1">
              <value>
                <![CDATA[jtyler@ldaptive.org]]>
              </value>
            </param>
            <param index="2">
              <value>
                <![CDATA[password10]]>
              </value>
            </param>
          </params>
          <reporter-output>
          </reporter-output>
        </test-method> <!-- springPooledDnResolverContextTest -->
        <test-method status="PASS" signature="springPooledDnResolverContextTest(java.lang.String, java.lang.String, java.lang.String)[pri:0, instance:org.ldaptive.jaas.LdapLoginModuleTest@6bb4dd34]" name="springPooledDnResolverContextTest" duration-ms="8" started-at="2016-03-04T16:02:13Z" finished-at="2016-03-04T16:02:13Z">
          <params>
            <param index="0">
              <value>
                <![CDATA[cn=John Tyler,ou=test,dc=vt,dc=edu]]>
              </value>
            </param>
            <param index="1">
              <value>
                <![CDATA[jtyler@ldaptive.org]]>
              </value>
            </param>
            <param index="2">
              <value>
                <![CDATA[password10]]>
              </value>
            </param>
          </params>
          <reporter-output>
          </reporter-output>
        </test-method> <!-- springPooledDnResolverContextTest -->
        <test-method status="PASS" signature="springPooledDnResolverContextTest(java.lang.String, java.lang.String, java.lang.String)[pri:0, instance:org.ldaptive.jaas.LdapLoginModuleTest@6bb4dd34]" name="springPooledDnResolverContextTest" duration-ms="7" started-at="2016-03-04T16:02:13Z" finished-at="2016-03-04T16:02:13Z">
          <params>
            <param index="0">
              <value>
                <![CDATA[cn=John Tyler,ou=test,dc=vt,dc=edu]]>
              </value>
            </param>
            <param index="1">
              <value>
                <![CDATA[jtyler@ldaptive.org]]>
              </value>
            </param>
            <param index="2">
              <value>
                <![CDATA[password10]]>
              </value>
            </param>
          </params>
          <reporter-output>
          </reporter-output>
        </test-method> <!-- springPooledDnResolverContextTest -->
        <test-method status="PASS" signature="springPooledDnResolverContextTest(java.lang.String, java.lang.String, java.lang.String)[pri:0, instance:org.ldaptive.jaas.LdapLoginModuleTest@6bb4dd34]" name="springPooledDnResolverContextTest" duration-ms="7" started-at="2016-03-04T16:02:13Z" finished-at="2016-03-04T16:02:13Z">
          <params>
            <param index="0">
              <value>
                <![CDATA[cn=John Tyler,ou=test,dc=vt,dc=edu]]>
              </value>
            </param>
            <param index="1">
              <value>
                <![CDATA[jtyler@ldaptive.org]]>
              </value>
            </param>
            <param index="2">
              <value>
                <![CDATA[password10]]>
              </value>
            </param>
          </params>
          <reporter-output>
          </reporter-output>
        </test-method> <!-- springPooledDnResolverContextTest -->
        <test-method status="PASS" signature="springPooledDnResolverContextTest(java.lang.String, java.lang.String, java.lang.String)[pri:0, instance:org.ldaptive.jaas.LdapLoginModuleTest@6bb4dd34]" name="springPooledDnResolverContextTest" duration-ms="7" started-at="2016-03-04T16:02:13Z" finished-at="2016-03-04T16:02:13Z">
          <params>
            <param index="0">
              <value>
                <![CDATA[cn=John Tyler,ou=test,dc=vt,dc=edu]]>
              </value>
            </param>
            <param index="1">
              <value>
                <![CDATA[jtyler@ldaptive.org]]>
              </value>
            </param>
            <param index="2">
              <value>
                <![CDATA[password10]]>
              </value>
            </param>
          </params>
          <reporter-output>
          </reporter-output>
        </test-method> <!-- springPooledDnResolverContextTest -->
        <test-method status="PASS" signature="springPooledDnResolverContextTest(java.lang.String, java.lang.String, java.lang.String)[pri:0, instance:org.ldaptive.jaas.LdapLoginModuleTest@6bb4dd34]" name="springPooledDnResolverContextTest" duration-ms="8" started-at="2016-03-04T16:02:13Z" finished-at="2016-03-04T16:02:13Z">
          <params>
            <param index="0">
              <value>
                <![CDATA[cn=John Tyler,ou=test,dc=vt,dc=edu]]>
              </value>
            </param>
            <param index="1">
              <value>
                <![CDATA[jtyler@ldaptive.org]]>
              </value>
            </param>
            <param index="2">
              <value>
                <![CDATA[password10]]>
              </value>
            </param>
          </params>
          <reporter-output>
          </reporter-output>
        </test-method> <!-- springPooledDnResolverContextTest -->
        <test-method status="PASS" signature="springPooledDnResolverContextTest(java.lang.String, java.lang.String, java.lang.String)[pri:0, instance:org.ldaptive.jaas.LdapLoginModuleTest@6bb4dd34]" name="springPooledDnResolverContextTest" duration-ms="8" started-at="2016-03-04T16:02:13Z" finished-at="2016-03-04T16:02:13Z">
          <params>
            <param index="0">
              <value>
                <![CDATA[cn=John Tyler,ou=test,dc=vt,dc=edu]]>
              </value>
            </param>
            <param index="1">
              <value>
                <![CDATA[jtyler@ldaptive.org]]>
              </value>
            </param>
            <param index="2">
              <value>
                <![CDATA[password10]]>
              </value>
            </param>
          </params>
          <reporter-output>
          </reporter-output>
        </test-method> <!-- springPooledDnResolverContextTest -->
        <test-method status="PASS" signature="springPooledDnResolverContextTest(java.lang.String, java.lang.String, java.lang.String)[pri:0, instance:org.ldaptive.jaas.LdapLoginModuleTest@6bb4dd34]" name="springPooledDnResolverContextTest" duration-ms="7" started-at="2016-03-04T16:02:13Z" finished-at="2016-03-04T16:02:13Z">
          <params>
            <param index="0">
              <value>
                <![CDATA[cn=John Tyler,ou=test,dc=vt,dc=edu]]>
              </value>
            </param>
            <param index="1">
              <value>
                <![CDATA[jtyler@ldaptive.org]]>
              </value>
            </param>
            <param index="2">
              <value>
                <![CDATA[password10]]>
              </value>
            </param>
          </params>
          <reporter-output>
          </reporter-output>
        </test-method> <!-- springPooledDnResolverContextTest -->
        <test-method status="PASS" signature="springPooledDnResolverContextTest(java.lang.String, java.lang.String, java.lang.String)[pri:0, instance:org.ldaptive.jaas.LdapLoginModuleTest@6bb4dd34]" name="springPooledDnResolverContextTest" duration-ms="7" started-at="2016-03-04T16:02:13Z" finished-at="2016-03-04T16:02:13Z">
          <params>
            <param index="0">
              <value>
                <![CDATA[cn=John Tyler,ou=test,dc=vt,dc=edu]]>
              </value>
            </param>
            <param index="1">
              <value>
                <![CDATA[jtyler@ldaptive.org]]>
              </value>
            </param>
            <param index="2">
              <value>
                <![CDATA[password10]]>
              </value>
            </param>
          </params>
          <reporter-output>
          </reporter-output>
        </test-method> <!-- springPooledDnResolverContextTest -->
        <test-method status="PASS" signature="sufficientContextTest(java.lang.String, java.lang.String, java.lang.String, java.lang.String)[pri:0, instance:org.ldaptive.jaas.LdapLoginModuleTest@6bb4dd34]" name="sufficientContextTest" duration-ms="278" started-at="2016-03-04T16:02:13Z" finished-at="2016-03-04T16:02:13Z">
          <params>
            <param index="0">
              <value>
                <![CDATA[cn=John Tyler,ou=test,dc=vt,dc=edu]]>
              </value>
            </param>
            <param index="1">
              <value>
                <![CDATA[jtyler@ldaptive.org]]>
              </value>
            </param>
            <param index="2">
              <value>
                <![CDATA[0830]]>
              </value>
            </param>
            <param index="3">
              <value>
                <![CDATA[password10]]>
              </value>
            </param>
          </params>
          <reporter-output>
          </reporter-output>
        </test-method> <!-- sufficientContextTest -->
        <test-method status="PASS" signature="tryFirstContextTest(java.lang.String, java.lang.String, java.lang.String, java.lang.String)[pri:0, instance:org.ldaptive.jaas.LdapLoginModuleTest@6bb4dd34]" name="tryFirstContextTest" duration-ms="370" started-at="2016-03-04T16:02:13Z" finished-at="2016-03-04T16:02:14Z">
          <params>
            <param index="0">
              <value>
                <![CDATA[cn=John Tyler,ou=test,dc=vt,dc=edu]]>
              </value>
            </param>
            <param index="1">
              <value>
                <![CDATA[jtyler@ldaptive.org]]>
              </value>
            </param>
            <param index="2">
              <value>
                <![CDATA[0830|John Tyler|John|Tyler]]>
              </value>
            </param>
            <param index="3">
              <value>
                <![CDATA[password10]]>
              </value>
            </param>
          </params>
          <reporter-output>
          </reporter-output>
        </test-method> <!-- tryFirstContextTest -->
        <test-method status="PASS" signature="useFirstContextTest(java.lang.String, java.lang.String, java.lang.String, java.lang.String)[pri:0, instance:org.ldaptive.jaas.LdapLoginModuleTest@6bb4dd34]" name="useFirstContextTest" duration-ms="187" started-at="2016-03-04T16:02:14Z" finished-at="2016-03-04T16:02:14Z">
          <params>
            <param index="0">
              <value>
                <![CDATA[cn=John Tyler,ou=test,dc=vt,dc=edu]]>
              </value>
            </param>
            <param index="1">
              <value>
                <![CDATA[jtyler@ldaptive.org]]>
              </value>
            </param>
            <param index="2">
              <value>
                <![CDATA[0830|test-role1|test-role2]]>
              </value>
            </param>
            <param index="3">
              <value>
                <![CDATA[password10]]>
              </value>
            </param>
          </params>
          <reporter-output>
          </reporter-output>
        </test-method> <!-- useFirstContextTest -->
        <test-method status="PASS" signature="deleteAuthEntry()[pri:0, instance:org.ldaptive.jaas.LdapLoginModuleTest@6bb4dd34]" name="deleteAuthEntry" is-config="true" duration-ms="254" started-at="2016-03-04T16:02:14Z" finished-at="2016-03-04T16:02:14Z">
          <reporter-output>
          </reporter-output>
        </test-method> <!-- deleteAuthEntry -->
      </class> <!-- org.ldaptive.jaas.LdapLoginModuleTest -->
    </test> <!-- tests -->
  </suite> <!-- ldaptive -->
</testng-results>
